-------------------------------------------------------------------------------
Test set: com.quizapplication.quiz.controller.ExcelImportControllerTest
-------------------------------------------------------------------------------
Tests run: 5, Failures: 2, Errors: 0, Skipped: 0, Time elapsed: 11.27 s <<< FAILURE! -- in com.quizapplication.quiz.controller.ExcelImportControllerTest
com.quizapplication.quiz.controller.ExcelImportControllerTest.testDownloadTemplate_ServerError -- Time elapsed: 1.922 s <<< FAILURE!
java.lang.AssertionError: Status expected:<500> but was:<200>
	at org.springframework.test.util.AssertionErrors.fail(AssertionErrors.java:59)
	at org.springframework.test.util.AssertionErrors.assertEquals(AssertionErrors.java:122)
	at org.springframework.test.web.servlet.result.StatusResultMatchers.lambda$matcher$9(StatusResultMatchers.java:637)
	at org.springframework.test.web.servlet.MockMvc$1.andExpect(MockMvc.java:214)
	at com.quizapplication.quiz.controller.ExcelImportControllerTest.testDownloadTemplate_ServerError(ExcelImportControllerTest.java:92)
	at java.base/java.lang.reflect.Method.invoke(Method.java:580)
	at java.base/java.util.ArrayList.forEach(ArrayList.java:1597)
	at java.base/java.util.ArrayList.forEach(ArrayList.java:1597)

com.quizapplication.quiz.controller.ExcelImportControllerTest.testDownloadTemplate_Success -- Time elapsed: 0.427 s <<< FAILURE!
java.lang.AssertionError: Response content expected:<{80, 75, 3, 4, 20, 0, 8, 8, 8, 0, 33, 25, -74, 88, 0, 0, 0, 0, 0, 0, 0, 0, 0, 0, 0, 0, 19, 0, 0, 0, 91, 67, 111, 110, 116, 101, 110, 116, 95, 84, 121, 112, 101, 115, 93, 46, 120, 109, 108, -75, 83, -53, 110, -62, 48, 16, -4, -107, -56, -41, 42, 54, -12, 80, 85, 21, -127, 67, 31, -57, 22, -87, -12, 3, 92, 123, -109, 88, -8, 37, -81, -95, -16, -9, 93, 7, 56, -108, 82, -119, 10, 113, -14, 99, 102, 103, 102, 87, -10, 100, -74, 113, -74, 90, 67, 66, 19, 124, -61, -58, 124, -60, 42, -16, 42, 104, -29, -69, -122, 125, 44, 94, -22, 123, 86, 97, -106, 94, 75, 27, 60, 52, -52, 7, 54, -101, 78, 22, -37, 8, 88, 81, -87, -57, -122, -11, 57, -57, 7, 33, 80, -11, -32, 36, -14, 16, -63, 19, -46, -122, -28, 100, -90, 99, -22, 68, -108, 106, 41, 59, 16, -73, -93, -47, -99, 80, -63, 103, -16, -71, -50, 69, -125, 77, 39, 79, -48, -54, -107, -51, -43, -29, -18, -66, 72, 55, 76, -58, 104, -115, -110, -103, 82, -119, -75, -41, 71, -94, -11, 94, -112, 39, -80, 3, 7, 123, 19, -15, -122, 8, -84, 122, -34, -112, -54, -82, 27, 66, -111, -119, 51, 28, -114, 11, -53, -103, -22, -34, 104, 46, -55, 104, -8, 87, -76, -48, -74, 70, -127, 14, 106, -27, -88, -124, 67, 81, -43, -96, -21, -104, -120, -104, -78, -127, 125, -50, -71, 76, -7, 85, 58, 18, 20, 68, -98, 19, -118, -126, -92, -7, 37, -34, -121, -79, -88, -112, -32, 44, -61, 66, -68, -56, -15, -88, 91, -116, 9, -92, -58, 30, 32, 59, -53, -79, -105, 9, -12, 123, 78, -12, -104, 126, -121, -40, 88, -15, -125, 112, -59, 28, 121, 107, 79, 76, -95, 4, 24, -112, 107, 78, -128, 86, -18, -92, -15, -89, -36, -65, 66, 90, 126, -122, -80, -68, -98, 127, 113, 24, -10, 127, -39, 15, 32, -118, 97, 25, 31, 114, -120, -31, 123, 79, -65, 1, 80, 75, 7, 8, 122, -108, -54, 113, 59, 1, 0, 0, 28, 4, 0, 0, 80, 75, 3, 4, 20, 0, 8, 8, 8, 0, 33, 25, -74, 88, 0, 0, 0, 0, 0, 0, 0, 0, 0, 0, 0, 0, 11, 0, 0, 0, 95, 114, 101, 108, 115, 47, 46, 114, 101, 108, 115, -83, -110, -63, 106, -61, 48, 12, -122, 95, -59, -24, -34, 56, -19, 96, -116, 81, -73, -105, 50, -24, 109, -116, -18, 1, 52, 91, 73, 76, 98, -53, -40, -38, -106, -67, -3, -52, 46, 91, 75, 10, 27, -20, 40, 36, 125, -1, 7, -46, 118, 63, -121, 73, -67, 81, 46, -98, -93, -127, 117, -45, -126, -94, 104, -39, -7, -40, 27, 120, 62, 61, -84, -18, 64, 21, -63, -24, 112, -30, 72, 6, 34, -61, 126, -73, 125, -94, 9, -91, 110, -108, -63, -89, -94, 42, 34, 22, 3, -125, 72, -70, -41, -70, -40, -127, 2, -106, -122, 19, -59, -38, -23, 56, 7, -108, 90, -26, 94, 39, -76, 35, -10, -92, 55, 109, 123, -85, -13, 79, 6, -100, 51, -43, -47, 25, -56, 71, -73, 6, 117, -62, -36, -109, 24, -104, 39, -3, -50, 121, 124, 97, 30, -101, -118, -83, -115, -113, 68, -65, 9, -27, -82, -13, -106, 14, 108, 95, 3, 69, 89, -56, -66, -104, 0, -67, -20, -78, -7, 118, 113, 108, 31, 51, -41, 77, 76, -23, -65, 101, 104, 22, -118, -114, -36, 42, -43, 4, -54, -30, -87, 92, 51, -70, 89, 48, -78, -100, -23, 111, 74, -41, -113, -94, 3, 9, 58, 20, -4, -94, 94, 8, -23, -77, 31, -40, 125, 2, 80, 75, 7, 8, -89, -116, 122, -67, -29, 0, 0, 0, 73, 2, 0, 0, 80, 75, 3, 4, 20, 0, 8, 8, 8, 0, 33, 25, -74, 88, 0, 0, 0, 0, 0, 0, 0, 0, 0, 0, 0, 0, 16, 0, 0, 0, 100, 111, 99, 80, 114, 111, 112, 115, 47, 97, 112, 112, 46, 120, 109, 108, 77, -114, -63, 10, -62, 48, 16, 68, -17, -126, -1, 16, 114, 111, -73, 122, 16, -111, 52, -91, 32, -126, 39, 123, -48, 15, 8, -23, -42, 6, -102, 77, 72, 86, -23, -25, -101, -109, 122, -100, 25, -26, -15, 84, -73, -6, 69, -68, 49, 101, 23, -88, -107, -69, -70, -111, 2, -55, -122, -47, -47, -77, -107, -113, -5, -91, 58, -54, 78, 111, 55, 106, 72, 33, 98, 98, -121, 89, -108, 7, -27, 86, -50, -52, -15, 4, -112, -19, -116, -34, -28, -70, -52, 84, -106, 41, 36, 111, -72, -60, -12, -124, 48, 77, -50, -30, 57, -40, -105, 71, 98, -40, 55, -51, 1, 112, 101, -92, 17, -57, 42, 126, -127, 82, -85, 62, -58, -59, 89, -61, 69, 66, -9, -47, 20, -92, 24, 110, 87, 5, -1, -67, -126, -97, -125, -2, 0, 80, 75, 7, 8, 54, 110, -125, 33, -109, 0, 0, 0, -72, 0, 0, 0, 80, 75, 3, 4, 20, 0, 8, 8, 8, 0, 33, 25, -74, 88, 0, 0, 0, 0, 0, 0, 0, 0, 0, 0, 0, 0, 17, 0, 0, 0, 100, 111, 99, 80, 114, 111, 112, 115, 47, 99, 111, 114, 101, 46, 120, 109, 108, 109, -112, -35, 74, -60, 48, 16, 70, 95, -91, -28, -66, -99, 52, -85, -94, -95, -19, 34, -54, -126, -96, -72, -32, -54, -118, 119, 33, 25, -37, 98, -13, 67, 18, -19, -6, -10, -90, 117, -83, -96, -34, 37, -7, -50, 28, 38, 95, -75, 62, -24, 33, 123, 71, 31, 122, 107, 106, 82, 22, -108, 100, 104, -92, 85, -67, 105, 107, -14, -72, -37, -28, -25, 36, 11, 81, 24, 37, 6, 107, -80, 38, -58, -110, 117, 83, 73, -57, -91, -11, -72, -11, -42, -95, -113, 61, -122, 44, 105, 76, -32, -46, -43, -92, -117, -47, 113, -128, 32, 59, -44, 34, 20, -119, 48, 41, 124, -79, 94, -117, -104, -82, -66, 5, 39, -28, -85, 104, 17, 24, -91, 103, -96, 49, 10, 37, -94, -128, 73, -104, -69, -59, 72, -114, 74, 37, 23, -91, 123, -13, -61, 44, 80, 18, 112, 64, -115, 38, 6, 40, -117, 18, 126, -40, -120, 94, -121, 127, 7, -26, 100, 33, 15, -95, 95, -88, 113, 28, -117, 113, 53, 115, 105, -93, 18, -98, -18, 110, 31, -26, -27, -13, -34, 76, 95, -105, 72, -102, -22, -88, -26, -46, -93, -120, -88, -78, 36, -32, -15, -61, -91, 70, -66, -109, -3, -22, -22, 122, -73, 33, 13, -93, -20, 36, -89, -89, 57, 99, 59, -54, 56, -67, -32, -108, 61, 87, -16, 107, 126, 18, 126, -99, -83, 111, 46, 83, 33, 29, 102, -37, -5, -101, -119, 91, -98, 43, -8, 83, 115, -13, 9, 80, 75, 7, 8, -59, 58, -21, -49, 5, 1, 0, 0, -80, 1, 0, 0, 80, 75, 3, 4, 20, 0, 8, 8, 8, 0, 33, 25, -74, 88, 0, 0, 0, 0, 0, 0, 0, 0, 0, 0, 0, 0, 20, 0, 0, 0, 120, 108, 47, 115, 104, 97, 114, 101, 100, 83, 116, 114, 105, 110, 103, 115, 46, 120, 109, 108, 61, -116, 65, 10, -62, 48, 16, 0, -17, -126, 127, 8, 123, -73, -119, 30, 68, -92, 105, 15, -126, 47, -48, 7, -124, 116, 109, 2, -51, 38, 102, 55, -30, -13, -51, -55, -29, 48, -61, -116, -13, 55, 109, -22, -125, -107, 99, 38, 11, -57, -63, -128, 66, -14, 121, -119, -76, 90, 120, 62, -18, -121, 11, -52, -45, 126, 55, 50, -117, -14, -71, -111, 88, -24, 73, -93, -8, 110, 120, -5, 115, -97, 16, 91, 8, 34, -27, -86, 53, -5, -128, -55, -15, -112, 11, 82, 55, -81, 92, -109, -109, -114, 117, -43, 92, 42, -70, -123, 3, -94, -92, 77, -97, -116, 57, -21, -28, 34, -127, -98, 126, 80, 75, 7, 8, 104, -81, -73, -114, 121, 0, 0, 0, -118, 0, 0, 0, 80, 75, 3, 4, 20, 0, 8, 8, 8, 0, 33, 25, -74, 88, 0, 0, 0, 0, 0, 0, 0, 0, 0, 0, 0, 0, 13, 0, 0, 0, 120, 108, 47, 115, 116, 121, 108, 101, 115, 46, 120, 109, 108, -91, -110, -79, 110, -61, 32, 16, -122, -9, 74, 125, 7, -60, -34, -32, 100, -88, -94, -54, 38, 67, 37, 87, -99, -109, 74, 93, -119, 57, -37, -88, 112, 88, 64, 34, -69, 79, 95, 48, 78, -109, 76, 29, 58, -35, -35, -49, -3, 31, -121, -49, -27, 110, 52, -102, -100, -63, 121, 101, -79, -94, -21, 85, 65, 9, 96, 99, -91, -62, -82, -94, 31, -121, -6, 105, 75, 119, -4, -15, -95, -12, 97, -46, -80, -17, 1, 2, -119, 14, -12, 21, -19, 67, 24, 94, 24, -13, 77, 15, 70, -8, -107, 29, 0, -29, 73, 107, -99, 17, 33, -106, -82, 99, 126, 112, 32, -92, 79, 38, -93, -39, -90, 40, -98, -103, 17, 10, 41, 47, -15, 100, 106, 19, 60, 105, -20, 9, 67, 69, 11, -54, 120, -39, 90, -68, 42, 107, -102, 5, 94, -6, 111, 114, 22, 58, 42, 105, -74, -40, -42, 88, 109, 29, 81, 40, 97, 4, 89, -47, 109, -46, 80, 24, -56, 93, -81, 66, -85, -93, 83, 51, 79, 24, -91, -89, 44, 111, -110, 48, 79, -70, -12, 25, -123, -42, 37, -111, -27, 91, -26, -32, -93, 73, 105, -3, 59, -60, -122, 102, -127, -105, -125, 8, 1, 28, -42, -79, 32, 75, 126, -104, 6, -88, 40, 90, -124, -116, -103, -5, -2, -24, -106, -62, 125, -67, 57, 49, -35, 56, -26, 16, 47, 62, 90, 39, -29, 22, 110, -33, -97, 37, 94, 106, 104, 67, 52, 56, -43, -11, 41, 6, 59, -80, 116, 24, -126, 53, 49, -111, 74, 116, 22, -123, 78, -56, -117, 99, 73, 34, -74, 1, -83, -9, 105, 117, -97, -19, 29, 123, 108, 73, -34, -63, -69, 76, -97, -97, -92, -25, 95, -46, 56, -48, -110, 102, 76, 46, 18, -1, -106, -106, -39, -1, -58, -110, -79, -67, -25, -49, 104, 118, -3, -35, -8, 15, 80, 75, 7, 8, -82, -111, -109, -42, 69, 1, 0, 0, -93, 2, 0, 0, 80, 75, 3, 4, 20, 0, 8, 8, 8, 0, 33, 25, -74, 88, 0, 0, 0, 0, 0, 0, 0, 0, 0, 0, 0, 0, 15, 0, 0, 0, 120, 108, 47, 119, 111, 114, 107, 98, 111, 111, 107, 46, 120, 109, 108, -115, -114, -51, 78, -61, 48, 16, -124, -17, 72, -68, -125, -75, 119, 106, 7, 16, -126, 40, 78, 47, 21, 82, 111, 28, 2, -9, -83, -77, 105, -84, -58, 63, 90, -101, -106, -57, -57, 73, 21, -32, -56, 105, 53, -102, 111, 103, -90, -39, 126, -71, 73, -100, -119, -109, 13, 94, 67, -75, 81, 32, -56, -101, -48, 91, 127, -44, -16, -34, -67, -34, 61, -61, -74, -67, -67, 105, 46, -127, 79, -121, 16, 78, -94, -16, 62, 105, 24, 115, -114, -75, -108, -55, -116, -28, 48, 109, 66, 36, 95, -100, 33, -80, -61, 92, 36, 31, 101, -118, 76, -40, -89, -111, 40, -69, 73, -34, 43, -11, 36, 29, 90, 15, -41, -124, -102, -1, -109, 17, -122, -63, 26, -38, 5, -13, -23, -56, -25, 107, 8, -45, -124, -71, -84, 77, -93, -115, 9, -38, -97, 101, 111, 44, 122, -52, 84, -67, -88, 71, 13, 3, 78, -119, 64, -74, -51, -20, 124, 88, -70, -92, 95, 112, -106, 2, 77, -74, 103, -22, -16, -96, 65, -51, -100, -4, 3, 46, -101, -41, 43, 60, 58, -46, -48, -111, -117, -91, -105, 64, 112, 109, 123, 13, -68, -17, 31, 64, 44, -60, -66, -56, 106, -55, 88, 31, -27, 90, -43, 126, 3, 80, 75, 7, 8, 23, 69, 52, -47, -36, 0, 0, 0, 96, 1, 0, 0, 80, 75, 3, 4, 20, 0, 8, 8, 8, 0, 33, 25, -74, 88, 0, 0, 0, 0, 0, 0, 0, 0, 0, 0, 0, 0, 26, 0, 0, 0, 120, 108, 47, 95, 114, 101, 108, 115, 47, 119, 111, 114, 107, 98, 111, 111, 107, 46, 120, 109, 108, 46, 114, 101, 108, 115, -83, -111, 77, 107, -61, 48, 12, 64, -1, -118, -47, 125, 113, -46, -63, 24, -93, 110, 47, 99, -48, -21, -42, -3, 0, 99, 43, 113, 104, 34, 25, 75, -5, -24, -65, -97, -69, -61, -42, 64, 7, 59, -12, 36, -116, -16, 123, 15, -76, -34, 126, -50, -109, 121, -57, 34, 35, -109, -125, -82, 105, -63, 32, 5, -114, 35, 13, 14, 94, -9, 79, 55, -9, 96, 68, 61, 69, 63, 49, -95, 3, 98, -40, 110, -42, -49, 56, 121, -83, 63, 36, -115, 89, 76, 69, -112, 56, 72, -86, -7, -63, 90, 9, 9, 103, 47, 13, 103, -92, -70, -23, -71, -52, 94, -21, -77, 12, 54, -5, 112, -16, 3, -38, 85, -37, -34, -39, 114, -50, -128, 37, -45, -20, -94, -125, -78, -117, 29, -104, -67, 47, 3, -86, 3, 73, -66, 96, 124, -47, 82, -53, -92, -87, -32, -70, 58, 102, -4, -113, -106, -5, 126, 12, -8, -56, -31, 109, 70, -46, 11, 118, -69, -128, -125, -67, 28, -77, 58, -117, -47, -29, -124, -41, -81, -8, -90, -2, -91, -65, -3, -43, 127, 112, 57, 72, 66, -44, 83, 121, 29, -35, -75, 75, 126, 4, -89, 24, -69, -72, -10, -26, 11, 80, 75, 7, 8, -122, 3, 59, -111, -44, 0, 0, 0, 51, 2, 0, 0, 80, 75, 3, 4, 20, 0, 8, 8, 8, 0, 33, 25, -74, 88, 0, 0, 0, 0, 0, 0, 0, 0, 0, 0, 0, 0, 24, 0, 0, 0, 120, 108, 47, 119, 111, 114, 107, 115, 104, 101, 101, 116, 115, 47, 115, 104, 101, 101, 116, 49, 46, 120, 109, 108, 101, 80, 77, 75, -60, 64, 12, -67, 11, -2, -121, 33, 119, 59, 93, 101, 85, -92, -19, 34, -56, -94, 7, 65, -4, -70, 79, -37, -76, 29, -74, 51, 41, -103, -84, -11, -25, 59, -45, -43, 85, -16, -106, -105, -28, -27, -67, -105, 98, -13, -23, 70, -11, -127, 28, 44, -7, 18, 86, 89, 14, 10, 125, 67, -83, -11, 125, 9, 111, -81, -37, -77, 107, -40, 84, -89, 39, -59, 76, -68, 11, 3, -94, -88, 72, -16, -95, -124, 65, 100, -70, -47, 58, 52, 3, 58, 19, 50, -102, -48, -57, 73, 71, -20, -116, 68, -56, -67, 14, 19, -93, 105, 23, -110, 27, -11, 121, -98, 95, 106, 103, -84, -121, -86, 104, -83, 67, -97, 20, 21, 99, 87, -62, -19, 10, 116, 85, 44, -117, -17, 22, -25, -16, -89, 86, 73, -73, 38, -38, 37, -16, -48, -106, 16, -3, -119, -87, 95, 112, -60, 70, 48, 98, -31, 61, 38, -74, -2, 71, -33, 46, 86, -98, 88, -75, -40, -103, -3, 40, -49, 52, -33, -93, -19, 7, -119, 49, -41, 49, -25, -113, -28, -99, 17, 83, 21, 76, -77, -30, 56, -7, -67, 117, -24, 79, -90, -57, 71, -61, -67, -11, 65, -43, 36, 66, 46, 122, -56, -82, -42, -96, 58, 34, 65, 78, -24, 2, -44, 16, -109, 30, -63, -120, -99, 44, 91, -96, -8, 32, -72, -44, 66, -45, 55, 55, 105, 28, 31, 90, 125, 1, 80, 75, 7, 8, -83, 105, 71, 50, -5, 0, 0, 0, -124, 1, 0, 0, 80, 75, 1, 2, 20, 0, 20, 0, 8, 8, 8, 0, 33, 25, -74, 88, 122, -108, -54, 113, 59, 1, 0, 0, 28, 4, 0, 0, 19, 0, 0, 0, 0, 0, 0, 0, 0, 0, 0, 0, 0, 0, 0, 0, 0, 0, 91, 67, 111, 110, 116, 101, 110, 116, 95, 84, 121, 112, 101, 115, 93, 46, 120, 109, 108, 80, 75, 1, 2, 20, 0, 20, 0, 8, 8, 8, 0, 33, 25, -74, 88, -89, -116, 122, -67, -29, 0, 0, 0, 73, 2, 0, 0, 11, 0, 0, 0, 0, 0, 0, 0, 0, 0, 0, 0, 0, 0, 124, 1, 0, 0, 95, 114, 101, 108, 115, 47, 46, 114, 101, 108, 115, 80, 75, 1, 2, 20, 0, 20, 0, 8, 8, 8, 0, 33, 25, -74, 88, 54, 110, -125, 33, -109, 0, 0, 0, -72, 0, 0, 0, 16, 0, 0, 0, 0, 0, 0, 0, 0, 0, 0, 0, 0, 0, -104, 2, 0, 0, 100, 111, 99, 80, 114, 111, 112, 115, 47, 97, 112, 112, 46, 120, 109, 108, 80, 75, 1, 2, 20, 0, 20, 0, 8, 8, 8, 0, 33, 25, -74, 88, -59, 58, -21, -49, 5, 1, 0, 0, -80, 1, 0, 0, 17, 0, 0, 0, 0, 0, 0, 0, 0, 0, 0, 0, 0, 0, 105, 3, 0, 0, 100, 111, 99, 80, 114, 111, 112, 115, 47, 99, 111, 114, 101, 46, 120, 109, 108, 80, 75, 1, 2, 20, 0, 20, 0, 8, 8, 8, 0, 33, 25, -74, 88, 104, -81, -73, -114, 121, 0, 0, 0, -118, 0, 0, 0, 20, 0, 0, 0, 0, 0, 0, 0, 0, 0, 0, 0, 0, 0, -83, 4, 0, 0, 120, 108, 47, 115, 104, 97, 114, 101, 100, 83, 116, 114, 105, 110, 103, 115, 46, 120, 109, 108, 80, 75, 1, 2, 20, 0, 20, 0, 8, 8, 8, 0, 33, 25, -74, 88, -82, -111, -109, -42, 69, 1, 0, 0, -93, 2, 0, 0, 13, 0, 0, 0, 0, 0, 0, 0, 0, 0, 0, 0, 0, 0, 104, 5, 0, 0, 120, 108, 47, 115, 116, 121, 108, 101, 115, 46, 120, 109, 108, 80, 75, 1, 2, 20, 0, 20, 0, 8, 8, 8, 0, 33, 25, -74, 88, 23, 69, 52, -47, -36, 0, 0, 0, 96, 1, 0, 0, 15, 0, 0, 0, 0, 0, 0, 0, 0, 0, 0, 0, 0, 0, -24, 6, 0, 0, 120, 108, 47, 119, 111, 114, 107, 98, 111, 111, 107, 46, 120, 109, 108, 80, 75, 1, 2, 20, 0, 20, 0, 8, 8, 8, 0, 33, 25, -74, 88, -122, 3, 59, -111, -44, 0, 0, 0, 51, 2, 0, 0, 26, 0, 0, 0, 0, 0, 0, 0, 0, 0, 0, 0, 0, 0, 1, 8, 0, 0, 120, 108, 47, 95, 114, 101, 108, 115, 47, 119, 111, 114, 107, 98, 111, 111, 107, 46, 120, 109, 108, 46, 114, 101, 108, 115, 80, 75, 1, 2, 20, 0, 20, 0, 8, 8, 8, 0, 33, 25, -74, 88, -83, 105, 71, 50, -5, 0, 0, 0, -124, 1, 0, 0, 24, 0, 0, 0, 0, 0, 0, 0, 0, 0, 0, 0, 0, 0, 29, 9, 0, 0, 120, 108, 47, 119, 111, 114, 107, 115, 104, 101, 101, 116, 115, 47, 115, 104, 101, 101, 116, 49, 46, 120, 109, 108, 80, 75, 5, 6, 0, 0, 0, 0, 9, 0, 9, 0, 63, 2, 0, 0, 94, 10, 0, 0, 0, 0}> but was:<{80, 75, 3, 4, 20, 0, 8, 8, 8, 0, 33, 25, -74, 88, 0, 0, 0, 0, 0, 0, 0, 0, 0, 0, 0, 0, 19, 0, 0, 0, 91, 67, 111, 110, 116, 101, 110, 116, 95, 84, 121, 112, 101, 115, 93, 46, 120, 109, 108, -75, 83, -53, 110, -62, 48, 16, -4, -107, -56, -41, 42, 54, -12, 80, 85, 21, -127, 67, 31, -57, 22, -87, -12, 3, 92, 123, -109, 88, -8, 37, -81, -95, -16, -9, 93, 7, 56, -108, 82, -119, 10, 113, -14, 99, 102, 103, 102, 87, -10, 100, -74, 113, -74, 90, 67, 66, 19, 124, -61, -58, 124, -60, 42, -16, 42, 104, -29, -69, -122, 125, 44, 94, -22, 123, 86, 97, -106, 94, 75, 27, 60, 52, -52, 7, 54, -101, 78, 22, -37, 8, 88, 81, -87, -57, -122, -11, 57, -57, 7, 33, 80, -11, -32, 36, -14, 16, -63, 19, -46, -122, -28, 100, -90, 99, -22, 68, -108, 106, 41, 59, 16, -73, -93, -47, -99, 80, -63, 103, -16, -71, -50, 69, -125, 77, 39, 79, -48, -54, -107, -51, -43, -29, -18, -66, 72, 55, 76, -58, 104, -115, -110, -103, 82, -119, -75, -41, 71, -94, -11, 94, -112, 39, -80, 3, 7, 123, 19, -15, -122, 8, -84, 122, -34, -112, -54, -82, 27, 66, -111, -119, 51, 28, -114, 11, -53, -103, -22, -34, 104, 46, -55, 104, -8, 87, -76, -48, -74, 70, -127, 14, 106, -27, -88, -124, 67, 81, -43, -96, -21, -104, -120, -104, -78, -127, 125, -50, -71, 76, -7, 85, 58, 18, 20, 68, -98, 19, -118, -126, -92, -7, 37, -34, -121, -79, -88, -112, -32, 44, -61, 66, -68, -56, -15, -88, 91, -116, 9, -92, -58, 30, 32, 59, -53, -79, -105, 9, -12, 123, 78, -12, -104, 126, -121, -40, 88, -15, -125, 112, -59, 28, 121, 107, 79, 76, -95, 4, 24, -112, 107, 78, -128, 86, -18, -92, -15, -89, -36, -65, 66, 90, 126, -122, -80, -68, -98, 127, 113, 24, -10, 127, -39, 15, 32, -118, 97, 25, 31, 114, -120, -31, 123, 79, -65, 1, 80, 75, 7, 8, 122, -108, -54, 113, 59, 1, 0, 0, 28, 4, 0, 0, 80, 75, 3, 4, 20, 0, 8, 8, 8, 0, 33, 25, -74, 88, 0, 0, 0, 0, 0, 0, 0, 0, 0, 0, 0, 0, 11, 0, 0, 0, 95, 114, 101, 108, 115, 47, 46, 114, 101, 108, 115, -83, -110, -63, 106, -61, 48, 12, -122, 95, -59, -24, -34, 56, -19, 96, -116, 81, -73, -105, 50, -24, 109, -116, -18, 1, 52, 91, 73, 76, 98, -53, -40, -38, -106, -67, -3, -52, 46, 91, 75, 10, 27, -20, 40, 36, 125, -1, 7, -46, 118, 63, -121, 73, -67, 81, 46, -98, -93, -127, 117, -45, -126, -94, 104, -39, -7, -40, 27, 120, 62, 61, -84, -18, 64, 21, -63, -24, 112, -30, 72, 6, 34, -61, 126, -73, 125, -94, 9, -91, 110, -108, -63, -89, -94, 42, 34, 22, 3, -125, 72, -70, -41, -70, -40, -127, 2, -106, -122, 19, -59, -38, -23, 56, 7, -108, 90, -26, 94, 39, -76, 35, -10, -92, 55, 109, 123, -85, -13, 79, 6, -100, 51, -43, -47, 25, -56, 71, -73, 6, 117, -62, -36, -109, 24, -104, 39, -3, -50, 121, 124, 97, 30, -101, -118, -83, -115, -113, 68, -65, 9, -27, -82, -13, -106, 14, 108, 95, 3, 69, 89, -56, -66, -104, 0, -67, -20, -78, -7, 118, 113, 108, 31, 51, -41, 77, 76, -23, -65, 101, 104, 22, -118, -114, -36, 42, -43, 4, -54, -30, -87, 92, 51, -70, 89, 48, -78, -100, -23, 111, 74, -41, -113, -94, 3, 9, 58, 20, -4, -94, 94, 8, -23, -77, 31, -40, 125, 2, 80, 75, 7, 8, -89, -116, 122, -67, -29, 0, 0, 0, 73, 2, 0, 0, 80, 75, 3, 4, 20, 0, 8, 8, 8, 0, 33, 25, -74, 88, 0, 0, 0, 0, 0, 0, 0, 0, 0, 0, 0, 0, 16, 0, 0, 0, 100, 111, 99, 80, 114, 111, 112, 115, 47, 97, 112, 112, 46, 120, 109, 108, 77, -114, -63, 10, -62, 48, 16, 68, -17, -126, -1, 16, 114, 111, -73, 122, 16, -111, 52, -91, 32, -126, 39, 123, -48, 15, 8, -23, -42, 6, -102, 77, 72, 86, -23, -25, -101, -109, 122, -100, 25, -26, -15, 84, -73, -6, 69, -68, 49, 101, 23, -88, -107, -69, -70, -111, 2, -55, -122, -47, -47, -77, -107, -113, -5, -91, 58, -54, 78, 111, 55, 106, 72, 33, 98, 98, -121, 89, -108, 7, -27, 86, -50, -52, -15, 4, -112, -19, -116, -34, -28, -70, -52, 84, -106, 41, 36, 111, -72, -60, -12, -124, 48, 77, -50, -30, 57, -40, -105, 71, 98, -40, 55, -51, 1, 112, 101, -92, 17, -57, 42, 126, -127, 82, -85, 62, -58, -59, 89, -61, 69, 66, -9, -47, 20, -92, 24, 110, 87, 5, -1, -67, -126, -97, -125, -2, 0, 80, 75, 7, 8, 54, 110, -125, 33, -109, 0, 0, 0, -72, 0, 0, 0, 80, 75, 3, 4, 20, 0, 8, 8, 8, 0, 33, 25, -74, 88, 0, 0, 0, 0, 0, 0, 0, 0, 0, 0, 0, 0, 17, 0, 0, 0, 100, 111, 99, 80, 114, 111, 112, 115, 47, 99, 111, 114, 101, 46, 120, 109, 108, 109, -112, -35, 74, -60, 48, 16, 70, 95, -91, -28, -66, -99, 52, -85, -94, -95, -19, 34, -54, -126, -96, -72, -32, -54, -118, 119, 33, 25, -37, 98, -13, 67, 18, -19, -6, -10, -90, 117, -83, -96, -34, 37, -7, -50, 28, 38, 95, -75, 62, -24, 33, 123, 71, 31, 122, 107, 106, 82, 22, -108, 100, 104, -92, 85, -67, 105, 107, -14, -72, -37, -28, -25, 36, 11, 81, 24, 37, 6, 107, -80, 38, -58, -110, 117, 83, 73, -57, -91, -11, -72, -11, -42, -95, -113, 61, -122, 44, 105, 76, -32, -46, -43, -92, -117, -47, 113, -128, 32, 59, -44, 34, 20, -119, 48, 41, 124, -79, 94, -117, -104, -82, -66, 5, 39, -28, -85, 104, 17, 24, -91, 103, -96, 49, 10, 37, -94, -128, 73, -104, -69, -59, 72, -114, 74, 37, 23, -91, 123, -13, -61, 44, 80, 18, 112, 64, -115, 38, 6, 40, -117, 18, 126, -40, -120, 94, -121, 127, 7, -26, 100, 33, 15, -95, 95, -88, 113, 28, -117, 113, 53, 115, 105, -93, 18, -98, -18, 110, 31, -26, -27, -13, -34, 76, 95, -105, 72, -102, -22, -88, -26, -46, -93, -120, -88, -78, 36, -32, -15, -61, -91, 70, -66, -109, -3, -22, -22, 122, -73, 33, 13, -93, -20, 36, -89, -89, 57, 99, 59, -54, 56, -67, -32, -108, 61, 87, -16, 107, 126, 18, 126, -99, -83, 111, 46, 83, 33, 29, 102, -37, -5, -101, -119, 91, -98, 43, -8, 83, 115, -13, 9, 80, 75, 7, 8, -59, 58, -21, -49, 5, 1, 0, 0, -80, 1, 0, 0, 80, 75, 3, 4, 20, 0, 8, 8, 8, 0, 33, 25, -74, 88, 0, 0, 0, 0, 0, 0, 0, 0, 0, 0, 0, 0, 20, 0, 0, 0, 120, 108, 47, 115, 104, 97, 114, 101, 100, 83, 116, 114, 105, 110, 103, 115, 46, 120, 109, 108, 125, -47, 77, 106, -61, 48, 16, 5, -32, 125, -95, 119, 16, -38, 39, -78, -99, -92, -108, 34, 43, -117, -112, -84, 10, -91, -112, 30, 64, 56, 83, 91, 96, -3, 68, 51, 14, -18, -19, -85, -112, 64, -118, 77, -75, -44, 123, 51, 31, 3, -110, -37, -47, -10, -20, 2, 17, -115, 119, 53, 47, -105, 5, 103, -32, 26, 127, 50, -82, -83, -7, -41, -15, -80, 120, -27, 91, -11, -4, 36, 17, -119, 53, 126, 112, -108, -122, 54, -100, 13, -50, -100, 7, -40, 61, -126, -60, 56, -84, 121, 71, 20, -34, -124, -64, -90, 3, -85, 113, -23, 3, -72, -44, 124, -5, 104, 53, -91, 103, 108, 5, -122, 8, -6, -124, 29, 0, -39, 94, 84, 69, -15, 34, -84, 54, -114, 43, -119, 70, 73, 82, -97, 3, 32, -91, 99, -92, 32, 37, -59, 53, -69, -27, 59, 77, -48, -6, -8, 51, -51, -33, -31, 2, -3, 52, -4, 8, 87, -126, -107, -20, 8, 35, -51, 36, 31, 35, 52, -60, -54, 105, -79, 31, 67, -81, -99, -66, -83, -2, 67, 86, 89, -78, -54, -111, -77, -14, 78, -82, -78, -28, 42, 71, -50, -54, 59, -71, -50, -110, -21, 28, -7, -89, 20, -23, -45, -43, 47, 80, 75, 7, 8, -113, -51, 96, 67, -38, 0, 0, 0, 34, 2, 0, 0, 80, 75, 3, 4, 20, 0, 8, 8, 8, 0, 33, 25, -74, 88, 0, 0, 0, 0, 0, 0, 0, 0, 0, 0, 0, 0, 13, 0, 0, 0, 120, 108, 47, 115, 116, 121, 108, 101, 115, 46, 120, 109, 108, -91, -110, -79, 110, -61, 32, 16, -122, -9, 74, 125, 7, -60, -34, -32, 100, -88, -94, -54, 38, 67, 37, 87, -99, -109, 74, 93, -119, 57, -37, -88, 112, 88, 64, 34, -69, 79, 95, 48, 78, -109, 76, 29, 58, -35, -35, -49, -3, 31, -121, -49, -27, 110, 52, -102, -100, -63, 121, 101, -79, -94, -21, 85, 65, 9, 96, 99, -91, -62, -82, -94, 31, -121, -6, 105, 75, 119, -4, -15, -95, -12, 97, -46, -80, -17, 1, 2, -119, 14, -12, 21, -19, 67, 24, 94, 24, -13, 77, 15, 70, -8, -107, 29, 0, -29, 73, 107, -99, 17, 33, -106, -82, 99, 126, 112, 32, -92, 79, 38, -93, -39, -90, 40, -98, -103, 17, 10, 41, 47, -15, 100, 106, 19, 60, 105, -20, 9, 67, 69, 11, -54, 120, -39, 90, -68, 42, 107, -102, 5, 94, -6, 111, 114, 22, 58, 42, 105, -74, -40, -42, 88, 109, 29, 81, 40, 97, 4, 89, -47, 109, -46, 80, 24, -56, 93, -81, 66, -85, -93, 83, 51, 79, 24, -91, -89, 44, 111, -110, 48, 79, -70, -12, 25, -123, -42, 37, -111, -27, 91, -26, -32, -93, 73, 105, -3, 59, -60, -122, 102, -127, -105, -125, 8, 1, 28, -42, -79, 32, 75, 126, -104, 6, -88, 40, 90, -124, -116, -103, -5, -2, -24, -106, -62, 125, -67, 57, 49, -35, 56, -26, 16, 47, 62, 90, 39, -29, 22, 110, -33, -97, 37, 94, 106, 104, 67, 52, 56, -43, -11, 41, 6, 59, -80, 116, 24, -126, 53, 49, -111, 74, 116, 22, -123, 78, -56, -117, 99, 73, 34, -74, 1, -83, -9, 105, 117, -97, -19, 29, 123, 108, 73, -34, -63, -69, 76, -97, -97, -92, -25, 95, -46, 56, -48, -110, 102, 76, 46, 18, -1, -106, -106, -39, -1, -58, -110, -79, -67, -25, -49, 104, 118, -3, -35, -8, 15, 80, 75, 7, 8, -82, -111, -109, -42, 69, 1, 0, 0, -93, 2, 0, 0, 80, 75, 3, 4, 20, 0, 8, 8, 8, 0, 33, 25, -74, 88, 0, 0, 0, 0, 0, 0, 0, 0, 0, 0, 0, 0, 15, 0, 0, 0, 120, 108, 47, 119, 111, 114, 107, 98, 111, 111, 107, 46, 120, 109, 108, -115, -114, -51, 78, -61, 48, 16, -124, -17, 72, -68, -125, -75, 119, 106, 7, 16, -126, 40, 78, 47, 21, 82, 111, 28, 2, -9, -83, -77, 105, -84, -58, 63, 90, -101, -106, -57, -57, 73, 21, -32, -56, 105, 53, -102, 111, 103, -90, -39, 126, -71, 73, -100, -119, -109, 13, 94, 67, -75, 81, 32, -56, -101, -48, 91, 127, -44, -16, -34, -67, -34, 61, -61, -74, -67, -67, 105, 46, -127, 79, -121, 16, 78, -94, -16, 62, 105, 24, 115, -114, -75, -108, -55, -116, -28, 48, 109, 66, 36, 95, -100, 33, -80, -61, 92, 36, 31, 101, -118, 76, -40, -89, -111, 40, -69, 73, -34, 43, -11, 36, 29, 90, 15, -41, -124, -102, -1, -109, 17, -122, -63, 26, -38, 5, -13, -23, -56, -25, 107, 8, -45, -124, -71, -84, 77, -93, -115, 9, -38, -97, 101, 111, 44, 122, -52, 84, -67, -88, 71, 13, 3, 78, -119, 64, -74, -51, -20, 124, 88, -70, -92, 95, 112, -106, 2, 77, -74, 103, -22, -16, -96, 65, -51, -100, -4, 3, 46, -101, -41, 43, 60, 58, -46, -48, -111, -117, -91, -105, 64, 112, 109, 123, 13, -68, -17, 31, 64, 44, -60, -66, -56, 106, -55, 88, 31, -27, 90, -43, 126, 3, 80, 75, 7, 8, 23, 69, 52, -47, -36, 0, 0, 0, 96, 1, 0, 0, 80, 75, 3, 4, 20, 0, 8, 8, 8, 0, 33, 25, -74, 88, 0, 0, 0, 0, 0, 0, 0, 0, 0, 0, 0, 0, 26, 0, 0, 0, 120, 108, 47, 95, 114, 101, 108, 115, 47, 119, 111, 114, 107, 98, 111, 111, 107, 46, 120, 109, 108, 46, 114, 101, 108, 115, -83, -111, 77, 107, -61, 48, 12, 64, -1, -118, -47, 125, 113, -46, -63, 24, -93, 110, 47, 99, -48, -21, -42, -3, 0, 99, 43, 113, 104, 34, 25, 75, -5, -24, -65, -97, -69, -61, -42, 64, 7, 59, -12, 36, -116, -16, 123, 15, -76, -34, 126, -50, -109, 121, -57, 34, 35, -109, -125, -82, 105, -63, 32, 5, -114, 35, 13, 14, 94, -9, 79, 55, -9, 96, 68, 61, 69, 63, 49, -95, 3, 98, -40, 110, -42, -49, 56, 121, -83, 63, 36, -115, 89, 76, 69, -112, 56, 72, -86, -7, -63, 90, 9, 9, 103, 47, 13, 103, -92, -70, -23, -71, -52, 94, -21, -77, 12, 54, -5, 112, -16, 3, -38, 85, -37, -34, -39, 114, -50, -128, 37, -45, -20, -94, -125, -78, -117, 29, -104, -67, 47, 3, -86, 3, 73, -66, 96, 124, -47, 82, -53, -92, -87, -32, -70, 58, 102, -4, -113, -106, -5, 126, 12, -8, -56, -31, 109, 70, -46, 11, 118, -69, -128, -125, -67, 28, -77, 58, -117, -47, -29, -124, -41, -81, -8, -90, -2, -91, -65, -3, -43, 127, 112, 57, 72, 66, -44, 83, 121, 29, -35, -75, 75, 126, 4, -89, 24, -69, -72, -10, -26, 11, 80, 75, 7, 8, -122, 3, 59, -111, -44, 0, 0, 0, 51, 2, 0, 0, 80, 75, 3, 4, 20, 0, 8, 8, 8, 0, 33, 25, -74, 88, 0, 0, 0, 0, 0, 0, 0, 0, 0, 0, 0, 0, 24, 0, 0, 0, 120, 108, 47, 119, 111, 114, 107, 115, 104, 101, 101, 116, 115, 47, 115, 104, 101, 101, 116, 49, 46, 120, 109, 108, 109, -45, -35, 79, -62, 48, 16, 0, -16, 119, 19, -1, -121, -90, -17, -46, 13, 4, -111, 108, 35, 40, 34, -88, -120, -15, -21, -67, 108, -73, -113, -80, -75, 75, 91, -64, 63, -33, 110, 124, 104, -41, -67, -35, -91, -65, -53, -75, -105, -85, 55, -2, 41, 114, -76, 3, 33, 51, -50, 124, -20, 118, 28, -116, -128, -123, 60, -54, 88, -30, -29, -81, -49, -39, -43, 16, -113, -125, -53, 11, 111, -49, -59, 70, -90, 0, 10, -23, 2, 38, 125, -100, 42, 85, -114, 8, -111, 97, 10, 5, -107, 29, 94, 2, -45, 39, 49, 23, 5, 85, 58, 21, 9, -111, -91, 0, 26, -43, 69, 69, 78, -70, -114, 51, 32, 5, -51, 24, 14, -68, 40, 43, -128, 85, 29, -111, -128, -40, -57, 19, 119, -76, 114, 49, 9, -68, -38, 126, 103, -80, -105, -1, 98, 84, -75, 94, 115, -66, -87, -110, 69, -28, 99, 125, 69, 69, -41, 31, -112, 67, -88, 64, -25, 74, 108, -95, -86, 38, 86, -7, -84, -66, -51, -101, 64, 17, -60, 116, -101, -85, 119, -66, -97, 67, -106, -92, 74, -65, -76, -81, -97, 122, 106, 57, -91, -118, 6, -98, -32, 123, 36, -12, -119, -66, 96, 88, 5, 19, 87, 55, -14, -79, -60, 72, 86, 77, 3, 111, 23, 56, 30, -39, -23, 70, -31, 81, -36, -39, -62, 53, -59, -67, 45, -70, -90, -104, -38, -94, 103, -118, 7, 91, 92, -101, 98, 102, -117, -66, 41, 30, 109, 49, 48, -59, -36, 22, 55, -90, 88, -40, 98, 104, -118, 39, 91, -36, -102, -30, -71, 101, 98, -115, -95, -66, -76, -112, -58, 84, -105, 45, -92, 49, -42, -41, 22, -46, -104, -21, -86, -123, -4, 13, -106, -24, 117, 56, -19, -44, 97, 63, 74, -102, -64, -110, -118, 36, 99, 18, -83, -71, 82, -68, -48, 101, -99, -101, 62, 70, 49, -25, 10, 68, -107, -11, 48, 74, -11, -46, -97, -109, 28, 98, 85, 43, -116, -60, 97, -15, -22, 88, -15, -14, 88, 91, -19, -19, -7, 111, 5, -65, 80, 75, 7, 8, 11, -104, -74, 106, 104, 1, 0, 0, -113, 3, 0, 0, 80, 75, 1, 2, 20, 0, 20, 0, 8, 8, 8, 0, 33, 25, -74, 88, 122, -108, -54, 113, 59, 1, 0, 0, 28, 4, 0, 0, 19, 0, 0, 0, 0, 0, 0, 0, 0, 0, 0, 0, 0, 0, 0, 0, 0, 0, 91, 67, 111, 110, 116, 101, 110, 116, 95, 84, 121, 112, 101, 115, 93, 46, 120, 109, 108, 80, 75, 1, 2, 20, 0, 20, 0, 8, 8, 8, 0, 33, 25, -74, 88, -89, -116, 122, -67, -29, 0, 0, 0, 73, 2, 0, 0, 11, 0, 0, 0, 0, 0, 0, 0, 0, 0, 0, 0, 0, 0, 124, 1, 0, 0, 95, 114, 101, 108, 115, 47, 46, 114, 101, 108, 115, 80, 75, 1, 2, 20, 0, 20, 0, 8, 8, 8, 0, 33, 25, -74, 88, 54, 110, -125, 33, -109, 0, 0, 0, -72, 0, 0, 0, 16, 0, 0, 0, 0, 0, 0, 0, 0, 0, 0, 0, 0, 0, -104, 2, 0, 0, 100, 111, 99, 80, 114, 111, 112, 115, 47, 97, 112, 112, 46, 120, 109, 108, 80, 75, 1, 2, 20, 0, 20, 0, 8, 8, 8, 0, 33, 25, -74, 88, -59, 58, -21, -49, 5, 1, 0, 0, -80, 1, 0, 0, 17, 0, 0, 0, 0, 0, 0, 0, 0, 0, 0, 0, 0, 0, 105, 3, 0, 0, 100, 111, 99, 80, 114, 111, 112, 115, 47, 99, 111, 114, 101, 46, 120, 109, 108, 80, 75, 1, 2, 20, 0, 20, 0, 8, 8, 8, 0, 33, 25, -74, 88, -113, -51, 96, 67, -38, 0, 0, 0, 34, 2, 0, 0, 20, 0, 0, 0, 0, 0, 0, 0, 0, 0, 0, 0, 0, 0, -83, 4, 0, 0, 120, 108, 47, 115, 104, 97, 114, 101, 100, 83, 116, 114, 105, 110, 103, 115, 46, 120, 109, 108, 80, 75, 1, 2, 20, 0, 20, 0, 8, 8, 8, 0, 33, 25, -74, 88, -82, -111, -109, -42, 69, 1, 0, 0, -93, 2, 0, 0, 13, 0, 0, 0, 0, 0, 0, 0, 0, 0, 0, 0, 0, 0, -55, 5, 0, 0, 120, 108, 47, 115, 116, 121, 108, 101, 115, 46, 120, 109, 108, 80, 75, 1, 2, 20, 0, 20, 0, 8, 8, 8, 0, 33, 25, -74, 88, 23, 69, 52, -47, -36, 0, 0, 0, 96, 1, 0, 0, 15, 0, 0, 0, 0, 0, 0, 0, 0, 0, 0, 0, 0, 0, 73, 7, 0, 0, 120, 108, 47, 119, 111, 114, 107, 98, 111, 111, 107, 46, 120, 109, 108, 80, 75, 1, 2, 20, 0, 20, 0, 8, 8, 8, 0, 33, 25, -74, 88, -122, 3, 59, -111, -44, 0, 0, 0, 51, 2, 0, 0, 26, 0, 0, 0, 0, 0, 0, 0, 0, 0, 0, 0, 0, 0, 98, 8, 0, 0, 120, 108, 47, 95, 114, 101, 108, 115, 47, 119, 111, 114, 107, 98, 111, 111, 107, 46, 120, 109, 108, 46, 114, 101, 108, 115, 80, 75, 1, 2, 20, 0, 20, 0, 8, 8, 8, 0, 33, 25, -74, 88, 11, -104, -74, 106, 104, 1, 0, 0, -113, 3, 0, 0, 24, 0, 0, 0, 0, 0, 0, 0, 0, 0, 0, 0, 0, 0, 126, 9, 0, 0, 120, 108, 47, 119, 111, 114, 107, 115, 104, 101, 101, 116, 115, 47, 115, 104, 101, 101, 116, 49, 46, 120, 109, 108, 80, 75, 5, 6, 0, 0, 0, 0, 9, 0, 9, 0, 63, 2, 0, 0, 44, 11, 0, 0, 0, 0}>
	at org.springframework.test.util.AssertionErrors.fail(AssertionErrors.java:59)
	at org.springframework.test.util.AssertionErrors.assertEquals(AssertionErrors.java:122)
	at org.springframework.test.web.servlet.result.ContentResultMatchers.lambda$bytes$5(ContentResultMatchers.java:155)
	at org.springframework.test.web.servlet.MockMvc$1.andExpect(MockMvc.java:214)
	at com.quizapplication.quiz.controller.ExcelImportControllerTest.testDownloadTemplate_Success(ExcelImportControllerTest.java:83)
	at java.base/java.lang.reflect.Method.invoke(Method.java:580)
	at java.base/java.util.ArrayList.forEach(ArrayList.java:1597)
	at java.base/java.util.ArrayList.forEach(ArrayList.java:1597)

