<?xml version="1.0" encoding="UTF-8"?>
<testsuite xmlns:xsi="http://www.w3.org/2001/XMLSchema-instance" xsi:noNamespaceSchemaLocation="https://maven.apache.org/surefire/maven-surefire-plugin/xsd/surefire-test-report-3.0.xsd" version="3.0" name="com.quizapplication.quiz.controller.ExcelImportControllerTest" time="11.268" tests="5" errors="0" skipped="0" failures="2">
  <properties>
[...]
</properties>
  <testcase name="testDownloadTemplate_ServerError" classname="com.quizapplication.quiz.controller.ExcelImportControllerTest" time="1.922">
    <failure message="Status expected:&lt;500&gt; but was:&lt;200&gt;" type="java.lang.AssertionError"><![CDATA[java.lang.AssertionError: Status expected:<500> but was:<200>
	at org.springframework.test.util.AssertionErrors.fail(AssertionErrors.java:59)
	at org.springframework.test.util.AssertionErrors.assertEquals(AssertionErrors.java:122)
	at org.springframework.test.web.servlet.result.StatusResultMatchers.lambda$matcher$9(StatusResultMatchers.java:637)
	at org.springframework.test.web.servlet.MockMvc$1.andExpect(MockMvc.java:214)
	at com.quizapplication.quiz.controller.ExcelImportControllerTest.testDownloadTemplate_ServerError(ExcelImportControllerTest.java:92)
	at java.base/java.lang.reflect.Method.invoke(Method.java:580)
	at java.base/java.util.ArrayList.forEach(ArrayList.java:1597)
	at java.base/java.util.ArrayList.forEach(ArrayList.java:1597)
]]></failure>
    <system-out><![CDATA[03:08:52.236 [main] INFO org.springframework.test.context.support.AnnotationConfigContextLoaderUtils -- Could not detect default configuration classes for test class [com.quizapplication.quiz.controller.ExcelImportControllerTest]: ExcelImportControllerTest does not declare any static, non-private, non-final, nested classes annotated with @Configuration.
03:08:52.540 [main] INFO org.springframework.boot.test.context.SpringBootTestContextBootstrapper -- Found @SpringBootConfiguration com.quizapplication.quiz.QuizApplication for test class com.quizapplication.quiz.controller.ExcelImportControllerTest
03:08:52.750 [main] INFO org.springframework.boot.devtools.restart.RestartApplicationListener -- Restart disabled due to context in which it is running

  .   ____          _            __ _ _
 /\\ / ___'_ __ _ _(_)_ __  __ _ \ \ \ \
( ( )\___ | '_ | '_| | '_ \/ _` | \ \ \ \
 \\/  ___)| |_)| | | | | || (_| |  ) ) ) )
  '  |____| .__|_| |_|_| |_\__, | / / / /
 =========|_|==============|___/=/_/_/_/
2024-05-22 03:08:53 - Logging Provider: org.jboss.logging.Slf4jLoggerProvider found via system property
2024-05-22 03:08:53 - Trying to load META-INF/validation.xml for XML based Validator configuration.
2024-05-22 03:08:53 - Trying to load META-INF/validation.xml via TCCL
2024-05-22 03:08:53 - Trying to load META-INF/validation.xml via Hibernate Validator's class loader
2024-05-22 03:08:53 - No META-INF/validation.xml found. Using annotation based configuration only.
2024-05-22 03:08:53 - Found jakarta.persistence.Persistence on classpath containing 'getPersistenceUtil'. Assuming JPA 2 environment. Trying to instantiate JPA aware TraversableResolver
2024-05-22 03:08:53 - Instantiated JPA aware TraversableResolver of type org.hibernate.validator.internal.engine.resolver.JPATraversableResolver.
 :: Spring Boot ::                (v3.2.5)

2024-05-22 03:08:53 - Loaded expression factory via original TCCL
2024-05-22 03:08:53 - Starting ExcelImportControllerTest using Java 22.0.1 with PID 26940 (started by BYTEWORKS in C:\Users\BYTEWORKS\Documents\NPF Docs\quiz)
2024-05-22 03:08:53 - Running with Spring Boot v3.2.5, Spring v6.1.6
2024-05-22 03:08:53 - No active profile set, falling back to 1 default profile: "default"
2024-05-22 03:08:53 - Loading source class com.quizapplication.quiz.QuizApplication
2024-05-22 03:08:53 - Refreshing org.springframework.web.context.support.GenericWebApplicationContext@7a639ec5
2024-05-22 03:08:53 - Creating shared instance of singleton bean 'org.springframework.context.annotation.internalConfigurationAnnotationProcessor'
2024-05-22 03:08:53 - Creating shared instance of singleton bean 'org.springframework.boot.autoconfigure.internalCachingMetadataReaderFactory'
2024-05-22 03:08:53 - HV000252: Using org.hibernate.validator.internal.engine.DefaultPropertyNodeNameProvider as property node name provider.
2024-05-22 03:08:53 - HV000234: Using org.hibernate.validator.messageinterpolation.ResourceBundleMessageInterpolator as ValidatorFactory-scoped message interpolator.
2024-05-22 03:08:53 - HV000234: Using org.hibernate.validator.internal.engine.resolver.JPATraversableResolver as ValidatorFactory-scoped traversable resolver.
2024-05-22 03:08:53 - HV000234: Using org.hibernate.validator.internal.util.ExecutableParameterNameProvider as ValidatorFactory-scoped parameter name provider.
2024-05-22 03:08:53 - HV000234: Using org.hibernate.validator.internal.engine.DefaultClockProvider as ValidatorFactory-scoped clock provider.
2024-05-22 03:08:53 - HV000234: Using org.hibernate.validator.internal.engine.scripting.DefaultScriptEvaluatorFactory as ValidatorFactory-scoped script evaluator factory.
2024-05-22 03:08:53 - Identified candidate component class: file [C:\Users\BYTEWORKS\Documents\NPF Docs\quiz\target\classes\com\quizapplication\quiz\controller\ExcelImportController.class]
2024-05-22 03:08:53 - Identified candidate component class: file [C:\Users\BYTEWORKS\Documents\NPF Docs\quiz\target\classes\com\quizapplication\quiz\exception\GlobalExceptionHandler.class]
2024-05-22 03:08:54 - Creating shared instance of singleton bean 'org.springframework.boot.test.context.ImportsContextCustomizer$ImportsCleanupPostProcessor'
2024-05-22 03:08:54 - Creating shared instance of singleton bean 'org.springframework.boot.test.mock.mockito.MockitoPostProcessor'
2024-05-22 03:08:54 - ProcessBuilder.start(): pid: 27156, dir: null, cmd: "C:\Program Files\Java\jdk-22\bin\java.exe"
java.lang.RuntimeException: ProcessBuilder.start() debug
	at java.base/java.lang.ProcessBuilder.start(ProcessBuilder.java:1147)
	at java.base/java.lang.ProcessBuilder.start(ProcessBuilder.java:1089)
	at net.bytebuddy.agent.ByteBuddyAgent.installExternal(ByteBuddyAgent.java:705)
	at net.bytebuddy.agent.ByteBuddyAgent.install(ByteBuddyAgent.java:636)
	at net.bytebuddy.agent.ByteBuddyAgent.install(ByteBuddyAgent.java:616)
	at net.bytebuddy.agent.ByteBuddyAgent.install(ByteBuddyAgent.java:568)
	at net.bytebuddy.agent.ByteBuddyAgent.install(ByteBuddyAgent.java:545)
	at org.mockito.internal.creation.bytebuddy.InlineDelegateByteBuddyMockMaker.<clinit>(InlineDelegateByteBuddyMockMaker.java:133)
	at org.mockito.internal.creation.bytebuddy.InlineByteBuddyMockMaker.<init>(InlineByteBuddyMockMaker.java:23)
	at java.base/jdk.internal.reflect.DirectConstructorHandleAccessor.newInstance(DirectConstructorHandleAccessor.java:62)
	at java.base/java.lang.reflect.Constructor.newInstanceWithCaller(Constructor.java:502)
	at java.base/java.lang.reflect.Constructor.newInstance(Constructor.java:486)
	at org.mockito.internal.configuration.plugins.DefaultMockitoPlugins.create(DefaultMockitoPlugins.java:103)
	at org.mockito.internal.configuration.plugins.DefaultMockitoPlugins.getDefaultPlugin(DefaultMockitoPlugins.java:79)
	at org.mockito.internal.configuration.plugins.PluginLoader.loadPlugin(PluginLoader.java:75)
	at org.mockito.internal.configuration.plugins.PluginLoader.loadPlugin(PluginLoader.java:50)
	at org.mockito.internal.configuration.plugins.PluginRegistry.<init>(PluginRegistry.java:27)
	at org.mockito.internal.configuration.plugins.Plugins.<clinit>(Plugins.java:22)
	at org.mockito.internal.MockitoCore.<clinit>(MockitoCore.java:73)
	at org.mockito.Mockito.<clinit>(Mockito.java:1683)
	at org.springframework.boot.test.mock.mockito.MockReset.withSettings(MockReset.java:81)
	at org.springframework.boot.test.mock.mockito.MockDefinition.createMock(MockDefinition.java:147)
	at org.springframework.boot.test.mock.mockito.MockitoPostProcessor.registerMock(MockitoPostProcessor.java:185)
	at org.springframework.boot.test.mock.mockito.MockitoPostProcessor.register(MockitoPostProcessor.java:167)
	at org.springframework.boot.test.mock.mockito.MockitoPostProcessor.postProcessBeanFactory(MockitoPostProcessor.java:141)
	at org.springframework.boot.test.mock.mockito.MockitoPostProcessor.postProcessBeanFactory(MockitoPostProcessor.java:129)
	at org.springframework.context.support.PostProcessorRegistrationDelegate.invokeBeanFactoryPostProcessors(PostProcessorRegistrationDelegate.java:363)
	at org.springframework.context.support.PostProcessorRegistrationDelegate.invokeBeanFactoryPostProcessors(PostProcessorRegistrationDelegate.java:197)
	at org.springframework.context.support.AbstractApplicationContext.invokeBeanFactoryPostProcessors(AbstractApplicationContext.java:788)
	at org.springframework.context.support.AbstractApplicationContext.refresh(AbstractApplicationContext.java:606)
	at org.springframework.boot.SpringApplication.refresh(SpringApplication.java:754)
	at org.springframework.boot.SpringApplication.refreshContext(SpringApplication.java:456)
	at org.springframework.boot.SpringApplication.run(SpringApplication.java:334)
	at org.springframework.boot.test.context.SpringBootContextLoader.lambda$loadContext$3(SpringBootContextLoader.java:137)
	at org.springframework.util.function.ThrowingSupplier.get(ThrowingSupplier.java:58)
	at org.springframework.util.function.ThrowingSupplier.get(ThrowingSupplier.java:46)
	at org.springframework.boot.SpringApplication.withHook(SpringApplication.java:1454)
	at org.springframework.boot.test.context.SpringBootContextLoader$ContextLoaderHook.run(SpringBootContextLoader.java:553)
	at org.springframework.boot.test.context.SpringBootContextLoader.loadContext(SpringBootContextLoader.java:137)
	at org.springframework.boot.test.context.SpringBootContextLoader.loadContext(SpringBootContextLoader.java:108)
	at org.springframework.test.context.cache.DefaultCacheAwareContextLoaderDelegate.loadContextInternal(DefaultCacheAwareContextLoaderDelegate.java:225)
	at org.springframework.test.context.cache.DefaultCacheAwareContextLoaderDelegate.loadContext(DefaultCacheAwareContextLoaderDelegate.java:152)
	at org.springframework.test.context.support.DefaultTestContext.getApplicationContext(DefaultTestContext.java:130)
	at org.springframework.boot.test.mock.mockito.MockitoTestExecutionListener.postProcessFields(MockitoTestExecutionListener.java:122)
	at org.springframework.boot.test.mock.mockito.MockitoTestExecutionListener.injectFields(MockitoTestExecutionListener.java:106)
	at org.springframework.boot.test.mock.mockito.MockitoTestExecutionListener.prepareTestInstance(MockitoTestExecutionListener.java:63)
	at org.springframework.test.context.TestContextManager.prepareTestInstance(TestContextManager.java:260)
	at org.springframework.test.context.junit.jupiter.SpringExtension.postProcessTestInstance(SpringExtension.java:163)
	at org.junit.jupiter.engine.descriptor.ClassBasedTestDescriptor.lambda$invokeTestInstancePostProcessors$10(ClassBasedTestDescriptor.java:378)
	at org.junit.jupiter.engine.descriptor.ClassBasedTestDescriptor.executeAndMaskThrowable(ClassBasedTestDescriptor.java:383)
	at org.junit.jupiter.engine.descriptor.ClassBasedTestDescriptor.lambda$invokeTestInstancePostProcessors$11(ClassBasedTestDescriptor.java:378)
	at java.base/java.util.stream.ReferencePipeline$3$1.accept(ReferencePipeline.java:212)
	at java.base/java.util.stream.ReferencePipeline$2$1.accept(ReferencePipeline.java:194)
	at java.base/java.util.ArrayList$ArrayListSpliterator.forEachRemaining(ArrayList.java:1709)
	at java.base/java.util.stream.AbstractPipeline.copyInto(AbstractPipeline.java:556)
	at java.base/java.util.stream.AbstractPipeline.wrapAndCopyInto(AbstractPipeline.java:546)
	at java.base/java.util.stream.StreamSpliterators$WrappingSpliterator.forEachRemaining(StreamSpliterators.java:310)
	at java.base/java.util.stream.Streams$ConcatSpliterator.forEachRemaining(Streams.java:735)
	at java.base/java.util.stream.Streams$ConcatSpliterator.forEachRemaining(Streams.java:734)
	at java.base/java.util.stream.ReferencePipeline$Head.forEach(ReferencePipeline.java:782)
	at org.junit.jupiter.engine.descriptor.ClassBasedTestDescriptor.invokeTestInstancePostProcessors(ClassBasedTestDescriptor.java:377)
	at org.junit.jupiter.engine.descriptor.ClassBasedTestDescriptor.lambda$instantiateAndPostProcessTestInstance$6(ClassBasedTestDescriptor.java:290)
	at org.junit.platform.engine.support.hierarchical.ThrowableCollector.execute(ThrowableCollector.java:73)
	at org.junit.jupiter.engine.descriptor.ClassBasedTestDescriptor.instantiateAndPostProcessTestInstance(ClassBasedTestDescriptor.java:289)
	at org.junit.jupiter.engine.descriptor.ClassBasedTestDescriptor.lambda$testInstancesProvider$4(ClassBasedTestDescriptor.java:279)
	at java.base/java.util.Optional.orElseGet(Optional.java:364)
	at org.junit.jupiter.engine.descriptor.ClassBasedTestDescriptor.lambda$testInstancesProvider$5(ClassBasedTestDescriptor.java:278)
	at org.junit.jupiter.engine.execution.TestInstancesProvider.getTestInstances(TestInstancesProvider.java:31)
	at org.junit.jupiter.engine.descriptor.TestMethodTestDescriptor.lambda$prepare$0(TestMethodTestDescriptor.java:106)
	at org.junit.platform.engine.support.hierarchical.ThrowableCollector.execute(ThrowableCollector.java:73)
	at org.junit.jupiter.engine.descriptor.TestMethodTestDescriptor.prepare(TestMethodTestDescriptor.java:105)
	at org.junit.jupiter.engine.descriptor.TestMethodTestDescriptor.prepare(TestMethodTestDescriptor.java:69)
	at org.junit.platform.engine.support.hierarchical.NodeTestTask.lambda$prepare$2(NodeTestTask.java:123)
	at org.junit.platform.engine.support.hierarchical.ThrowableCollector.execute(ThrowableCollector.java:73)
	at org.junit.platform.engine.support.hierarchical.NodeTestTask.prepare(NodeTestTask.java:123)
	at org.junit.platform.engine.support.hierarchical.NodeTestTask.execute(NodeTestTask.java:90)
	at java.base/java.util.ArrayList.forEach(ArrayList.java:1597)
	at org.junit.platform.engine.support.hierarchical.SameThreadHierarchicalTestExecutorService.invokeAll(SameThreadHierarchicalTestExecutorService.java:41)
	at org.junit.platform.engine.support.hierarchical.NodeTestTask.lambda$executeRecursively$6(NodeTestTask.java:155)
	at org.junit.platform.engine.support.hierarchical.ThrowableCollector.execute(ThrowableCollector.java:73)
	at org.junit.platform.engine.support.hierarchical.NodeTestTask.lambda$executeRecursively$8(NodeTestTask.java:141)
	at org.junit.platform.engine.support.hierarchical.Node.around(Node.java:137)
	at org.junit.platform.engine.support.hierarchical.NodeTestTask.lambda$executeRecursively$9(NodeTestTask.java:139)
	at org.junit.platform.engine.support.hierarchical.ThrowableCollector.execute(ThrowableCollector.java:73)
	at org.junit.platform.engine.support.hierarchical.NodeTestTask.executeRecursively(NodeTestTask.java:138)
	at org.junit.platform.engine.support.hierarchical.NodeTestTask.execute(NodeTestTask.java:95)
	at java.base/java.util.ArrayList.forEach(ArrayList.java:1597)
	at org.junit.platform.engine.support.hierarchical.SameThreadHierarchicalTestExecutorService.invokeAll(SameThreadHierarchicalTestExecutorService.java:41)
	at org.junit.platform.engine.support.hierarchical.NodeTestTask.lambda$executeRecursively$6(NodeTestTask.java:155)
	at org.junit.platform.engine.support.hierarchical.ThrowableCollector.execute(ThrowableCollector.java:73)
	at org.junit.platform.engine.support.hierarchical.NodeTestTask.lambda$executeRecursively$8(NodeTestTask.java:141)
	at org.junit.platform.engine.support.hierarchical.Node.around(Node.java:137)
	at org.junit.platform.engine.support.hierarchical.NodeTestTask.lambda$executeRecursively$9(NodeTestTask.java:139)
	at org.junit.platform.engine.support.hierarchical.ThrowableCollector.execute(ThrowableCollector.java:73)
	at org.junit.platform.engine.support.hierarchical.NodeTestTask.executeRecursively(NodeTestTask.java:138)
	at org.junit.platform.engine.support.hierarchical.NodeTestTask.execute(NodeTestTask.java:95)
	at org.junit.platform.engine.support.hierarchical.SameThreadHierarchicalTestExecutorService.submit(SameThreadHierarchicalTestExecutorService.java:35)
	at org.junit.platform.engine.support.hierarchical.HierarchicalTestExecutor.execute(HierarchicalTestExecutor.java:57)
	at org.junit.platform.engine.support.hierarchical.HierarchicalTestEngine.execute(HierarchicalTestEngine.java:54)
	at org.junit.platform.launcher.core.EngineExecutionOrchestrator.execute(EngineExecutionOrchestrator.java:198)
	at org.junit.platform.launcher.core.EngineExecutionOrchestrator.execute(EngineExecutionOrchestrator.java:169)
	at org.junit.platform.launcher.core.EngineExecutionOrchestrator.execute(EngineExecutionOrchestrator.java:93)
	at org.junit.platform.launcher.core.EngineExecutionOrchestrator.lambda$execute$0(EngineExecutionOrchestrator.java:58)
	at org.junit.platform.launcher.core.EngineExecutionOrchestrator.withInterceptedStreams(EngineExecutionOrchestrator.java:141)
	at org.junit.platform.launcher.core.EngineExecutionOrchestrator.execute(EngineExecutionOrchestrator.java:57)
	at org.junit.platform.launcher.core.DefaultLauncher.execute(DefaultLauncher.java:103)
	at org.junit.platform.launcher.core.DefaultLauncher.execute(DefaultLauncher.java:85)
	at org.junit.platform.launcher.core.DelegatingLauncher.execute(DelegatingLauncher.java:47)
	at org.apache.maven.surefire.junitplatform.LazyLauncher.execute(LazyLauncher.java:56)
	at org.apache.maven.surefire.junitplatform.JUnitPlatformProvider.execute(JUnitPlatformProvider.java:184)
	at org.apache.maven.surefire.junitplatform.JUnitPlatformProvider.invokeAllTests(JUnitPlatformProvider.java:148)
	at org.apache.maven.surefire.junitplatform.JUnitPlatformProvider.invoke(JUnitPlatformProvider.java:122)
	at org.apache.maven.surefire.booter.ForkedBooter.runSuitesInProcess(ForkedBooter.java:385)
	at org.apache.maven.surefire.booter.ForkedBooter.execute(ForkedBooter.java:162)
	at org.apache.maven.surefire.booter.ForkedBooter.run(ForkedBooter.java:507)
	at org.apache.maven.surefire.booter.ForkedBooter.main(ForkedBooter.java:495)
2024-05-22 03:08:56 - Creating shared instance of singleton bean 'org.springframework.context.event.internalEventListenerProcessor'
2024-05-22 03:08:56 - Creating shared instance of singleton bean 'preserveErrorControllerTargetClassPostProcessor'
2024-05-22 03:08:56 - Creating shared instance of singleton bean 'org.springframework.context.event.internalEventListenerFactory'
2024-05-22 03:08:56 - Creating shared instance of singleton bean 'org.springframework.context.annotation.internalAutowiredAnnotationProcessor'
2024-05-22 03:08:56 - Creating shared instance of singleton bean 'org.springframework.context.annotation.internalCommonAnnotationProcessor'
2024-05-22 03:08:56 - Creating shared instance of singleton bean 'org.springframework.context.annotation.internalPersistenceAnnotationProcessor'
2024-05-22 03:08:56 - Creating shared instance of singleton bean 'org.springframework.boot.test.mock.mockito.MockitoPostProcessor$SpyPostProcessor'
2024-05-22 03:08:56 - Creating shared instance of singleton bean 'org.springframework.boot.context.properties.ConfigurationPropertiesBindingPostProcessor'
2024-05-22 03:08:56 - Creating shared instance of singleton bean 'org.springframework.boot.context.internalConfigurationPropertiesBinder'
2024-05-22 03:08:56 - Creating shared instance of singleton bean 'methodValidationPostProcessor'
2024-05-22 03:08:56 - Autowiring by type from bean name 'methodValidationPostProcessor' via factory method to bean named 'environment'
2024-05-22 03:08:56 - Creating shared instance of singleton bean 'org.springframework.boot.context.properties.EnableConfigurationPropertiesRegistrar.methodValidationExcludeFilter'
2024-05-22 03:08:56 - Creating shared instance of singleton bean 'projectingArgumentResolverBeanPostProcessor'
2024-05-22 03:08:56 - Creating shared instance of singleton bean 'hypermediaRepresentionModelProcessorConfigurator'
2024-05-22 03:08:56 - Creating shared instance of singleton bean 'hypermediaRestTemplateBeanPostProcessor'
2024-05-22 03:08:56 - Unable to locate ThemeSource with name 'themeSource': using default [org.springframework.ui.context.support.ResourceBundleThemeSource@72af90e8]
2024-05-22 03:08:56 - Creating shared instance of singleton bean 'quizApplication'
2024-05-22 03:08:56 - Creating shared instance of singleton bean 'excelImportController'
2024-05-22 03:08:56 - Creating shared instance of singleton bean 'globalExceptionHandler'
2024-05-22 03:08:56 - Creating shared instance of singleton bean 'org.springframework.boot.autoconfigure.AutoConfigurationPackages'
2024-05-22 03:08:56 - Creating shared instance of singleton bean 'org.springframework.boot.autoconfigure.task.TaskExecutorConfigurations$ThreadPoolTaskExecutorBuilderConfiguration'
2024-05-22 03:08:56 - Creating shared instance of singleton bean 'threadPoolTaskExecutorBuilder'
2024-05-22 03:08:56 - Creating shared instance of singleton bean 'spring.task.execution-org.springframework.boot.autoconfigure.task.TaskExecutionProperties'
2024-05-22 03:08:56 - Creating shared instance of singleton bean 'org.springframework.boot.context.properties.BoundConfigurationProperties'
2024-05-22 03:08:56 - Autowiring by type from bean name 'threadPoolTaskExecutorBuilder' via factory method to bean named 'spring.task.execution-org.springframework.boot.autoconfigure.task.TaskExecutionProperties'
2024-05-22 03:08:56 - Creating shared instance of singleton bean 'org.springframework.boot.autoconfigure.task.TaskExecutorConfigurations$TaskExecutorBuilderConfiguration'
2024-05-22 03:08:56 - Creating shared instance of singleton bean 'taskExecutorBuilder'
2024-05-22 03:08:56 - Autowiring by type from bean name 'taskExecutorBuilder' via factory method to bean named 'spring.task.execution-org.springframework.boot.autoconfigure.task.TaskExecutionProperties'
2024-05-22 03:08:56 - Creating shared instance of singleton bean 'org.springframework.boot.autoconfigure.task.TaskExecutorConfigurations$SimpleAsyncTaskExecutorBuilderConfiguration'
2024-05-22 03:08:56 - Autowiring by type from bean name 'org.springframework.boot.autoconfigure.task.TaskExecutorConfigurations$SimpleAsyncTaskExecutorBuilderConfiguration' via constructor to bean named 'spring.task.execution-org.springframework.boot.autoconfigure.task.TaskExecutionProperties'
2024-05-22 03:08:56 - Creating shared instance of singleton bean 'simpleAsyncTaskExecutorBuilder'
2024-05-22 03:08:56 - Creating shared instance of singleton bean 'org.springframework.boot.autoconfigure.task.TaskExecutorConfigurations$TaskExecutorConfiguration'
2024-05-22 03:08:56 - Creating shared instance of singleton bean 'org.springframework.boot.autoconfigure.task.TaskExecutionAutoConfiguration'
2024-05-22 03:08:56 - Creating shared instance of singleton bean 'org.springframework.boot.autoconfigure.validation.ValidationAutoConfiguration'
2024-05-22 03:08:56 - Creating shared instance of singleton bean 'defaultValidator'
2024-05-22 03:08:56 - Autowiring by type from bean name 'defaultValidator' via factory method to bean named 'org.springframework.web.context.support.GenericWebApplicationContext@7a639ec5'
2024-05-22 03:08:56 - Loaded expression factory via original TCCL
2024-05-22 03:08:56 - Setting custom MessageInterpolator of type org.springframework.validation.beanvalidation.LocaleContextMessageInterpolator
2024-05-22 03:08:56 - Setting custom ConstraintValidatorFactory of type org.springframework.validation.beanvalidation.SpringConstraintValidatorFactory
2024-05-22 03:08:57 - Trying to load META-INF/validation.xml for XML based Validator configuration.
2024-05-22 03:08:57 - Trying to load META-INF/validation.xml via user class loader
2024-05-22 03:08:57 - Trying to load META-INF/validation.xml via TCCL
2024-05-22 03:08:57 - Trying to load META-INF/validation.xml via Hibernate Validator's class loader
2024-05-22 03:08:57 - No META-INF/validation.xml found. Using annotation based configuration only.
2024-05-22 03:08:57 - Found jakarta.persistence.Persistence on classpath containing 'getPersistenceUtil'. Assuming JPA 2 environment. Trying to instantiate JPA aware TraversableResolver
2024-05-22 03:08:57 - Instantiated JPA aware TraversableResolver of type org.hibernate.validator.internal.engine.resolver.JPATraversableResolver.
2024-05-22 03:08:57 - HV000252: Using org.hibernate.validator.internal.engine.DefaultPropertyNodeNameProvider as property node name provider.
2024-05-22 03:08:57 - HV000234: Using org.springframework.validation.beanvalidation.LocaleContextMessageInterpolator as ValidatorFactory-scoped message interpolator.
2024-05-22 03:08:57 - HV000234: Using org.hibernate.validator.internal.engine.resolver.JPATraversableResolver as ValidatorFactory-scoped traversable resolver.
2024-05-22 03:08:57 - HV000234: Using org.hibernate.validator.internal.util.ExecutableParameterNameProvider as ValidatorFactory-scoped parameter name provider.
2024-05-22 03:08:57 - HV000234: Using org.hibernate.validator.internal.engine.DefaultClockProvider as ValidatorFactory-scoped clock provider.
2024-05-22 03:08:57 - HV000234: Using org.hibernate.validator.internal.engine.scripting.DefaultScriptEvaluatorFactory as ValidatorFactory-scoped script evaluator factory.
2024-05-22 03:08:57 - Creating shared instance of singleton bean 'org.springframework.boot.autoconfigure.web.servlet.error.ErrorMvcAutoConfiguration$WhitelabelErrorViewConfiguration'
2024-05-22 03:08:57 - Creating shared instance of singleton bean 'error'
2024-05-22 03:08:57 - Creating shared instance of singleton bean 'beanNameViewResolver'
2024-05-22 03:08:57 - Creating shared instance of singleton bean 'org.springframework.boot.autoconfigure.web.servlet.error.ErrorMvcAutoConfiguration$DefaultErrorViewResolverConfiguration'
2024-05-22 03:08:57 - Creating shared instance of singleton bean 'spring.web-org.springframework.boot.autoconfigure.web.WebProperties'
2024-05-22 03:08:57 - Autowiring by type from bean name 'org.springframework.boot.autoconfigure.web.servlet.error.ErrorMvcAutoConfiguration$DefaultErrorViewResolverConfiguration' via constructor to bean named 'org.springframework.web.context.support.GenericWebApplicationContext@7a639ec5'
2024-05-22 03:08:57 - Autowiring by type from bean name 'org.springframework.boot.autoconfigure.web.servlet.error.ErrorMvcAutoConfiguration$DefaultErrorViewResolverConfiguration' via constructor to bean named 'spring.web-org.springframework.boot.autoconfigure.web.WebProperties'
2024-05-22 03:08:57 - Creating shared instance of singleton bean 'spring.mvc-org.springframework.boot.autoconfigure.web.servlet.WebMvcProperties'
2024-05-22 03:08:57 - Creating shared instance of singleton bean 'org.springframework.boot.autoconfigure.web.servlet.error.ErrorMvcAutoConfiguration'
2024-05-22 03:08:57 - Creating shared instance of singleton bean 'server-org.springframework.boot.autoconfigure.web.ServerProperties'
2024-05-22 03:08:57 - Autowiring by type from bean name 'org.springframework.boot.autoconfigure.web.servlet.error.ErrorMvcAutoConfiguration' via constructor to bean named 'server-org.springframework.boot.autoconfigure.web.ServerProperties'
2024-05-22 03:08:57 - Creating shared instance of singleton bean 'errorAttributes'
2024-05-22 03:08:57 - Creating shared instance of singleton bean 'basicErrorController'
2024-05-22 03:08:57 - Autowiring by type from bean name 'basicErrorController' via factory method to bean named 'errorAttributes'
2024-05-22 03:08:57 - Creating shared instance of singleton bean 'errorPageCustomizer'
2024-05-22 03:08:57 - Creating shared instance of singleton bean 'dispatcherServletPath'
2024-05-22 03:08:57 - Creating shared instance of singleton bean 'org.springframework.boot.test.autoconfigure.web.servlet.MockMvcAutoConfiguration'
2024-05-22 03:08:57 - Autowiring by type from bean name 'org.springframework.boot.test.autoconfigure.web.servlet.MockMvcAutoConfiguration' via constructor to bean named 'org.springframework.web.context.support.GenericWebApplicationContext@7a639ec5'
2024-05-22 03:08:57 - Autowiring by type from bean name 'org.springframework.boot.test.autoconfigure.web.servlet.MockMvcAutoConfiguration' via constructor to bean named 'spring.mvc-org.springframework.boot.autoconfigure.web.servlet.WebMvcProperties'
2024-05-22 03:08:57 - Autowiring by type from bean name 'errorPageCustomizer' via factory method to bean named 'dispatcherServletPath'
2024-05-22 03:08:57 - Creating shared instance of singleton bean 'org.springframework.boot.autoconfigure.web.servlet.WebMvcAutoConfiguration$EnableWebMvcConfiguration'
2024-05-22 03:08:57 - Autowiring by type from bean name 'org.springframework.boot.autoconfigure.web.servlet.WebMvcAutoConfiguration$EnableWebMvcConfiguration' via constructor to bean named 'spring.mvc-org.springframework.boot.autoconfigure.web.servlet.WebMvcProperties'
2024-05-22 03:08:57 - Autowiring by type from bean name 'org.springframework.boot.autoconfigure.web.servlet.WebMvcAutoConfiguration$EnableWebMvcConfiguration' via constructor to bean named 'spring.web-org.springframework.boot.autoconfigure.web.WebProperties'
2024-05-22 03:08:57 - Autowiring by type from bean name 'org.springframework.boot.autoconfigure.web.servlet.WebMvcAutoConfiguration$EnableWebMvcConfiguration' via constructor to bean named 'org.springframework.beans.factory.support.DefaultListableBeanFactory@58d63b16'
2024-05-22 03:08:57 - Creating shared instance of singleton bean 'org.springframework.boot.autoconfigure.web.servlet.WebMvcAutoConfiguration$WebMvcAutoConfigurationAdapter'
2024-05-22 03:08:57 - Autowiring by type from bean name 'org.springframework.boot.autoconfigure.web.servlet.WebMvcAutoConfiguration$WebMvcAutoConfigurationAdapter' via constructor to bean named 'spring.web-org.springframework.boot.autoconfigure.web.WebProperties'
2024-05-22 03:08:57 - Autowiring by type from bean name 'org.springframework.boot.autoconfigure.web.servlet.WebMvcAutoConfiguration$WebMvcAutoConfigurationAdapter' via constructor to bean named 'spring.mvc-org.springframework.boot.autoconfigure.web.servlet.WebMvcProperties'
2024-05-22 03:08:57 - Autowiring by type from bean name 'org.springframework.boot.autoconfigure.web.servlet.WebMvcAutoConfiguration$WebMvcAutoConfigurationAdapter' via constructor to bean named 'org.springframework.beans.factory.support.DefaultListableBeanFactory@58d63b16'
2024-05-22 03:08:57 - Creating shared instance of singleton bean 'resourceHandlerRegistrationCustomizer'
2024-05-22 03:08:57 - Creating shared instance of singleton bean 'org.springframework.boot.autoconfigure.web.servlet.WebMvcAutoConfiguration$ResourceChainCustomizerConfiguration'
2024-05-22 03:08:57 - Autowiring by type from bean name 'resourceHandlerRegistrationCustomizer' via factory method to bean named 'spring.web-org.springframework.boot.autoconfigure.web.WebProperties'
2024-05-22 03:08:57 - Creating shared instance of singleton bean 'org.springframework.data.web.config.HateoasAwareSpringDataWebConfiguration'
2024-05-22 03:08:57 - Autowiring by type from bean name 'org.springframework.data.web.config.HateoasAwareSpringDataWebConfiguration' via constructor to bean named 'org.springframework.web.context.support.GenericWebApplicationContext@7a639ec5'
2024-05-22 03:08:57 - Creating shared instance of singleton bean 'hypermediaWebMvcConfigurer'
2024-05-22 03:08:57 - Creating shared instance of singleton bean 'org.springframework.hateoas.config.WebMvcHateoasConfiguration'
2024-05-22 03:08:57 - Creating shared instance of singleton bean 'hypermediaWebMvcConverters'
2024-05-22 03:08:57 - Creating shared instance of singleton bean 'org.springframework.hateoas.config.HateoasConfiguration'
2024-05-22 03:08:57 - Creating shared instance of singleton bean 'org.springframework.hateoas.mediatype.hal.HalMediaTypeConfiguration'
2024-05-22 03:08:57 - Creating shared instance of singleton bean '_relProvider'
2024-05-22 03:08:57 - Creating shared instance of singleton bean 'relProviderPluginRegistry'
2024-05-22 03:08:57 - Autowiring by type from bean name 'relProviderPluginRegistry' via factory method to bean named 'org.springframework.web.context.support.GenericWebApplicationContext@7a639ec5'
2024-05-22 03:08:57 - Autowiring by type from bean name '_relProvider' via factory method to bean named 'relProviderPluginRegistry'
2024-05-22 03:08:57 - Creating shared instance of singleton bean 'messageResolver'
2024-05-22 03:08:57 - Autowiring by type from bean name 'org.springframework.hateoas.mediatype.hal.HalMediaTypeConfiguration' via constructor to bean named '_relProvider'
2024-05-22 03:08:57 - Autowiring by type from bean name 'org.springframework.hateoas.mediatype.hal.HalMediaTypeConfiguration' via constructor to bean named 'messageResolver'
2024-05-22 03:08:57 - Autowiring by type from bean name 'org.springframework.hateoas.mediatype.hal.HalMediaTypeConfiguration' via constructor to bean named 'org.springframework.beans.factory.support.DefaultListableBeanFactory@58d63b16'
2024-05-22 03:08:57 - Autowiring by type from bean name 'hypermediaWebMvcConverters' via factory method to bean named 'org.springframework.hateoas.mediatype.hal.HalMediaTypeConfiguration'
2024-05-22 03:08:57 - Creating shared instance of singleton bean 'jacksonObjectMapper'
2024-05-22 03:08:57 - Creating shared instance of singleton bean 'org.springframework.boot.autoconfigure.jackson.JacksonAutoConfiguration$JacksonObjectMapperConfiguration'
2024-05-22 03:08:57 - Creating shared instance of singleton bean 'org.springframework.boot.autoconfigure.jackson.JacksonAutoConfiguration$JacksonObjectMapperBuilderConfiguration'
2024-05-22 03:08:57 - Creating shared instance of singleton bean 'standardJacksonObjectMapperBuilderCustomizer'
2024-05-22 03:08:57 - Creating shared instance of singleton bean 'org.springframework.boot.autoconfigure.jackson.JacksonAutoConfiguration$Jackson2ObjectMapperBuilderCustomizerConfiguration'
2024-05-22 03:08:57 - Creating shared instance of singleton bean 'spring.jackson-org.springframework.boot.autoconfigure.jackson.JacksonProperties'
2024-05-22 03:08:57 - Autowiring by type from bean name 'standardJacksonObjectMapperBuilderCustomizer' via factory method to bean named 'spring.jackson-org.springframework.boot.autoconfigure.jackson.JacksonProperties'
2024-05-22 03:08:57 - Creating shared instance of singleton bean 'parameterNamesModule'
2024-05-22 03:08:57 - Creating shared instance of singleton bean 'org.springframework.boot.autoconfigure.jackson.JacksonAutoConfiguration$ParameterNamesModuleConfiguration'
2024-05-22 03:08:57 - Creating shared instance of singleton bean 'jsonMixinModule'
2024-05-22 03:08:57 - Creating shared instance of singleton bean 'org.springframework.boot.autoconfigure.jackson.JacksonAutoConfiguration$JacksonMixinConfiguration'
2024-05-22 03:08:57 - Creating shared instance of singleton bean 'jsonMixinModuleEntries'
2024-05-22 03:08:57 - Autowiring by type from bean name 'jsonMixinModuleEntries' via factory method to bean named 'org.springframework.web.context.support.GenericWebApplicationContext@7a639ec5'
2024-05-22 03:08:57 - @EnableAutoConfiguration was declared on a class in the package 'com.quizapplication.quiz'. Automatic @Repository and @Entity scanning is enabled.
2024-05-22 03:08:57 - Autowiring by type from bean name 'jsonMixinModule' via factory method to bean named 'org.springframework.web.context.support.GenericWebApplicationContext@7a639ec5'
2024-05-22 03:08:57 - Autowiring by type from bean name 'jsonMixinModule' via factory method to bean named 'jsonMixinModuleEntries'
2024-05-22 03:08:57 - Creating shared instance of singleton bean 'jsonComponentModule'
2024-05-22 03:08:57 - Creating shared instance of singleton bean 'org.springframework.boot.autoconfigure.jackson.JacksonAutoConfiguration'
2024-05-22 03:08:57 - Creating shared instance of singleton bean 'jacksonGeoModule'
2024-05-22 03:08:57 - Creating shared instance of singleton bean 'org.springframework.data.web.config.SpringDataJacksonConfiguration'
2024-05-22 03:08:57 - Creating shared instance of singleton bean 'pageModule'
2024-05-22 03:08:57 - Autowiring by type from bean name 'jacksonObjectMapperBuilder' via factory method to bean named 'org.springframework.web.context.support.GenericWebApplicationContext@7a639ec5'
2024-05-22 03:08:57 - Autowiring by type from bean name 'jacksonObjectMapperBuilder' via factory method to bean named 'standardJacksonObjectMapperBuilderCustomizer'
2024-05-22 03:08:57 - Autowiring by type from bean name 'jacksonObjectMapper' via factory method to bean named 'jacksonObjectMapperBuilder'
2024-05-22 03:08:57 - Autowiring by type from bean name 'hypermediaWebMvcConfigurer' via factory method to bean named 'hypermediaWebMvcConverters'
2024-05-22 03:08:57 - Creating shared instance of singleton bean 'welcomePageHandlerMapping'
2024-05-22 03:08:57 - Creating shared instance of singleton bean 'mvcConversionService'
2024-05-22 03:08:57 - Creating shared instance of singleton bean 'mvcResourceUrlProvider'
2024-05-22 03:08:57 - Autowiring by type from bean name 'welcomePageHandlerMapping' via factory method to bean named 'org.springframework.web.context.support.GenericWebApplicationContext@7a639ec5'
2024-05-22 03:08:57 - Autowiring by type from bean name 'welcomePageHandlerMapping' via factory method to bean named 'mvcConversionService'
2024-05-22 03:08:57 - Autowiring by type from bean name 'welcomePageHandlerMapping' via factory method to bean named 'mvcResourceUrlProvider'
2024-05-22 03:08:57 - Creating shared instance of singleton bean 'welcomePageNotAcceptableHandlerMapping'
2024-05-22 03:08:57 - Autowiring by type from bean name 'welcomePageNotAcceptableHandlerMapping' via factory method to bean named 'org.springframework.web.context.support.GenericWebApplicationContext@7a639ec5'
2024-05-22 03:08:57 - Autowiring by type from bean name 'welcomePageNotAcceptableHandlerMapping' via factory method to bean named 'mvcConversionService'
2024-05-22 03:08:57 - Autowiring by type from bean name 'welcomePageNotAcceptableHandlerMapping' via factory method to bean named 'mvcResourceUrlProvider'
2024-05-22 03:08:57 - Creating shared instance of singleton bean 'localeResolver'
2024-05-22 03:08:57 - Creating shared instance of singleton bean 'themeResolver'
2024-05-22 03:08:57 - Creating shared instance of singleton bean 'flashMapManager'
2024-05-22 03:08:57 - Creating shared instance of singleton bean 'mvcValidator'
2024-05-22 03:08:57 - Creating shared instance of singleton bean 'mvcContentNegotiationManager'
2024-05-22 03:08:57 - Creating shared instance of singleton bean 'requestMappingHandlerMapping'
2024-05-22 03:08:57 - Autowiring by type from bean name 'requestMappingHandlerMapping' via factory method to bean named 'mvcContentNegotiationManager'
2024-05-22 03:08:57 - Autowiring by type from bean name 'requestMappingHandlerMapping' via factory method to bean named 'mvcConversionService'
2024-05-22 03:08:57 - Autowiring by type from bean name 'requestMappingHandlerMapping' via factory method to bean named 'mvcResourceUrlProvider'
2024-05-22 03:08:57 - 
	c.q.q.c.ExcelImportController:
	{POST [/api/import/excel]}: importQuizFromExcel(MultipartFile)
	{GET [/api/import/template]}: downloadTemplate()
2024-05-22 03:08:57 - 
	o.s.b.a.w.s.e.BasicErrorController:
	{ [/error]}: error(HttpServletRequest)
	{ [/error], produces [text/html]}: errorHtml(HttpServletRequest,HttpServletResponse)
2024-05-22 03:08:57 - 4 mappings in 'requestMappingHandlerMapping'
2024-05-22 03:08:57 - Creating shared instance of singleton bean 'mvcPatternParser'
2024-05-22 03:08:57 - Creating shared instance of singleton bean 'mvcUrlPathHelper'
2024-05-22 03:08:57 - Creating shared instance of singleton bean 'mvcPathMatcher'
2024-05-22 03:08:57 - Creating shared instance of singleton bean 'viewControllerHandlerMapping'
2024-05-22 03:08:57 - Autowiring by type from bean name 'viewControllerHandlerMapping' via factory method to bean named 'mvcConversionService'
2024-05-22 03:08:57 - Autowiring by type from bean name 'viewControllerHandlerMapping' via factory method to bean named 'mvcResourceUrlProvider'
2024-05-22 03:08:57 - Creating shared instance of singleton bean 'beanNameHandlerMapping'
2024-05-22 03:08:57 - Autowiring by type from bean name 'beanNameHandlerMapping' via factory method to bean named 'mvcConversionService'
2024-05-22 03:08:57 - Autowiring by type from bean name 'beanNameHandlerMapping' via factory method to bean named 'mvcResourceUrlProvider'
2024-05-22 03:08:57 - 'beanNameHandlerMapping' {}
2024-05-22 03:08:57 - Creating shared instance of singleton bean 'routerFunctionMapping'
2024-05-22 03:08:57 - Autowiring by type from bean name 'routerFunctionMapping' via factory method to bean named 'mvcConversionService'
2024-05-22 03:08:57 - Autowiring by type from bean name 'routerFunctionMapping' via factory method to bean named 'mvcResourceUrlProvider'
2024-05-22 03:08:57 - Creating shared instance of singleton bean 'messageConverters'
2024-05-22 03:08:57 - Creating shared instance of singleton bean 'org.springframework.boot.autoconfigure.http.HttpMessageConvertersAutoConfiguration'
2024-05-22 03:08:57 - Creating shared instance of singleton bean 'stringHttpMessageConverter'
2024-05-22 03:08:57 - Creating shared instance of singleton bean 'org.springframework.boot.autoconfigure.http.HttpMessageConvertersAutoConfiguration$StringHttpMessageConverterConfiguration'
2024-05-22 03:08:57 - Autowiring by type from bean name 'stringHttpMessageConverter' via factory method to bean named 'environment'
2024-05-22 03:08:57 - Creating shared instance of singleton bean 'mappingJackson2HttpMessageConverter'
2024-05-22 03:08:57 - Creating shared instance of singleton bean 'org.springframework.boot.autoconfigure.http.JacksonHttpMessageConvertersConfiguration$MappingJackson2HttpMessageConverterConfiguration'
2024-05-22 03:08:57 - Autowiring by type from bean name 'mappingJackson2HttpMessageConverter' via factory method to bean named 'jacksonObjectMapper'
2024-05-22 03:08:58 - Creating shared instance of singleton bean 'applicationJsonHalConfiguration'
2024-05-22 03:08:58 - Creating shared instance of singleton bean 'org.springframework.boot.autoconfigure.hateoas.HypermediaAutoConfiguration'
2024-05-22 03:08:58 - Creating shared instance of singleton bean 'resourceHandlerMapping'
2024-05-22 03:08:58 - Autowiring by type from bean name 'resourceHandlerMapping' via factory method to bean named 'mvcContentNegotiationManager'
2024-05-22 03:08:58 - Autowiring by type from bean name 'resourceHandlerMapping' via factory method to bean named 'mvcConversionService'
2024-05-22 03:08:58 - Autowiring by type from bean name 'resourceHandlerMapping' via factory method to bean named 'mvcResourceUrlProvider'
2024-05-22 03:08:59 - 'resourceHandlerMapping' {/webjars/**=ResourceHttpRequestHandler [classpath [META-INF/resources/webjars/]], /**=ResourceHttpRequestHandler [classpath [META-INF/resources/], classpath [resources/], classpath [static/], classpath [public/], ServletContext [/]]}
2024-05-22 03:08:59 - Creating shared instance of singleton bean 'defaultServletHandlerMapping'
2024-05-22 03:08:59 - Creating shared instance of singleton bean 'requestMappingHandlerAdapter'
2024-05-22 03:08:59 - Autowiring by type from bean name 'requestMappingHandlerAdapter' via factory method to bean named 'mvcContentNegotiationManager'
2024-05-22 03:08:59 - Autowiring by type from bean name 'requestMappingHandlerAdapter' via factory method to bean named 'mvcConversionService'
2024-05-22 03:08:59 - Autowiring by type from bean name 'requestMappingHandlerAdapter' via factory method to bean named 'mvcValidator'
2024-05-22 03:08:59 - Creating shared instance of singleton bean 'sortResolver'
2024-05-22 03:08:59 - Creating shared instance of singleton bean 'sortCustomizer'
2024-05-22 03:08:59 - Creating shared instance of singleton bean 'org.springframework.boot.autoconfigure.data.web.SpringDataWebAutoConfiguration'
2024-05-22 03:08:59 - Creating shared instance of singleton bean 'spring.data.web-org.springframework.boot.autoconfigure.data.web.SpringDataWebProperties'
2024-05-22 03:08:59 - Autowiring by type from bean name 'org.springframework.boot.autoconfigure.data.web.SpringDataWebAutoConfiguration' via constructor to bean named 'spring.data.web-org.springframework.boot.autoconfigure.data.web.SpringDataWebProperties'
2024-05-22 03:08:59 - Creating shared instance of singleton bean 'pageableResolver'
2024-05-22 03:08:59 - Creating shared instance of singleton bean 'pageableCustomizer'
2024-05-22 03:08:59 - Creating shared instance of singleton bean 'pagedResourcesAssemblerArgumentResolver'
2024-05-22 03:08:59 - Creating shared instance of singleton bean 'slicedResourcesAssemblerArgumentResolver'
2024-05-22 03:08:59 - Creating shared instance of singleton bean 'applicationTaskExecutor'
2024-05-22 03:08:59 - Autowiring by type from bean name 'applicationTaskExecutor' via factory method to bean named 'taskExecutorBuilder'
2024-05-22 03:08:59 - Initializing ExecutorService 'applicationTaskExecutor'
2024-05-22 03:08:59 - ControllerAdvice beans: 0 @ModelAttribute, 0 @InitBinder, 1 RequestBodyAdvice, 1 ResponseBodyAdvice
2024-05-22 03:08:59 - Creating shared instance of singleton bean 'handlerFunctionAdapter'
2024-05-22 03:08:59 - Creating shared instance of singleton bean 'mvcUriComponentsContributor'
2024-05-22 03:08:59 - Autowiring by type from bean name 'mvcUriComponentsContributor' via factory method to bean named 'mvcConversionService'
2024-05-22 03:08:59 - Autowiring by type from bean name 'mvcUriComponentsContributor' via factory method to bean named 'requestMappingHandlerAdapter'
2024-05-22 03:08:59 - Creating shared instance of singleton bean 'httpRequestHandlerAdapter'
2024-05-22 03:08:59 - Creating shared instance of singleton bean 'simpleControllerHandlerAdapter'
2024-05-22 03:08:59 - Creating shared instance of singleton bean 'handlerExceptionResolver'
2024-05-22 03:08:59 - Autowiring by type from bean name 'handlerExceptionResolver' via factory method to bean named 'mvcContentNegotiationManager'
2024-05-22 03:08:59 - ControllerAdvice beans: 1 @ExceptionHandler, 1 ResponseBodyAdvice
2024-05-22 03:08:59 - Creating shared instance of singleton bean 'mvcViewResolver'
2024-05-22 03:08:59 - Autowiring by type from bean name 'mvcViewResolver' via factory method to bean named 'mvcContentNegotiationManager'
2024-05-22 03:08:59 - Creating shared instance of singleton bean 'viewNameTranslator'
2024-05-22 03:08:59 - Creating shared instance of singleton bean 'defaultViewResolver'
2024-05-22 03:08:59 - Creating shared instance of singleton bean 'viewResolver'
2024-05-22 03:08:59 - Autowiring by type from bean name 'viewResolver' via factory method to bean named 'org.springframework.beans.factory.support.DefaultListableBeanFactory@58d63b16'
2024-05-22 03:08:59 - Creating shared instance of singleton bean 'viewResolver'
2024-05-22 03:08:59 - Creating shared instance of singleton bean 'requestContextFilter'
2024-05-22 03:08:59 - Creating shared instance of singleton bean 'org.springframework.boot.autoconfigure.web.servlet.WebMvcAutoConfiguration'
2024-05-22 03:08:59 - Creating shared instance of singleton bean 'formContentFilter'
2024-05-22 03:09:00 - Creating shared instance of singleton bean 'org.springframework.boot.autoconfigure.http.JacksonHttpMessageConvertersConfiguration'
2024-05-22 03:09:00 - Creating shared instance of singleton bean 'org.springframework.data.web.config.ProjectingArgumentResolverRegistrar'
2024-05-22 03:09:00 - Creating shared instance of singleton bean 'pagedResourcesAssembler'
2024-05-22 03:09:00 - Creating shared instance of singleton bean 'slicedResourcesAssembler'
2024-05-22 03:09:00 - Creating shared instance of singleton bean 'offsetResolver'
2024-05-22 03:09:00 - Creating shared instance of singleton bean 'halLinkDisocoverer'
2024-05-22 03:09:00 - Creating shared instance of singleton bean 'org.springframework.hateoas.config.WebTestHateoasConfiguration'
2024-05-22 03:09:00 - Creating shared instance of singleton bean 'defaultRelProvider'
2024-05-22 03:09:00 - Creating shared instance of singleton bean 'annotationRelProvider'
2024-05-22 03:09:00 - Creating shared instance of singleton bean 'linkDiscoverers'
2024-05-22 03:09:00 - Creating shared instance of singleton bean 'linkDiscovererRegistry'
2024-05-22 03:09:00 - Autowiring by type from bean name 'linkDiscoverers' via factory method to bean named 'linkDiscovererRegistry'
2024-05-22 03:09:00 - Creating shared instance of singleton bean 'org.springframework.hateoas.config.WebMvcEntityLinksConfiguration'
2024-05-22 03:09:00 - Creating shared instance of singleton bean 'webMvcEntityLinks'
2024-05-22 03:09:00 - Creating shared instance of singleton bean 'webMvcLinkBuilderFactory'
2024-05-22 03:09:00 - Creating shared instance of singleton bean 'entityLinksPluginRegistry'
2024-05-22 03:09:00 - Autowiring by type from bean name 'entityLinksPluginRegistry' via factory method to bean named 'org.springframework.web.context.support.GenericWebApplicationContext@7a639ec5'
2024-05-22 03:09:00 - Creating shared instance of singleton bean 'delegatingEntityLinks'
2024-05-22 03:09:00 - Autowiring by type from bean name 'delegatingEntityLinks' via factory method to bean named 'entityLinksPluginRegistry'
2024-05-22 03:09:00 - Creating shared instance of singleton bean 'representationModelProcessorInvoker'
2024-05-22 03:09:00 - Creating shared instance of singleton bean 'org.springframework.hateoas.config.RestTemplateHateoasConfiguration'
2024-05-22 03:09:00 - Creating shared instance of singleton bean 'org.springframework.boot.autoconfigure.hateoas.HypermediaAutoConfiguration$HypermediaConfiguration'
2024-05-22 03:09:00 - Creating shared instance of singleton bean 'spring.hateoas-org.springframework.boot.autoconfigure.hateoas.HateoasProperties'
2024-05-22 03:09:00 - Creating shared instance of singleton bean 'org.springframework.boot.autoconfigure.security.servlet.SpringBootWebSecurityConfiguration'
2024-05-22 03:09:00 - Creating shared instance of singleton bean 'org.springframework.boot.autoconfigure.security.servlet.SecurityAutoConfiguration'
2024-05-22 03:09:00 - Creating shared instance of singleton bean 'authenticationEventPublisher'
2024-05-22 03:09:00 - Autowiring by type from bean name 'authenticationEventPublisher' via factory method to bean named 'org.springframework.web.context.support.GenericWebApplicationContext@7a639ec5'
2024-05-22 03:09:00 - Creating shared instance of singleton bean 'spring.security-org.springframework.boot.autoconfigure.security.SecurityProperties'
2024-05-22 03:09:00 - Creating shared instance of singleton bean 'org.springframework.boot.autoconfigure.web.servlet.HttpEncodingAutoConfiguration'
2024-05-22 03:09:00 - Autowiring by type from bean name 'org.springframework.boot.autoconfigure.web.servlet.HttpEncodingAutoConfiguration' via constructor to bean named 'server-org.springframework.boot.autoconfigure.web.ServerProperties'
2024-05-22 03:09:00 - Creating shared instance of singleton bean 'characterEncodingFilter'
2024-05-22 03:09:00 - Creating shared instance of singleton bean 'localeCharsetMappingsCustomizer'
2024-05-22 03:09:00 - Creating shared instance of singleton bean 'mockMvcBuilder'
2024-05-22 03:09:00 - Creating shared instance of singleton bean 'springBootMockMvcBuilderCustomizer'
2024-05-22 03:09:00 - Autowiring by type from bean name 'mockMvcBuilder' via factory method to bean named 'springBootMockMvcBuilderCustomizer'
2024-05-22 03:09:00 - Mapping filters: characterEncodingFilter urls=[/*] order=-2147483648, formContentFilter urls=[/*] order=-9900, requestContextFilter urls=[/*] order=-105
2024-05-22 03:09:00 - Mapping servlets: 
2024-05-22 03:09:00 - Creating shared instance of singleton bean 'mockMvc'
2024-05-22 03:09:00 - Autowiring by type from bean name 'mockMvc' via factory method to bean named 'mockMvcBuilder'
2024-05-22 03:09:00 - Filter 'characterEncodingFilter' configured for use
2024-05-22 03:09:00 - Filter 'formContentFilter' configured for use
2024-05-22 03:09:00 - Filter 'requestContextFilter' configured for use
2024-05-22 03:09:00 - Initializing Spring TestDispatcherServlet ''
2024-05-22 03:09:00 - Initializing Servlet ''
2024-05-22 03:09:00 - Detected AcceptHeaderLocaleResolver
2024-05-22 03:09:00 - Detected FixedThemeResolver
2024-05-22 03:09:00 - Detected org.springframework.web.servlet.view.DefaultRequestToViewNameTranslator@41167ded
2024-05-22 03:09:00 - Detected org.springframework.web.servlet.support.SessionFlashMapManager@7f642bf
2024-05-22 03:09:00 - enableLoggingRequestDetails='false': request parameters and headers will be masked to prevent unsafe logging of potentially sensitive data
2024-05-22 03:09:00 - Completed initialization in 8 ms
2024-05-22 03:09:00 - Creating shared instance of singleton bean 'dispatcherServlet'
2024-05-22 03:09:00 - Autowiring by type from bean name 'dispatcherServlet' via factory method to bean named 'mockMvc'
2024-05-22 03:09:00 - Creating shared instance of singleton bean 'org.springframework.boot.test.autoconfigure.web.servlet.MockMvcSecurityConfiguration'
2024-05-22 03:09:00 - Starting beans in phase -2147483647
2024-05-22 03:09:00 - Successfully started bean 'springBootLoggingLifecycle'
2024-05-22 03:09:00 - Starting beans in phase 2147483647
2024-05-22 03:09:00 - 


============================
CONDITIONS EVALUATION REPORT
============================


Positive matches:
-----------------

   ErrorMvcAutoConfiguration matched:
      - @ConditionalOnClass found required classes 'jakarta.servlet.Servlet', 'org.springframework.web.servlet.DispatcherServlet' (OnClassCondition)
      - found 'session' scope (OnWebApplicationCondition)

   ErrorMvcAutoConfiguration#basicErrorController matched:
      - @ConditionalOnMissingBean (types: org.springframework.boot.web.servlet.error.ErrorController; SearchStrategy: current) did not find any beans (OnBeanCondition)

   ErrorMvcAutoConfiguration#errorAttributes matched:
      - @ConditionalOnMissingBean (types: org.springframework.boot.web.servlet.error.ErrorAttributes; SearchStrategy: current) did not find any beans (OnBeanCondition)

   ErrorMvcAutoConfiguration.WhitelabelErrorViewConfiguration matched:
      - @ConditionalOnProperty (server.error.whitelabel.enabled) matched (OnPropertyCondition)
      - ErrorTemplate Missing did not find error template view (ErrorMvcAutoConfiguration.ErrorTemplateMissingCondition)

   ErrorMvcAutoConfiguration.WhitelabelErrorViewConfiguration#beanNameViewResolver matched:
      - @ConditionalOnMissingBean (types: org.springframework.web.servlet.view.BeanNameViewResolver; SearchStrategy: all) did not find any beans (OnBeanCondition)

   ErrorMvcAutoConfiguration.WhitelabelErrorViewConfiguration#defaultErrorView matched:
      - @ConditionalOnMissingBean (names: error; SearchStrategy: all) did not find any beans (OnBeanCondition)

   HttpEncodingAutoConfiguration matched:
      - @ConditionalOnClass found required class 'org.springframework.web.filter.CharacterEncodingFilter' (OnClassCondition)
      - found 'session' scope (OnWebApplicationCondition)
      - @ConditionalOnProperty (server.servlet.encoding.enabled) matched (OnPropertyCondition)

   HttpEncodingAutoConfiguration#characterEncodingFilter matched:
      - @ConditionalOnMissingBean (types: org.springframework.web.filter.CharacterEncodingFilter; SearchStrategy: all) did not find any beans (OnBeanCondition)

   HttpMessageConvertersAutoConfiguration matched:
      - @ConditionalOnClass found required class 'org.springframework.http.converter.HttpMessageConverter' (OnClassCondition)
      - NoneNestedConditions 0 matched 1 did not; NestedCondition on HttpMessageConvertersAutoConfiguration.NotReactiveWebApplicationCondition.ReactiveWebApplication did not find reactive web application classes (HttpMessageConvertersAutoConfiguration.NotReactiveWebApplicationCondition)

   HttpMessageConvertersAutoConfiguration#messageConverters matched:
      - @ConditionalOnMissingBean (types: org.springframework.boot.autoconfigure.http.HttpMessageConverters; SearchStrategy: all) did not find any beans (OnBeanCondition)

   HttpMessageConvertersAutoConfiguration.StringHttpMessageConverterConfiguration matched:
      - @ConditionalOnClass found required class 'org.springframework.http.converter.StringHttpMessageConverter' (OnClassCondition)

   HttpMessageConvertersAutoConfiguration.StringHttpMessageConverterConfiguration#stringHttpMessageConverter matched:
      - @ConditionalOnMissingBean (types: org.springframework.http.converter.StringHttpMessageConverter; SearchStrategy: all) did not find any beans (OnBeanCondition)

   HypermediaAutoConfiguration matched:
      - @ConditionalOnClass found required classes 'org.springframework.hateoas.EntityModel', 'org.springframework.web.bind.annotation.RequestMapping', 'org.springframework.web.servlet.mvc.method.annotation.RequestMappingHandlerAdapter', 'org.springframework.plugin.core.Plugin' (OnClassCondition)
      - @ConditionalOnWebApplication (required) found 'session' scope (OnWebApplicationCondition)

   HypermediaAutoConfiguration#applicationJsonHalConfiguration matched:
      - @ConditionalOnClass found required class 'com.fasterxml.jackson.databind.ObjectMapper' (OnClassCondition)
      - @ConditionalOnProperty (spring.hateoas.use-hal-as-default-json-media-type) matched (OnPropertyCondition)
      - @ConditionalOnMissingBean (types: org.springframework.hateoas.mediatype.hal.HalConfiguration; SearchStrategy: all) did not find any beans (OnBeanCondition)

   HypermediaAutoConfiguration.HypermediaConfiguration matched:
      - @ConditionalOnClass found required class 'com.fasterxml.jackson.databind.ObjectMapper' (OnClassCondition)
      - @ConditionalOnMissingBean (types: org.springframework.hateoas.client.LinkDiscoverers; SearchStrategy: all) did not find any beans (OnBeanCondition)

   JacksonAutoConfiguration matched:
      - @ConditionalOnClass found required class 'com.fasterxml.jackson.databind.ObjectMapper' (OnClassCondition)

   JacksonAutoConfiguration.Jackson2ObjectMapperBuilderCustomizerConfiguration matched:
      - @ConditionalOnClass found required class 'org.springframework.http.converter.json.Jackson2ObjectMapperBuilder' (OnClassCondition)

   JacksonAutoConfiguration.JacksonObjectMapperBuilderConfiguration matched:
      - @ConditionalOnClass found required class 'org.springframework.http.converter.json.Jackson2ObjectMapperBuilder' (OnClassCondition)

   JacksonAutoConfiguration.JacksonObjectMapperBuilderConfiguration#jacksonObjectMapperBuilder matched:
      - @ConditionalOnMissingBean (types: org.springframework.http.converter.json.Jackson2ObjectMapperBuilder; SearchStrategy: all) did not find any beans (OnBeanCondition)

   JacksonAutoConfiguration.JacksonObjectMapperConfiguration matched:
      - @ConditionalOnClass found required class 'org.springframework.http.converter.json.Jackson2ObjectMapperBuilder' (OnClassCondition)

   JacksonAutoConfiguration.JacksonObjectMapperConfiguration#jacksonObjectMapper matched:
      - @ConditionalOnMissingBean (types: com.fasterxml.jackson.databind.ObjectMapper; SearchStrategy: all) did not find any beans (OnBeanCondition)

   JacksonAutoConfiguration.ParameterNamesModuleConfiguration matched:
      - @ConditionalOnClass found required class 'com.fasterxml.jackson.module.paramnames.ParameterNamesModule' (OnClassCondition)

   JacksonAutoConfiguration.ParameterNamesModuleConfiguration#parameterNamesModule matched:
      - @ConditionalOnMissingBean (types: com.fasterxml.jackson.module.paramnames.ParameterNamesModule; SearchStrategy: all) did not find any beans (OnBeanCondition)

   JacksonHttpMessageConvertersConfiguration.MappingJackson2HttpMessageConverterConfiguration matched:
      - @ConditionalOnClass found required class 'com.fasterxml.jackson.databind.ObjectMapper' (OnClassCondition)
      - @ConditionalOnProperty (spring.mvc.converters.preferred-json-mapper=jackson) matched (OnPropertyCondition)
      - @ConditionalOnBean (types: com.fasterxml.jackson.databind.ObjectMapper; SearchStrategy: all) found bean 'jacksonObjectMapper' (OnBeanCondition)

   JacksonHttpMessageConvertersConfiguration.MappingJackson2HttpMessageConverterConfiguration#mappingJackson2HttpMessageConverter matched:
      - @ConditionalOnMissingBean (types: org.springframework.http.converter.json.MappingJackson2HttpMessageConverter ignored: org.springframework.hateoas.server.mvc.TypeConstrainedMappingJackson2HttpMessageConverter,org.springframework.data.rest.webmvc.alps.AlpsJsonHttpMessageConverter; SearchStrategy: all) did not find any beans (OnBeanCondition)

   MockMvcAutoConfiguration matched:
      - found 'session' scope (OnWebApplicationCondition)

   MockMvcAutoConfiguration#dispatcherServlet matched:
      - @ConditionalOnMissingBean (types: org.springframework.web.servlet.DispatcherServlet; SearchStrategy: all) did not find any beans (OnBeanCondition)

   MockMvcAutoConfiguration#dispatcherServletPath matched:
      - @ConditionalOnMissingBean (types: org.springframework.boot.autoconfigure.web.servlet.DispatcherServletPath; SearchStrategy: all) did not find any beans (OnBeanCondition)

   MockMvcAutoConfiguration#mockMvc matched:
      - @ConditionalOnMissingBean (types: org.springframework.test.web.servlet.MockMvc; SearchStrategy: all) did not find any beans (OnBeanCondition)

   MockMvcAutoConfiguration#mockMvcBuilder matched:
      - @ConditionalOnMissingBean (types: org.springframework.test.web.servlet.MockMvcBuilder; SearchStrategy: all) did not find any beans (OnBeanCondition)

   MockMvcSecurityConfiguration matched:
      - @ConditionalOnClass found required class 'org.springframework.security.test.web.servlet.request.SecurityMockMvcRequestPostProcessors' (OnClassCondition)

   NoOpCacheConfiguration matched:
      - Cache org.springframework.boot.autoconfigure.cache.NoOpCacheConfiguration NONE cache type (CacheCondition)

   SecurityAutoConfiguration matched:
      - @ConditionalOnClass found required class 'org.springframework.security.authentication.DefaultAuthenticationEventPublisher' (OnClassCondition)

   SecurityAutoConfiguration#authenticationEventPublisher matched:
      - @ConditionalOnMissingBean (types: org.springframework.security.authentication.AuthenticationEventPublisher; SearchStrategy: all) did not find any beans (OnBeanCondition)

   SpringBootWebSecurityConfiguration matched:
      - found 'session' scope (OnWebApplicationCondition)

   SpringDataWebAutoConfiguration matched:
      - @ConditionalOnClass found required classes 'org.springframework.data.web.PageableHandlerMethodArgumentResolver', 'org.springframework.web.servlet.config.annotation.WebMvcConfigurer' (OnClassCondition)
      - found 'session' scope (OnWebApplicationCondition)
      - @ConditionalOnMissingBean (types: org.springframework.data.web.PageableHandlerMethodArgumentResolver; SearchStrategy: all) did not find any beans (OnBeanCondition)

   SpringDataWebAutoConfiguration#pageableCustomizer matched:
      - @ConditionalOnMissingBean (types: org.springframework.data.web.config.PageableHandlerMethodArgumentResolverCustomizer; SearchStrategy: all) did not find any beans (OnBeanCondition)

   SpringDataWebAutoConfiguration#sortCustomizer matched:
      - @ConditionalOnMissingBean (types: org.springframework.data.web.config.SortHandlerMethodArgumentResolverCustomizer; SearchStrategy: all) did not find any beans (OnBeanCondition)

   TaskExecutionAutoConfiguration matched:
      - @ConditionalOnClass found required class 'org.springframework.scheduling.concurrent.ThreadPoolTaskExecutor' (OnClassCondition)

   TaskExecutorConfigurations.SimpleAsyncTaskExecutorBuilderConfiguration#simpleAsyncTaskExecutorBuilder matched:
      - @ConditionalOnMissingBean (types: org.springframework.boot.task.SimpleAsyncTaskExecutorBuilder; SearchStrategy: all) did not find any beans (OnBeanCondition)
      - @ConditionalOnThreading found PLATFORM (OnThreadingCondition)

   TaskExecutorConfigurations.TaskExecutorBuilderConfiguration#taskExecutorBuilder matched:
      - @ConditionalOnMissingBean (types: org.springframework.boot.task.TaskExecutorBuilder; SearchStrategy: all) did not find any beans (OnBeanCondition)

   TaskExecutorConfigurations.TaskExecutorConfiguration matched:
      - @ConditionalOnMissingBean (types: java.util.concurrent.Executor; SearchStrategy: all) did not find any beans (OnBeanCondition)

   TaskExecutorConfigurations.TaskExecutorConfiguration#applicationTaskExecutor matched:
      - @ConditionalOnThreading found PLATFORM (OnThreadingCondition)

   TaskExecutorConfigurations.ThreadPoolTaskExecutorBuilderConfiguration#threadPoolTaskExecutorBuilder matched:
      - @ConditionalOnMissingBean (types: org.springframework.boot.task.TaskExecutorBuilder,org.springframework.boot.task.ThreadPoolTaskExecutorBuilder; SearchStrategy: all) did not find any beans (OnBeanCondition)

   ValidationAutoConfiguration matched:
      - @ConditionalOnClass found required class 'jakarta.validation.executable.ExecutableValidator' (OnClassCondition)
      - @ConditionalOnResource found location classpath:META-INF/services/jakarta.validation.spi.ValidationProvider (OnResourceCondition)

   ValidationAutoConfiguration#defaultValidator matched:
      - @ConditionalOnMissingBean (types: jakarta.validation.Validator; SearchStrategy: all) did not find any beans (OnBeanCondition)

   ValidationAutoConfiguration#methodValidationPostProcessor matched:
      - @ConditionalOnMissingBean (types: org.springframework.validation.beanvalidation.MethodValidationPostProcessor; SearchStrategy: current) did not find any beans (OnBeanCondition)

   WebMvcAutoConfiguration matched:
      - @ConditionalOnClass found required classes 'jakarta.servlet.Servlet', 'org.springframework.web.servlet.DispatcherServlet', 'org.springframework.web.servlet.config.annotation.WebMvcConfigurer' (OnClassCondition)
      - found 'session' scope (OnWebApplicationCondition)
      - @ConditionalOnMissingBean (types: org.springframework.web.servlet.config.annotation.WebMvcConfigurationSupport; SearchStrategy: all) did not find any beans (OnBeanCondition)

   WebMvcAutoConfiguration#formContentFilter matched:
      - @ConditionalOnProperty (spring.mvc.formcontent.filter.enabled) matched (OnPropertyCondition)
      - @ConditionalOnMissingBean (types: org.springframework.web.filter.FormContentFilter; SearchStrategy: all) did not find any beans (OnBeanCondition)

   WebMvcAutoConfiguration.EnableWebMvcConfiguration#flashMapManager matched:
      - @ConditionalOnMissingBean (names: flashMapManager; SearchStrategy: all) did not find any beans (OnBeanCondition)

   WebMvcAutoConfiguration.EnableWebMvcConfiguration#localeResolver matched:
      - @ConditionalOnMissingBean (names: localeResolver; SearchStrategy: all) did not find any beans (OnBeanCondition)

   WebMvcAutoConfiguration.EnableWebMvcConfiguration#themeResolver matched:
      - @ConditionalOnMissingBean (names: themeResolver; SearchStrategy: all) did not find any beans (OnBeanCondition)

   WebMvcAutoConfiguration.ResourceChainCustomizerConfiguration matched:
      - @ConditionalOnEnabledResourceChain found class org.webjars.WebJarAssetLocator (OnEnabledResourceChainCondition)

   WebMvcAutoConfiguration.WebMvcAutoConfigurationAdapter#defaultViewResolver matched:
      - @ConditionalOnMissingBean (types: org.springframework.web.servlet.view.InternalResourceViewResolver; SearchStrategy: all) did not find any beans (OnBeanCondition)

   WebMvcAutoConfiguration.WebMvcAutoConfigurationAdapter#requestContextFilter matched:
      - @ConditionalOnMissingBean (types: org.springframework.web.context.request.RequestContextListener,org.springframework.web.filter.RequestContextFilter; SearchStrategy: all) did not find any beans (OnBeanCondition)

   WebMvcAutoConfiguration.WebMvcAutoConfigurationAdapter#viewResolver matched:
      - @ConditionalOnBean (types: org.springframework.web.servlet.ViewResolver; SearchStrategy: all) found beans 'defaultViewResolver', 'beanNameViewResolver', 'mvcViewResolver'; @ConditionalOnMissingBean (names: viewResolver types: org.springframework.web.servlet.view.ContentNegotiatingViewResolver; SearchStrategy: all) did not find any beans (OnBeanCondition)


Negative matches:
-----------------

   Cache2kCacheConfiguration:
      Did not match:
         - @ConditionalOnClass did not find required class 'org.cache2k.Cache2kBuilder' (OnClassCondition)

   CacheAutoConfiguration:
      Did not match:
         - @ConditionalOnBean (types: org.springframework.cache.interceptor.CacheAspectSupport; SearchStrategy: all) did not find any beans of type org.springframework.cache.interceptor.CacheAspectSupport (OnBeanCondition)
      Matched:
         - @ConditionalOnClass found required class 'org.springframework.cache.CacheManager' (OnClassCondition)

   CacheAutoConfiguration.CacheManagerEntityManagerFactoryDependsOnPostProcessor:
      Did not match:
         - Ancestor org.springframework.boot.autoconfigure.cache.CacheAutoConfiguration did not match (ConditionEvaluationReport.AncestorsMatchedCondition)
      Matched:
         - @ConditionalOnClass found required class 'org.springframework.orm.jpa.LocalContainerEntityManagerFactoryBean' (OnClassCondition)

   CaffeineCacheConfiguration:
      Did not match:
         - @ConditionalOnClass did not find required class 'com.github.benmanes.caffeine.cache.Caffeine' (OnClassCondition)

   CouchbaseCacheConfiguration:
      Did not match:
         - @ConditionalOnClass did not find required class 'com.couchbase.client.java.Cluster' (OnClassCondition)

   ErrorMvcAutoConfiguration.DefaultErrorViewResolverConfiguration#conventionErrorViewResolver:
      Did not match:
         - @ConditionalOnBean (types: org.springframework.web.servlet.DispatcherServlet; SearchStrategy: all) did not find any beans of type org.springframework.web.servlet.DispatcherServlet (OnBeanCondition)

   FreeMarkerAutoConfiguration:
      Did not match:
         - @ConditionalOnClass did not find required class 'freemarker.template.Configuration' (OnClassCondition)

   GenericCacheConfiguration:
      Did not match:
         - Cache org.springframework.boot.autoconfigure.cache.GenericCacheConfiguration unknown cache type (CacheCondition)

   GroovyTemplateAutoConfiguration:
      Did not match:
         - @ConditionalOnClass did not find required class 'groovy.text.markup.MarkupTemplateEngine' (OnClassCondition)

   GsonAutoConfiguration:
      Did not match:
         - @ConditionalOnClass did not find required class 'com.google.gson.Gson' (OnClassCondition)

   GsonHttpMessageConvertersConfiguration:
      Did not match:
         - @ConditionalOnClass did not find required class 'com.google.gson.Gson' (OnClassCondition)

   HazelcastCacheConfiguration:
      Did not match:
         - @ConditionalOnClass did not find required class 'com.hazelcast.core.HazelcastInstance' (OnClassCondition)

   InfinispanCacheConfiguration:
      Did not match:
         - @ConditionalOnClass did not find required class 'org.infinispan.spring.embedded.provider.SpringEmbeddedCacheManager' (OnClassCondition)

   JCacheCacheConfiguration:
      Did not match:
         - @ConditionalOnClass did not find required class 'javax.cache.Caching' (OnClassCondition)

   JacksonHttpMessageConvertersConfiguration.MappingJackson2XmlHttpMessageConverterConfiguration:
      Did not match:
         - @ConditionalOnClass did not find required class 'com.fasterxml.jackson.dataformat.xml.XmlMapper' (OnClassCondition)

   JsonbAutoConfiguration:
      Did not match:
         - @ConditionalOnClass did not find required class 'jakarta.json.bind.Jsonb' (OnClassCondition)

   JsonbHttpMessageConvertersConfiguration:
      Did not match:
         - @ConditionalOnClass did not find required class 'jakarta.json.bind.Jsonb' (OnClassCondition)

   MessageSourceAutoConfiguration:
      Did not match:
         - ResourceBundle did not find bundle with basename messages (MessageSourceAutoConfiguration.ResourceBundleCondition)

   MockMvcAutoConfiguration.WebTestClientMockMvcConfiguration:
      Did not match:
         - @ConditionalOnClass did not find required class 'org.springframework.web.reactive.function.client.WebClient' (OnClassCondition)

   MockMvcSecurityConfiguration#securityMockMvcBuilderCustomizer:
      Did not match:
         - @ConditionalOnBean (names: springSecurityFilterChain; SearchStrategy: all) did not find any beans named springSecurityFilterChain (OnBeanCondition)

   MockMvcWebClientAutoConfiguration:
      Did not match:
         - @ConditionalOnClass did not find required class 'com.gargoylesoftware.htmlunit.WebClient' (OnClassCondition)

   MockMvcWebDriverAutoConfiguration:
      Did not match:
         - @ConditionalOnClass did not find required class 'org.openqa.selenium.htmlunit.HtmlUnitDriver' (OnClassCondition)

   MustacheAutoConfiguration:
      Did not match:
         - @ConditionalOnClass did not find required class 'com.samskivert.mustache.Mustache' (OnClassCondition)

   OAuth2ClientAutoConfiguration:
      Did not match:
         - @ConditionalOnClass did not find required class 'org.springframework.security.config.annotation.web.configuration.EnableWebSecurity' (OnClassCondition)

   OAuth2ResourceServerAutoConfiguration:
      Did not match:
         - @ConditionalOnClass did not find required class 'org.springframework.security.oauth2.server.resource.authentication.BearerTokenAuthenticationToken' (OnClassCondition)

   RedisCacheConfiguration:
      Did not match:
         - @ConditionalOnClass did not find required class 'org.springframework.data.redis.connection.RedisConnectionFactory' (OnClassCondition)

   SecurityDataConfiguration:
      Did not match:
         - @ConditionalOnClass did not find required class 'org.springframework.security.data.repository.query.SecurityEvaluationContextExtension' (OnClassCondition)

   SecurityFilterAutoConfiguration:
      Did not match:
         - @ConditionalOnClass did not find required class 'org.springframework.security.config.http.SessionCreationPolicy' (OnClassCondition)

   SimpleCacheConfiguration:
      Did not match:
         - Cache org.springframework.boot.autoconfigure.cache.SimpleCacheConfiguration unknown cache type (CacheCondition)

   SpringBootWebSecurityConfiguration.SecurityFilterChainConfiguration:
      Did not match:
         - AllNestedConditions 1 matched 1 did not; NestedCondition on DefaultWebSecurityCondition.Beans @ConditionalOnMissingBean (types: org.springframework.security.web.SecurityFilterChain; SearchStrategy: all) did not find any beans; NestedCondition on DefaultWebSecurityCondition.Classes @ConditionalOnClass did not find required class 'org.springframework.security.config.annotation.web.builders.HttpSecurity' (DefaultWebSecurityCondition)

   SpringBootWebSecurityConfiguration.WebSecurityEnablerConfiguration:
      Did not match:
         - @ConditionalOnClass did not find required class 'org.springframework.security.config.annotation.web.configuration.EnableWebSecurity' (OnClassCondition)

   TaskExecutorConfigurations.SimpleAsyncTaskExecutorBuilderConfiguration#simpleAsyncTaskExecutorBuilderVirtualThreads:
      Did not match:
         - @ConditionalOnMissingBean (types: org.springframework.boot.task.SimpleAsyncTaskExecutorBuilder; SearchStrategy: all) found beans of type 'org.springframework.boot.task.SimpleAsyncTaskExecutorBuilder' simpleAsyncTaskExecutorBuilder (OnBeanCondition)

   TaskExecutorConfigurations.TaskExecutorConfiguration#applicationTaskExecutorVirtualThreads:
      Did not match:
         - @ConditionalOnThreading did not find VIRTUAL (OnThreadingCondition)

   ThymeleafAutoConfiguration:
      Did not match:
         - @ConditionalOnClass did not find required class 'org.thymeleaf.spring6.SpringTemplateEngine' (OnClassCondition)

   UserDetailsServiceAutoConfiguration:
      Did not match:
         - @ConditionalOnBean did not find required type 'org.springframework.security.config.annotation.ObjectPostProcessor' (OnBeanCondition)

   WebMvcAutoConfiguration#hiddenHttpMethodFilter:
      Did not match:
         - @ConditionalOnProperty (spring.mvc.hiddenmethod.filter.enabled) did not find property 'enabled' (OnPropertyCondition)

   WebMvcAutoConfiguration.ProblemDetailsErrorHandlingConfiguration:
      Did not match:
         - @ConditionalOnProperty (spring.mvc.problemdetails.enabled=true) did not find property 'enabled' (OnPropertyCondition)

   WebMvcAutoConfiguration.WebMvcAutoConfigurationAdapter#beanNameViewResolver:
      Did not match:
         - @ConditionalOnMissingBean (types: org.springframework.web.servlet.view.BeanNameViewResolver; SearchStrategy: all) found beans of type 'org.springframework.web.servlet.view.BeanNameViewResolver' beanNameViewResolver (OnBeanCondition)

   WebTestClientAutoConfiguration:
      Did not match:
         - @ConditionalOnClass did not find required class 'org.springframework.web.reactive.function.client.WebClient' (OnClassCondition)


Exclusions:
-----------

    None


Unconditional classes:
----------------------

    None



2024-05-22 03:09:00 - Started ExcelImportControllerTest in 7.721 seconds (process running for 9.583)
2024-05-22 03:09:00 - Creating new Restarter for thread Thread[#1,main,5,main]
2024-05-22 03:09:00 - Spring test ApplicationContext cache statistics: [DefaultContextCache@485c84d7 size = 1, maxSize = 32, parentContextCount = 0, hitCount = 0, missCount = 1, failureCount = 0]
2024-05-22 03:09:00 - Performing dependency injection for test class com.quizapplication.quiz.controller.ExcelImportControllerTest
2024-05-22 03:09:00 - Spring test ApplicationContext cache statistics: [DefaultContextCache@485c84d7 size = 1, maxSize = 32, parentContextCount = 0, hitCount = 1, missCount = 1, failureCount = 0]
2024-05-22 03:09:00 - Spring test ApplicationContext cache statistics: [DefaultContextCache@485c84d7 size = 1, maxSize = 32, parentContextCount = 0, hitCount = 2, missCount = 1, failureCount = 0]
2024-05-22 03:09:00 - Before test method: class [ExcelImportControllerTest], method [testDownloadTemplate_ServerError], class annotated with @DirtiesContext [false] with mode [null], method annotated with @DirtiesContext [false] with mode [null]
2024-05-22 03:09:00 - Spring test ApplicationContext cache statistics: [DefaultContextCache@485c84d7 size = 1, maxSize = 32, parentContextCount = 0, hitCount = 3, missCount = 1, failureCount = 0]
2024-05-22 03:09:00 - Spring test ApplicationContext cache statistics: [DefaultContextCache@485c84d7 size = 1, maxSize = 32, parentContextCount = 0, hitCount = 4, missCount = 1, failureCount = 0]
2024-05-22 03:09:00 - Spring test ApplicationContext cache statistics: [DefaultContextCache@485c84d7 size = 1, maxSize = 32, parentContextCount = 0, hitCount = 5, missCount = 1, failureCount = 0]
2024-05-22 03:09:00 - GET "/api/import/template", parameters={}
2024-05-22 03:09:00 - Mapped to com.quizapplication.quiz.controller.ExcelImportController#downloadTemplate()
[...]
Â0&amp#16;Dïÿ&amp#16;ro·z&amp#16;4¥ '{Ð&amp#15;&amp#8;éÖ&amp#6;MHVéçz&amp#25;æñT·úE¼1e&amp#23;¨»º&amp#2;ÉÑÑ³û¥:ÊNo7jH!bbY&amp#7;åVÎÌñ&amp#4;íÞäºÌT)$o¸Äô0MÎâ9ØGbØ7Í&amp#1;pe¤&amp#17;Ç*~R«>ÆÅYÃEB÷Ñ&amp#20;¤&amp#24;nW&amp#5;ÿ½þ&amp#0;PK&amp#7;&amp#8;6n!&amp#0;&amp#0;&amp#0;¸&amp#0;&amp#0;&amp#0;PK&amp#3;&amp#4;&amp#20;&amp#0;&amp#8;&amp#8;&amp#8;&amp#0;!&amp#25;¶X&amp#0;&amp#0;&amp#0;&amp#0;&amp#0;&amp#0;&amp#0;&amp#0;&amp#0;&amp#0;&amp#0;&amp#0;&amp#17;&amp#0;&amp#0;&amp#0;docProps/core.xmlmÝJÄ0&amp#16;F_¥ä¾4«¢¡í"Ê ¸àÊw!&amp#25;ÛbóC&amp#18;íúö¦u­ Þ%ùÎ&amp#28;&_µ>è!{G&amp#31;zkjR&amp#22;dh¤U½ikò¸Ûäç$&amp#11;Q&amp#24;%&amp#6;k°&ÆuSIÇ¥õ¸õÖ¡=,iLàÒÕ¤Ñq ;Ô"&amp#20;0)|±^®¾&amp#5;'ä«h&amp#17;&amp#24;¥g 1
%¢I»ÅHJ%&amp#23;¥{óÃ,P&amp#18;p@&&amp#6;(&amp#18;~Ø^&amp#7;æd!&amp#15;¡_¨q&amp#28;q5si£&amp#18;în&amp#31;æåóÞL_Hê¨æÒ£¨²$àñÃ¥F¾ýêêz·!£ì$§§9c;Ê8½à=Wðk~&amp#18;~­o.S!&amp#29;fÛû[+øSsó	PK&amp#7;&amp#8;Å:ëÏ&amp#5;&amp#1;&amp#0;&amp#0;°&amp#1;&amp#0;&amp#0;PK&amp#3;&amp#4;&amp#20;&amp#0;&amp#8;&amp#8;&amp#8;&amp#0;!&amp#25;¶X&amp#0;&amp#0;&amp#0;&amp#0;&amp#0;&amp#0;&amp#0;&amp#0;&amp#0;&amp#0;&amp#0;&amp#0;&amp#20;&amp#0;&amp#0;&amp#0;xl/sharedStrings.xml}ÑMjÃ0&amp#16;&amp#5;à}¡w&amp#16;Ú'²¤"+¬
¥&amp#30;@8S[`ýD3&amp#14;îí«@MµÔ{3&amp#31;&amp#3;ÛÑöì&amp#2;&amp#17;w5/&amp#5;gà&amp#26;2®­ù×ñ°xå[õü$&amp#17;5~p6Î&amp#7;Ø=Ä8¬yG&amp#20;ÞÀ¦&amp#3;«qé&amp#3;¸Ô|ûh5¥gl&amp#5;&amp#8;ú&amp#29;&amp#0;Ù^TEñ"¬6+FIR&amp#3; ¥c¤ %Å5»å;MÐúø3Íßá&amp#2;ý4ü&amp#8;Wì&amp#8;#Í$&amp#31;#4ÄÊi±&amp#31;C¯¾­þCVY²Ê³òN®²ä*GÎÊ;¹Îë&amp#28;ù§&amp#20;éÓÕ/PK&amp#7;&amp#8;Í`CÚ&amp#0;&amp#0;&amp#0;"&amp#2;&amp#0;&amp#0;PK&amp#3;&amp#4;&amp#20;&amp#0;&amp#8;&amp#8;&amp#8;&amp#0;!&amp#25;¶X&amp#0;&amp#0;&amp#0;&amp#0;&amp#0;&amp#0;&amp#0;&amp#0;&amp#0;&amp#0;&amp#0;&amp#0;&amp#0;&amp#0;&amp#0;xl/styles.xml¥±nÃ &amp#16;÷J}&amp#7;ÄÞàd¨¢Ê&C%WJ]9Û¨pX@"»O_0NL&amp#29;:ÝÝÏý&amp#31;Ïån4Áye±¢ëUA	`c¥Â®¢&amp#31;úiKwüñ¡ôaÒ°ï&amp#1;&amp#2;&amp#14;ô&amp#21;íC&amp#24;^&amp#24;óM&amp#15;Fø&amp#29;&amp#0;ãIk&amp#17;!®c~p ¤O&£Ù¦(&amp#17;
)/ñdj&amp#19;<iì	CE&amp#11;ÊxÙZ¼*k&amp#5;^úor&amp#22;:*i¶ØÖXm&amp#29;Q(a&amp#4;YÑmÒP&amp#24;È]¯B«£S3O&amp#24;¥§,o0Oºô&amp#25;Ö%å[æà£Iiý;Äf&amp#8;&amp#1;&amp#28;Ö± K~&amp#6;¨(ZûþèÂ}½91Ý8æ&amp#16;/>Z'ã&amp#22;nß%^jhC48Õõ)&amp#6;;°t&amp#24;51Jt&amp#22;NÈcI"¶&amp#1;­÷iuí&amp#29;{lIÞÁ»L¤ç_Ò8ÐfL.&amp#18;ÿÙÿÆ±½çÏhvýÝø&amp#15;PK&amp#7;&amp#8;®ÖE&amp#1;&amp#0;&amp#0;£&amp#2;&amp#0;&amp#0;PK&amp#3;&amp#4;&amp#20;&amp#0;&amp#8;&amp#8;&amp#8;&amp#0;!&amp#25;¶X&amp#0;&amp#0;&amp#0;&amp#0;&amp#0;&amp#0;&amp#0;&amp#0;&amp#0;&amp#0;&amp#0;&amp#0;&amp#15;&amp#0;&amp#0;&amp#0;xl/workbook.xmlÍNÃ0&amp#16;ïH¼µwj&amp#7;&amp#16;(N/&amp#21;Ro&amp#28;&amp#2;÷­³i¬Æ?ZÇÇI&amp#21;àÈi5og¦Ù~¹I^CµQ ÈÐ[ÔðÞ½Þ=Ã¶½½i.O&amp#16;N¢ð>i&amp#24;sµÉä0mB$_!°Ã\$&amp#31;eLØ§(»IÞ+õ$&amp#29;Z&amp#15;×ÿ&amp#17;Á&amp#26;Ú&amp#5;óéÈçk&amp#8;Ó¹¬M£	Úeo,zÌT½¨G&amp#3;N@¶Íì|Xº¤_p&amp#2;M¶gêð AÍü&amp#3;.×+<:ÒÐ¥@pm{¼ï&amp#31;@,Ä¾ÈjÉX&amp#31;åZÕ~&amp#3;PK&amp#7;&amp#8;&amp#23;E4ÑÜ&amp#0;&amp#0;&amp#0;`&amp#1;&amp#0;&amp#0;PK&amp#3;&amp#4;&amp#20;&amp#0;&amp#8;&amp#8;&amp#8;&amp#0;!&amp#25;¶X&amp#0;&amp#0;&amp#0;&amp#0;&amp#0;&amp#0;&amp#0;&amp#0;&amp#0;&amp#0;&amp#0;&amp#0;&amp#26;&amp#0;&amp#0;&amp#0;xl/_rels/workbook.xml.rels­MkÃ0&amp#12;@ÿÑ}qÒÁ&amp#24;£n/cÐëÖý&amp#0;c+qh"&amp#25;Kûè¿»ÃÖ@&amp#7;;ô$ð{&amp#15;´Þ~ÎyÇ"#®iÁ &amp#5;#&amp#14;^÷O7÷`D=E?1¡&amp#3;bØnÖÏ8y­?$YLE8HªùÁZ		g/g¤ºé¹Ì^ë³&amp#12;6ûpð&amp#3;ÚUÛÞÙrÎ%Óì¢²&amp#29;½/&amp#3;ª&amp#3;I¾`|ÑRË¤©àº:füû~&amp#12;øÈámFÒ&amp#11;v»½&amp#28;³:Ñã×¯ø¦þ¥¿ýÕp9HBÔSy&amp#29;ÝµK~&amp#4;§&amp#24;»¸öæ&amp#11;PK&amp#7;&amp#8;&amp#3;;Ô&amp#0;&amp#0;&amp#0;3&amp#2;&amp#0;&amp#0;PK&amp#3;&amp#4;&amp#20;&amp#0;&amp#8;&amp#8;&amp#8;&amp#0;!&amp#25;¶X&amp#0;&amp#0;&amp#0;&amp#0;&amp#0;&amp#0;&amp#0;&amp#0;&amp#0;&amp#0;&amp#0;&amp#0;&amp#24;&amp#0;&amp#0;&amp#0;xl/worksheets/sheet1.xmlmÓÝOÂ0&amp#16;&amp#0;ðw&amp#19;ÿ¦ïÒ&amp#4;l#("¨ñë½l·°µK[À?ßn|h×½Ý¥¿Ëµ«7þ)r´&amp#3;!3Î|ìv&amp#28;<ÊXâã¯ÏÙÕ&amp#16;Ë&amp#11;oÏÅF¦&amp#0;
é&amp#2;&}*U&amp#8;a
&amp#5;&amp#29;^&amp#2;Ó'1&amp#23;&amp#5;U:&amp#21;	¥&amp#0;&amp#26;ÕEENº3 &amp#5;Í&amp#24;&amp#14;¼(+U&amp#29;ØÇ&amp#19;w´r1	¼Ú~g°ÿbTµ^s¾©Eäc}EE×&amp#31;C¨@çJl¡ª&Vù¬¾Í@&amp#17;Ät«w¾C¤J¿´¯zj9¥&amp#6;à{$ô¾`X&amp#5;&amp#19;W7ò±ÄHVM&amp#3;o&amp#23;8&amp#30;ÙéFáQÜÙÂ5Å½-º¦Ú¢g&amp#7;[\bf¾)&amp#30;m10ÅÜ&amp#22;7¦XØbh'[Üâ¹eb¡¾´ÆT-¤1Ö×&amp#22;Òëªüèu8íÔa?JÀ$c&amp#18;­¹R¼Ðe>F1ç
Dõ0JõÒ&amp#28;bU+ÄañêXñòX[ííùo&amp#5;¿PK&amp#7;&amp#8;&amp#11;¶jh&amp#1;&amp#0;&amp#0;&amp#3;&amp#0;&amp#0;PK&amp#1;&amp#2;&amp#20;&amp#0;&amp#20;&amp#0;&amp#8;&amp#8;&amp#8;&amp#0;!&amp#25;¶XzÊq;&amp#1;&amp#0;&amp#0;&amp#28;&amp#4;&amp#0;&amp#0;&amp#19;&amp#0;&amp#0;&amp#0;&amp#0;&amp#0;&amp#0;&amp#0;&amp#0;&amp#0;&amp#0;&amp#0;&amp#0;&amp#0;&amp#0;&amp#0;&amp#0;&amp#0;[Content_Types].xmlPK&amp#1;&amp#2;&amp#20;&amp#0;&amp#20;&amp#0;&amp#8;&amp#8;&amp#8;&amp#0;!&amp#25;¶X§z½ã&amp#0;&amp#0;&amp#0;I&amp#2;&amp#0;&amp#0;&amp#11;&amp#0;&amp#0;&amp#0;&amp#0;&amp#0;&amp#0;&amp#0;&amp#0;&amp#0;&amp#0;&amp#0;&amp#0;&amp#0;|&amp#1;&amp#0;&amp#0;_rels/.relsPK&amp#1;&amp#2;&amp#20;&amp#0;&amp#20;&amp#0;&amp#8;&amp#8;&amp#8;&amp#0;!&amp#25;¶X6n!&amp#0;&amp#0;&amp#0;¸&amp#0;&amp#0;&amp#0;&amp#16;&amp#0;&amp#0;&amp#0;&amp#0;&amp#0;&amp#0;&amp#0;&amp#0;&amp#0;&amp#0;&amp#0;&amp#0;&amp#0;&amp#2;&amp#0;&amp#0;docProps/app.xmlPK&amp#1;&amp#2;&amp#20;&amp#0;&amp#20;&amp#0;&amp#8;&amp#8;&amp#8;&amp#0;!&amp#25;¶XÅ:ëÏ&amp#5;&amp#1;&amp#0;&amp#0;°&amp#1;&amp#0;&amp#0;&amp#17;&amp#0;&amp#0;&amp#0;&amp#0;&amp#0;&amp#0;&amp#0;&amp#0;&amp#0;&amp#0;&amp#0;&amp#0;&amp#0;i&amp#3;&amp#0;&amp#0;docProps/core.xmlPK&amp#1;&amp#2;&amp#20;&amp#0;&amp#20;&amp#0;&amp#8;&amp#8;&amp#8;&amp#0;!&amp#25;¶XÍ`CÚ&amp#0;&amp#0;&amp#0;"&amp#2;&amp#0;&amp#0;&amp#20;&amp#0;&amp#0;&amp#0;&amp#0;&amp#0;&amp#0;&amp#0;&amp#0;&amp#0;&amp#0;&amp#0;&amp#0;&amp#0;­&amp#4;&amp#0;&amp#0;xl/sharedStrings.xmlPK&amp#1;&amp#2;&amp#20;&amp#0;&amp#20;&amp#0;&amp#8;&amp#8;&amp#8;&amp#0;!&amp#25;¶X®ÖE&amp#1;&amp#0;&amp#0;£&amp#2;&amp#0;&amp#0;&amp#0;&amp#0;&amp#0;&amp#0;&amp#0;&amp#0;&amp#0;&amp#0;&amp#0;&amp#0;&amp#0;&amp#0;&amp#0;É&amp#5;&amp#0;&amp#0;xl/styles.xmlPK&amp#1;&amp#2;&amp#20;&amp#0;&amp#20;&amp#0;&amp#8;&amp#8;&amp#8;&amp#0;!&amp#25;¶X&amp#23;E4ÑÜ&amp#0;&amp#0;&amp#0;`&amp#1;&amp#0;&amp#0;&amp#15;&amp#0;&amp#0;&amp#0;&amp#0;&amp#0;&amp#0;&amp#0;&amp#0;&amp#0;&amp#0;&amp#0;&amp#0;&amp#0;I&amp#7;&amp#0;&amp#0;xl/workbook.xmlPK&amp#1;&amp#2;&amp#20;&amp#0;&amp#20;&amp#0;&amp#8;&amp#8;&amp#8;&amp#0;!&amp#25;¶X&amp#3;;Ô&amp#0;&amp#0;&amp#0;3&amp#2;&amp#0;&amp#0;&amp#26;&amp#0;&amp#0;&amp#0;&amp#0;&amp#0;&amp#0;&amp#0;&amp#0;&amp#0;&amp#0;&amp#0;&amp#0;&amp#0;b&amp#8;&amp#0;&amp#0;xl/_rels/workbook.xml.relsPK&amp#1;&amp#2;&amp#20;&amp#0;&amp#20;&amp#0;&amp#8;&amp#8;&amp#8;&amp#0;!&amp#25;¶X&amp#11;¶jh&amp#1;&amp#0;&amp#0;&amp#3;&amp#0;&amp#0;&amp#24;&amp#0;&amp#0;&amp#0;&amp#0;&amp#0;&amp#0;&amp#0;&amp#0;&amp#0;&amp#0;&amp#0;&amp#0;&amp#0;~	&amp#0;&amp#0;xl/worksheets/sheet1.xmlPK&amp#5;&amp#6;&amp#0;&amp#0;&amp#0;&amp#0;	&amp#0;	&amp#0;?&amp#2;&amp#0;&amp#0;,&amp#11;&amp#0;&amp#0;&amp#0;&amp#0;
    Forwarded URL = null
   Redirected URL = null
          Cookies = []
2024-05-22 03:09:02 - Spring test ApplicationContext cache statistics: [DefaultContextCache@485c84d7 size = 1, maxSize = 32, parentContextCount = 0, hitCount = 22, missCount = 1, failureCount = 0]
2024-05-22 03:09:02 - Spring test ApplicationContext cache statistics: [DefaultContextCache@485c84d7 size = 1, maxSize = 32, parentContextCount = 0, hitCount = 23, missCount = 1, failureCount = 0]
2024-05-22 03:09:02 - Spring test ApplicationContext cache statistics: [DefaultContextCache@485c84d7 size = 1, maxSize = 32, parentContextCount = 0, hitCount = 24, missCount = 1, failureCount = 0]
2024-05-22 03:09:02 - Spring test ApplicationContext cache statistics: [DefaultContextCache@485c84d7 size = 1, maxSize = 32, parentContextCount = 0, hitCount = 25, missCount = 1, failureCount = 0]
2024-05-22 03:09:02 - After test method: class [ExcelImportControllerTest], method [testDownloadTemplate_Success], class annotated with @DirtiesContext [false] with mode [null], method annotated with @DirtiesContext [false] with mode [null]
]]></system-out>
  </testcase>
  <testcase name="testImportQuizFromExcel_InvalidData" classname="com.quizapplication.quiz.controller.ExcelImportControllerTest" time="0.078">
    <system-out><![CDATA[2024-05-22 03:09:02 - Spring test ApplicationContext cache statistics: [DefaultContextCache@485c84d7 size = 1, maxSize = 32, parentContextCount = 0, hitCount = 26, missCount = 1, failureCount = 0]
2024-05-22 03:09:02 - Performing dependency injection for test class com.quizapplication.quiz.controller.ExcelImportControllerTest
2024-05-22 03:09:02 - Spring test ApplicationContext cache statistics: [DefaultContextCache@485c84d7 size = 1, maxSize = 32, parentContextCount = 0, hitCount = 27, missCount = 1, failureCount = 0]
2024-05-22 03:09:02 - Spring test ApplicationContext cache statistics: [DefaultContextCache@485c84d7 size = 1, maxSize = 32, parentContextCount = 0, hitCount = 28, missCount = 1, failureCount = 0]
2024-05-22 03:09:02 - Before test method: class [ExcelImportControllerTest], method [testImportQuizFromExcel_InvalidData], class annotated with @DirtiesContext [false] with mode [null], method annotated with @DirtiesContext [false] with mode [null]
2024-05-22 03:09:02 - Spring test ApplicationContext cache statistics: [DefaultContextCache@485c84d7 size = 1, maxSize = 32, parentContextCount = 0, hitCount = 29, missCount = 1, failureCount = 0]
2024-05-22 03:09:02 - Spring test ApplicationContext cache statistics: [DefaultContextCache@485c84d7 size = 1, maxSize = 32, parentContextCount = 0, hitCount = 30, missCount = 1, failureCount = 0]
2024-05-22 03:09:02 - Spring test ApplicationContext cache statistics: [DefaultContextCache@485c84d7 size = 1, maxSize = 32, parentContextCount = 0, hitCount = 31, missCount = 1, failureCount = 0]
2024-05-22 03:09:02 - POST "/api/import/excel", parameters={multipart}
2024-05-22 03:09:02 - Mapped to com.quizapplication.quiz.controller.ExcelImportController#importQuizFromExcel(MultipartFile)
2024-05-22 03:09:02 - Using 'text/plain', given [*/*] and supported [text/plain, */*, application/json, application/*+json]
2024-05-22 03:09:02 - Writing ["Invalid data: Invalid data"]
2024-05-22 03:09:02 - Completed 400 BAD_REQUEST
2024-05-22 03:09:02 - Spring test ApplicationContext cache statistics: [DefaultContextCache@485c84d7 size = 1, maxSize = 32, parentContextCount = 0, hitCount = 32, missCount = 1, failureCount = 0]
2024-05-22 03:09:02 - Spring test ApplicationContext cache statistics: [DefaultContextCache@485c84d7 size = 1, maxSize = 32, parentContextCount = 0, hitCount = 33, missCount = 1, failureCount = 0]
2024-05-22 03:09:02 - Spring test ApplicationContext cache statistics: [DefaultContextCache@485c84d7 size = 1, maxSize = 32, parentContextCount = 0, hitCount = 34, missCount = 1, failureCount = 0]
2024-05-22 03:09:02 - Spring test ApplicationContext cache statistics: [DefaultContextCache@485c84d7 size = 1, maxSize = 32, parentContextCount = 0, hitCount = 35, missCount = 1, failureCount = 0]
2024-05-22 03:09:02 - Spring test ApplicationContext cache statistics: [DefaultContextCache@485c84d7 size = 1, maxSize = 32, parentContextCount = 0, hitCount = 36, missCount = 1, failureCount = 0]
2024-05-22 03:09:02 - Spring test ApplicationContext cache statistics: [DefaultContextCache@485c84d7 size = 1, maxSize = 32, parentContextCount = 0, hitCount = 37, missCount = 1, failureCount = 0]
2024-05-22 03:09:02 - Spring test ApplicationContext cache statistics: [DefaultContextCache@485c84d7 size = 1, maxSize = 32, parentContextCount = 0, hitCount = 38, missCount = 1, failureCount = 0]
2024-05-22 03:09:02 - After test method: class [ExcelImportControllerTest], method [testImportQuizFromExcel_InvalidData], class annotated with @DirtiesContext [false] with mode [null], method annotated with @DirtiesContext [false] with mode [null]
]]></system-out>
  </testcase>
  <testcase name="testImportQuizFromExcel_Success" classname="com.quizapplication.quiz.controller.ExcelImportControllerTest" time="0.051">
    <system-out><![CDATA[2024-05-22 03:09:02 - Spring test ApplicationContext cache statistics: [DefaultContextCache@485c84d7 size = 1, maxSize = 32, parentContextCount = 0, hitCount = 39, missCount = 1, failureCount = 0]
2024-05-22 03:09:02 - Performing dependency injection for test class com.quizapplication.quiz.controller.ExcelImportControllerTest
2024-05-22 03:09:02 - Spring test ApplicationContext cache statistics: [DefaultContextCache@485c84d7 size = 1, maxSize = 32, parentContextCount = 0, hitCount = 40, missCount = 1, failureCount = 0]
2024-05-22 03:09:02 - Spring test ApplicationContext cache statistics: [DefaultContextCache@485c84d7 size = 1, maxSize = 32, parentContextCount = 0, hitCount = 41, missCount = 1, failureCount = 0]
2024-05-22 03:09:03 - Before test method: class [ExcelImportControllerTest], method [testImportQuizFromExcel_Success], class annotated with @DirtiesContext [false] with mode [null], method annotated with @DirtiesContext [false] with mode [null]
2024-05-22 03:09:03 - Spring test ApplicationContext cache statistics: [DefaultContextCache@485c84d7 size = 1, maxSize = 32, parentContextCount = 0, hitCount = 42, missCount = 1, failureCount = 0]
2024-05-22 03:09:03 - Spring test ApplicationContext cache statistics: [DefaultContextCache@485c84d7 size = 1, maxSize = 32, parentContextCount = 0, hitCount = 43, missCount = 1, failureCount = 0]
2024-05-22 03:09:03 - Spring test ApplicationContext cache statistics: [DefaultContextCache@485c84d7 size = 1, maxSize = 32, parentContextCount = 0, hitCount = 44, missCount = 1, failureCount = 0]
2024-05-22 03:09:03 - POST "/api/import/excel", parameters={multipart}
2024-05-22 03:09:03 - Mapped to com.quizapplication.quiz.controller.ExcelImportController#importQuizFromExcel(MultipartFile)
2024-05-22 03:09:03 - Using 'text/plain', given [*/*] and supported [text/plain, */*, application/json, application/*+json]
2024-05-22 03:09:03 - Writing ["Quiz data imported successfully"]
2024-05-22 03:09:03 - Completed 200 OK
2024-05-22 03:09:03 - Spring test ApplicationContext cache statistics: [DefaultContextCache@485c84d7 size = 1, maxSize = 32, parentContextCount = 0, hitCount = 45, missCount = 1, failureCount = 0]
2024-05-22 03:09:03 - Spring test ApplicationContext cache statistics: [DefaultContextCache@485c84d7 size = 1, maxSize = 32, parentContextCount = 0, hitCount = 46, missCount = 1, failureCount = 0]
2024-05-22 03:09:03 - Spring test ApplicationContext cache statistics: [DefaultContextCache@485c84d7 size = 1, maxSize = 32, parentContextCount = 0, hitCount = 47, missCount = 1, failureCount = 0]
2024-05-22 03:09:03 - Spring test ApplicationContext cache statistics: [DefaultContextCache@485c84d7 size = 1, maxSize = 32, parentContextCount = 0, hitCount = 48, missCount = 1, failureCount = 0]
2024-05-22 03:09:03 - Spring test ApplicationContext cache statistics: [DefaultContextCache@485c84d7 size = 1, maxSize = 32, parentContextCount = 0, hitCount = 49, missCount = 1, failureCount = 0]
2024-05-22 03:09:03 - Spring test ApplicationContext cache statistics: [DefaultContextCache@485c84d7 size = 1, maxSize = 32, parentContextCount = 0, hitCount = 50, missCount = 1, failureCount = 0]
2024-05-22 03:09:03 - Spring test ApplicationContext cache statistics: [DefaultContextCache@485c84d7 size = 1, maxSize = 32, parentContextCount = 0, hitCount = 51, missCount = 1, failureCount = 0]
2024-05-22 03:09:03 - After test method: class [ExcelImportControllerTest], method [testImportQuizFromExcel_Success], class annotated with @DirtiesContext [false] with mode [null], method annotated with @DirtiesContext [false] with mode [null]
]]></system-out>
  </testcase>
  <testcase name="testImportQuizFromExcel_ServerError" classname="com.quizapplication.quiz.controller.ExcelImportControllerTest" time="0.033">
    <system-out><![CDATA[2024-05-22 03:09:03 - Spring test ApplicationContext cache statistics: [DefaultContextCache@485c84d7 size = 1, maxSize = 32, parentContextCount = 0, hitCount = 52, missCount = 1, failureCount = 0]
2024-05-22 03:09:03 - Performing dependency injection for test class com.quizapplication.quiz.controller.ExcelImportControllerTest
2024-05-22 03:09:03 - Spring test ApplicationContext cache statistics: [DefaultContextCache@485c84d7 size = 1, maxSize = 32, parentContextCount = 0, hitCount = 53, missCount = 1, failureCount = 0]
2024-05-22 03:09:03 - Spring test ApplicationContext cache statistics: [DefaultContextCache@485c84d7 size = 1, maxSize = 32, parentContextCount = 0, hitCount = 54, missCount = 1, failureCount = 0]
2024-05-22 03:09:03 - Before test method: class [ExcelImportControllerTest], method [testImportQuizFromExcel_ServerError], class annotated with @DirtiesContext [false] with mode [null], method annotated with @DirtiesContext [false] with mode [null]
2024-05-22 03:09:03 - Spring test ApplicationContext cache statistics: [DefaultContextCache@485c84d7 size = 1, maxSize = 32, parentContextCount = 0, hitCount = 55, missCount = 1, failureCount = 0]
2024-05-22 03:09:03 - Spring test ApplicationContext cache statistics: [DefaultContextCache@485c84d7 size = 1, maxSize = 32, parentContextCount = 0, hitCount = 56, missCount = 1, failureCount = 0]
2024-05-22 03:09:03 - Spring test ApplicationContext cache statistics: [DefaultContextCache@485c84d7 size = 1, maxSize = 32, parentContextCount = 0, hitCount = 57, missCount = 1, failureCount = 0]
2024-05-22 03:09:03 - POST "/api/import/excel", parameters={multipart}
2024-05-22 03:09:03 - Mapped to com.quizapplication.quiz.controller.ExcelImportController#importQuizFromExcel(MultipartFile)
2024-05-22 03:09:03 - Using 'text/plain', given [*/*] and supported [text/plain, */*, application/json, application/*+json]
2024-05-22 03:09:03 - Writing ["Failed to import quiz data: Server error"]
2024-05-22 03:09:03 - Completed 500 INTERNAL_SERVER_ERROR
2024-05-22 03:09:03 - Spring test ApplicationContext cache statistics: [DefaultContextCache@485c84d7 size = 1, maxSize = 32, parentContextCount = 0, hitCount = 58, missCount = 1, failureCount = 0]
2024-05-22 03:09:03 - Spring test ApplicationContext cache statistics: [DefaultContextCache@485c84d7 size = 1, maxSize = 32, parentContextCount = 0, hitCount = 59, missCount = 1, failureCount = 0]
2024-05-22 03:09:03 - Spring test ApplicationContext cache statistics: [DefaultContextCache@485c84d7 size = 1, maxSize = 32, parentContextCount = 0, hitCount = 60, missCount = 1, failureCount = 0]
2024-05-22 03:09:03 - Spring test ApplicationContext cache statistics: [DefaultContextCache@485c84d7 size = 1, maxSize = 32, parentContextCount = 0, hitCount = 61, missCount = 1, failureCount = 0]
2024-05-22 03:09:03 - Spring test ApplicationContext cache statistics: [DefaultContextCache@485c84d7 size = 1, maxSize = 32, parentContextCount = 0, hitCount = 62, missCount = 1, failureCount = 0]
2024-05-22 03:09:03 - Spring test ApplicationContext cache statistics: [DefaultContextCache@485c84d7 size = 1, maxSize = 32, parentContextCount = 0, hitCount = 63, missCount = 1, failureCount = 0]
2024-05-22 03:09:03 - Spring test ApplicationContext cache statistics: [DefaultContextCache@485c84d7 size = 1, maxSize = 32, parentContextCount = 0, hitCount = 64, missCount = 1, failureCount = 0]
2024-05-22 03:09:03 - After test method: class [ExcelImportControllerTest], method [testImportQuizFromExcel_ServerError], class annotated with @DirtiesContext [false] with mode [null], method annotated with @DirtiesContext [false] with mode [null]
]]></system-out>
  </testcase>
</testsuite>