<?xml version="1.0" encoding="UTF-8"?>
<testsuite xmlns:xsi="http://www.w3.org/2001/XMLSchema-instance" xsi:noNamespaceSchemaLocation="https://maven.apache.org/surefire/maven-surefire-plugin/xsd/surefire-test-report-3.0.xsd" version="3.0" name="com.quizapplication.quiz.controller.ScoreControllerTest" time="2.454" tests="5" errors="0" skipped="0" failures="3">
  <properties>
[...]
</properties>
  <testcase name="testSaveScore_InternalServerError" classname="com.quizapplication.quiz.controller.ScoreControllerTest" time="0.223">
    <system-out><![CDATA[2024-05-22 03:09:09 - Neither @ContextConfiguration nor @ContextHierarchy found for test class [ScoreControllerTest]: using SpringBootContextLoader
2024-05-22 03:09:09 - Could not detect default resource locations for test class [com.quizapplication.quiz.controller.ScoreControllerTest]: no resource found for suffixes {-context.xml, Context.groovy}.
2024-05-22 03:09:09 - Could not detect default configuration classes for test class [com.quizapplication.quiz.controller.ScoreControllerTest]: ScoreControllerTest does not declare any static, non-private, non-final, nested classes annotated with @Configuration.
2024-05-22 03:09:09 - Using ContextCustomizerFactory implementations for test class [ScoreControllerTest]: [ImportsContextCustomizerFactory, ExcludeFilterContextCustomizerFactory, HttpGraphQlTesterContextCustomizerFactory, DuplicateJsonObjectContextCustomizerFactory, MockitoContextCustomizerFactory, TestRestTemplateContextCustomizerFactory, WebTestClientContextCustomizerFactory, OverrideAutoConfigurationContextCustomizerFactory, ObservabilityContextCustomizerFactory, TypeExcludeFiltersContextCustomizerFactory, PropertyMappingContextCustomizerFactory, WebDriverContextCustomizerFactory, MockServerContainerContextCustomizerFactory, DynamicPropertiesContextCustomizerFactory]
2024-05-22 03:09:09 - Using ContextCustomizers for test class [ScoreControllerTest]: [ImportsContextCustomizer, ExcludeFilterContextCustomizer, DuplicateJsonObjectContextCustomizer, MockitoContextCustomizer, DisableAutoConfigurationContextCustomizer, DisableObservabilityContextCustomizer, TypeExcludeFiltersContextCustomizer, PropertyMappingContextCustomizer, WebDriverContextCustomizer]
2024-05-22 03:09:09 - Found @SpringBootConfiguration com.quizapplication.quiz.QuizApplication for test class com.quizapplication.quiz.controller.ScoreControllerTest
2024-05-22 03:09:09 - Skipping candidate TestExecutionListener [org.springframework.test.context.observation.MicrometerObservationRegistryTestExecutionListener] due to a missing dependency. Specify custom TestExecutionListener classes or make the default TestExecutionListener classes and their required dependencies available. Offending class: io.micrometer.context.ThreadLocalAccessor. MicrometerObservationRegistryTestExecutionListener requires io.micrometer:micrometer-observation:1.10.8 or higher and io.micrometer:context-propagation:1.0.3 or higher.
2024-05-22 03:09:09 - Using TestExecutionListeners for test class [ScoreControllerTest]: [ServletTestExecutionListener, DirtiesContextBeforeModesTestExecutionListener, ApplicationEventsTestExecutionListener, MockitoTestExecutionListener, DependencyInjectionTestExecutionListener, DirtiesContextTestExecutionListener, TransactionalTestExecutionListener, SqlScriptsTestExecutionListener, EventPublishingTestExecutionListener, WithSecurityContextTestExecutionListener, ReactorContextTestExecutionListener, ResetMocksTestExecutionListener, RestDocsTestExecutionListener, MockRestServiceServerResetTestExecutionListener, MockMvcPrintOnlyOnFailureTestExecutionListener, WebDriverTestExecutionListener, MockWebServiceServerTestExecutionListener]
2024-05-22 03:09:09 - Before test class: class [ScoreControllerTest], class annotated with @DirtiesContext [false] with mode [null]
2024-05-22 03:09:09 - Restart disabled due to context in which it is running
2024-05-22 03:09:09 - Loading from YAML: class path resource [application.yaml]
2024-05-22 03:09:09 - Merging document (no matchers set): {spring={datasource={url=jdbc:h2:mem:quiz-app-db, driver-class-name=org.h2.Driver, username=sa, password=password, hikari={pool-name=HikariCP, maximum-pool-size=10, minimum-idle=15, idle-timeout=30000, connection-timeout=20000, max-lifetime=1800000, connection-test-query=SELECT 1}}, h2={console={enabled=true, path=/h2-console}}, jpa={database-platform=org.hibernate.dialect.H2Dialect, hibernate={ddl-auto=update}, show-sql=true, properties={hibernate={format_sql=true, use_sql_comments=true, jdbc={batch_size=50, fetch_size=50}}}, open-in-view=false}, liquibase={enabled=true, change-log=classpath:/db/changelog/db.changelog-master.yaml}}, logging={level={org={hibernate={SQL=DEBUG, type={descriptor={sql={BasicBinder=TRACE}}}}}}, pattern={console=%d{yyyy-MM-dd HH:mm:ss} - %msg%n}}, server={port=8080, servlet={context-path=/}, compression={enabled=true, mime-types=application/json,application/xml,text/html,text/xml,text/plain, min-response-size=2048}}, security={basic={enabled=false}, ignored=/h2-console/**}, management={endpoints={web={exposure={include=*}}}, endpoint={health={show-details=always}}}}
2024-05-22 03:09:09 - Loaded 1 document from YAML resource: class path resource [application.yaml]
2024-05-22 03:09:09 - Activating profiles []
2024-05-22 03:09:09 - Found key 'spring.application.name' in PropertySource 'configurationProperties' with value of type String
2024-05-22 03:09:09 - Found key 'logging.pattern.console' in PropertySource 'configurationProperties' with value of type String

  .   ____          _            __ _ _
 /\\ / ___'_ __ _ _(_)_ __  __ _ \ \ \ \
( ( )\___ | '_ | '_| | '_ \/ _` | \ \ \ \
 \\/  ___)| |_)| | | | | || (_| |  ) ) ) )
  '  |____| .__|_| |_|_| |_\__, | / / / /
 =========|_|==============|___/=/_/_/_/
 :: Spring Boot ::                (v3.2.5)

2024-05-22 03:09:09 - Starting ScoreControllerTest using Java 22.0.1 with PID 26940 (started by BYTEWORKS in C:\Users\BYTEWORKS\Documents\NPF Docs\quiz)
2024-05-22 03:09:09 - Running with Spring Boot v3.2.5, Spring v6.1.6
2024-05-22 03:09:09 - No active profile set, falling back to 1 default profile: "default"
2024-05-22 03:09:09 - Loading source class com.quizapplication.quiz.QuizApplication
2024-05-22 03:09:09 - Refreshing org.springframework.web.context.support.GenericWebApplicationContext@ca2a03f
2024-05-22 03:09:09 - Creating shared instance of singleton bean 'org.springframework.context.annotation.internalConfigurationAnnotationProcessor'
2024-05-22 03:09:09 - Creating shared instance of singleton bean 'org.springframework.boot.autoconfigure.internalCachingMetadataReaderFactory'
2024-05-22 03:09:10 - Identified candidate component class: file [C:\Users\BYTEWORKS\Documents\NPF Docs\quiz\target\classes\com\quizapplication\quiz\controller\ScoreController.class]
2024-05-22 03:09:10 - Identified candidate component class: file [C:\Users\BYTEWORKS\Documents\NPF Docs\quiz\target\classes\com\quizapplication\quiz\exception\GlobalExceptionHandler.class]
2024-05-22 03:09:10 - Creating shared instance of singleton bean 'org.springframework.boot.test.context.ImportsContextCustomizer$ImportsCleanupPostProcessor'
2024-05-22 03:09:10 - Creating shared instance of singleton bean 'org.springframework.boot.test.mock.mockito.MockitoPostProcessor'
2024-05-22 03:09:10 - Creating shared instance of singleton bean 'org.springframework.context.event.internalEventListenerProcessor'
2024-05-22 03:09:10 - Creating shared instance of singleton bean 'preserveErrorControllerTargetClassPostProcessor'
2024-05-22 03:09:10 - Creating shared instance of singleton bean 'org.springframework.context.event.internalEventListenerFactory'
2024-05-22 03:09:10 - Creating shared instance of singleton bean 'org.springframework.context.annotation.internalAutowiredAnnotationProcessor'
2024-05-22 03:09:10 - Creating shared instance of singleton bean 'org.springframework.context.annotation.internalCommonAnnotationProcessor'
2024-05-22 03:09:10 - Creating shared instance of singleton bean 'org.springframework.context.annotation.internalPersistenceAnnotationProcessor'
2024-05-22 03:09:10 - Creating shared instance of singleton bean 'org.springframework.boot.test.mock.mockito.MockitoPostProcessor$SpyPostProcessor'
2024-05-22 03:09:10 - Creating shared instance of singleton bean 'org.springframework.boot.context.properties.ConfigurationPropertiesBindingPostProcessor'
2024-05-22 03:09:10 - Creating shared instance of singleton bean 'org.springframework.boot.context.internalConfigurationPropertiesBinder'
2024-05-22 03:09:10 - Creating shared instance of singleton bean 'methodValidationPostProcessor'
2024-05-22 03:09:10 - Autowiring by type from bean name 'methodValidationPostProcessor' via factory method to bean named 'environment'
2024-05-22 03:09:10 - Creating shared instance of singleton bean 'org.springframework.boot.context.properties.EnableConfigurationPropertiesRegistrar.methodValidationExcludeFilter'
2024-05-22 03:09:10 - Creating shared instance of singleton bean 'projectingArgumentResolverBeanPostProcessor'
2024-05-22 03:09:10 - Creating shared instance of singleton bean 'hypermediaRepresentionModelProcessorConfigurator'
2024-05-22 03:09:10 - Creating shared instance of singleton bean 'hypermediaRestTemplateBeanPostProcessor'
2024-05-22 03:09:10 - Unable to locate ThemeSource with name 'themeSource': using default [org.springframework.ui.context.support.ResourceBundleThemeSource@63ccb1b2]
2024-05-22 03:09:10 - Creating shared instance of singleton bean 'quizApplication'
2024-05-22 03:09:10 - Creating shared instance of singleton bean 'scoreController'
2024-05-22 03:09:10 - Autowiring by type from bean name 'scoreController' via constructor to bean named 'com.quizapplication.quiz.service.ScoreService#0'
2024-05-22 03:09:10 - Creating shared instance of singleton bean 'globalExceptionHandler'
2024-05-22 03:09:10 - Creating shared instance of singleton bean 'org.springframework.boot.autoconfigure.AutoConfigurationPackages'
2024-05-22 03:09:10 - Creating shared instance of singleton bean 'org.springframework.boot.autoconfigure.task.TaskExecutorConfigurations$ThreadPoolTaskExecutorBuilderConfiguration'
2024-05-22 03:09:10 - Creating shared instance of singleton bean 'threadPoolTaskExecutorBuilder'
2024-05-22 03:09:10 - Creating shared instance of singleton bean 'spring.task.execution-org.springframework.boot.autoconfigure.task.TaskExecutionProperties'
2024-05-22 03:09:10 - Creating shared instance of singleton bean 'org.springframework.boot.context.properties.BoundConfigurationProperties'
2024-05-22 03:09:10 - Autowiring by type from bean name 'threadPoolTaskExecutorBuilder' via factory method to bean named 'spring.task.execution-org.springframework.boot.autoconfigure.task.TaskExecutionProperties'
2024-05-22 03:09:10 - Creating shared instance of singleton bean 'org.springframework.boot.autoconfigure.task.TaskExecutorConfigurations$TaskExecutorBuilderConfiguration'
2024-05-22 03:09:10 - Creating shared instance of singleton bean 'taskExecutorBuilder'
2024-05-22 03:09:10 - Autowiring by type from bean name 'taskExecutorBuilder' via factory method to bean named 'spring.task.execution-org.springframework.boot.autoconfigure.task.TaskExecutionProperties'
2024-05-22 03:09:10 - Creating shared instance of singleton bean 'org.springframework.boot.autoconfigure.task.TaskExecutorConfigurations$SimpleAsyncTaskExecutorBuilderConfiguration'
2024-05-22 03:09:10 - Autowiring by type from bean name 'org.springframework.boot.autoconfigure.task.TaskExecutorConfigurations$SimpleAsyncTaskExecutorBuilderConfiguration' via constructor to bean named 'spring.task.execution-org.springframework.boot.autoconfigure.task.TaskExecutionProperties'
2024-05-22 03:09:10 - Creating shared instance of singleton bean 'simpleAsyncTaskExecutorBuilder'
2024-05-22 03:09:10 - Creating shared instance of singleton bean 'org.springframework.boot.autoconfigure.task.TaskExecutorConfigurations$TaskExecutorConfiguration'
2024-05-22 03:09:10 - Creating shared instance of singleton bean 'org.springframework.boot.autoconfigure.task.TaskExecutionAutoConfiguration'
2024-05-22 03:09:10 - Creating shared instance of singleton bean 'org.springframework.boot.autoconfigure.validation.ValidationAutoConfiguration'
2024-05-22 03:09:10 - Creating shared instance of singleton bean 'defaultValidator'
2024-05-22 03:09:10 - Autowiring by type from bean name 'defaultValidator' via factory method to bean named 'org.springframework.web.context.support.GenericWebApplicationContext@ca2a03f'
2024-05-22 03:09:10 - Loaded expression factory via original TCCL
2024-05-22 03:09:10 - Setting custom MessageInterpolator of type org.springframework.validation.beanvalidation.LocaleContextMessageInterpolator
2024-05-22 03:09:10 - Setting custom ConstraintValidatorFactory of type org.springframework.validation.beanvalidation.SpringConstraintValidatorFactory
2024-05-22 03:09:10 - Trying to load META-INF/validation.xml for XML based Validator configuration.
2024-05-22 03:09:10 - Trying to load META-INF/validation.xml via user class loader
2024-05-22 03:09:10 - Trying to load META-INF/validation.xml via TCCL
2024-05-22 03:09:10 - Trying to load META-INF/validation.xml via Hibernate Validator's class loader
2024-05-22 03:09:10 - No META-INF/validation.xml found. Using annotation based configuration only.
2024-05-22 03:09:10 - Found jakarta.persistence.Persistence on classpath containing 'getPersistenceUtil'. Assuming JPA 2 environment. Trying to instantiate JPA aware TraversableResolver
2024-05-22 03:09:10 - Instantiated JPA aware TraversableResolver of type org.hibernate.validator.internal.engine.resolver.JPATraversableResolver.
2024-05-22 03:09:10 - HV000252: Using org.hibernate.validator.internal.engine.DefaultPropertyNodeNameProvider as property node name provider.
2024-05-22 03:09:10 - HV000234: Using org.springframework.validation.beanvalidation.LocaleContextMessageInterpolator as ValidatorFactory-scoped message interpolator.
2024-05-22 03:09:10 - HV000234: Using org.hibernate.validator.internal.engine.resolver.JPATraversableResolver as ValidatorFactory-scoped traversable resolver.
2024-05-22 03:09:10 - HV000234: Using org.hibernate.validator.internal.util.ExecutableParameterNameProvider as ValidatorFactory-scoped parameter name provider.
2024-05-22 03:09:10 - HV000234: Using org.hibernate.validator.internal.engine.DefaultClockProvider as ValidatorFactory-scoped clock provider.
2024-05-22 03:09:10 - HV000234: Using org.hibernate.validator.internal.engine.scripting.DefaultScriptEvaluatorFactory as ValidatorFactory-scoped script evaluator factory.
2024-05-22 03:09:10 - Creating shared instance of singleton bean 'org.springframework.boot.autoconfigure.web.servlet.error.ErrorMvcAutoConfiguration$WhitelabelErrorViewConfiguration'
2024-05-22 03:09:10 - Creating shared instance of singleton bean 'error'
2024-05-22 03:09:10 - Creating shared instance of singleton bean 'beanNameViewResolver'
2024-05-22 03:09:10 - Creating shared instance of singleton bean 'org.springframework.boot.autoconfigure.web.servlet.error.ErrorMvcAutoConfiguration$DefaultErrorViewResolverConfiguration'
2024-05-22 03:09:10 - Creating shared instance of singleton bean 'spring.web-org.springframework.boot.autoconfigure.web.WebProperties'
2024-05-22 03:09:10 - Autowiring by type from bean name 'org.springframework.boot.autoconfigure.web.servlet.error.ErrorMvcAutoConfiguration$DefaultErrorViewResolverConfiguration' via constructor to bean named 'org.springframework.web.context.support.GenericWebApplicationContext@ca2a03f'
2024-05-22 03:09:10 - Autowiring by type from bean name 'org.springframework.boot.autoconfigure.web.servlet.error.ErrorMvcAutoConfiguration$DefaultErrorViewResolverConfiguration' via constructor to bean named 'spring.web-org.springframework.boot.autoconfigure.web.WebProperties'
2024-05-22 03:09:10 - Creating shared instance of singleton bean 'spring.mvc-org.springframework.boot.autoconfigure.web.servlet.WebMvcProperties'
2024-05-22 03:09:10 - Creating shared instance of singleton bean 'org.springframework.boot.autoconfigure.web.servlet.error.ErrorMvcAutoConfiguration'
2024-05-22 03:09:10 - Creating shared instance of singleton bean 'server-org.springframework.boot.autoconfigure.web.ServerProperties'
2024-05-22 03:09:10 - Autowiring by type from bean name 'org.springframework.boot.autoconfigure.web.servlet.error.ErrorMvcAutoConfiguration' via constructor to bean named 'server-org.springframework.boot.autoconfigure.web.ServerProperties'
2024-05-22 03:09:10 - Creating shared instance of singleton bean 'errorAttributes'
2024-05-22 03:09:10 - Creating shared instance of singleton bean 'basicErrorController'
2024-05-22 03:09:10 - Autowiring by type from bean name 'basicErrorController' via factory method to bean named 'errorAttributes'
2024-05-22 03:09:10 - Creating shared instance of singleton bean 'errorPageCustomizer'
2024-05-22 03:09:10 - Creating shared instance of singleton bean 'dispatcherServletPath'
2024-05-22 03:09:10 - Creating shared instance of singleton bean 'org.springframework.boot.test.autoconfigure.web.servlet.MockMvcAutoConfiguration'
2024-05-22 03:09:10 - Autowiring by type from bean name 'org.springframework.boot.test.autoconfigure.web.servlet.MockMvcAutoConfiguration' via constructor to bean named 'org.springframework.web.context.support.GenericWebApplicationContext@ca2a03f'
2024-05-22 03:09:10 - Autowiring by type from bean name 'org.springframework.boot.test.autoconfigure.web.servlet.MockMvcAutoConfiguration' via constructor to bean named 'spring.mvc-org.springframework.boot.autoconfigure.web.servlet.WebMvcProperties'
2024-05-22 03:09:10 - Autowiring by type from bean name 'errorPageCustomizer' via factory method to bean named 'dispatcherServletPath'
2024-05-22 03:09:10 - Creating shared instance of singleton bean 'org.springframework.boot.autoconfigure.web.servlet.WebMvcAutoConfiguration$EnableWebMvcConfiguration'
2024-05-22 03:09:10 - Autowiring by type from bean name 'org.springframework.boot.autoconfigure.web.servlet.WebMvcAutoConfiguration$EnableWebMvcConfiguration' via constructor to bean named 'spring.mvc-org.springframework.boot.autoconfigure.web.servlet.WebMvcProperties'
2024-05-22 03:09:10 - Autowiring by type from bean name 'org.springframework.boot.autoconfigure.web.servlet.WebMvcAutoConfiguration$EnableWebMvcConfiguration' via constructor to bean named 'spring.web-org.springframework.boot.autoconfigure.web.WebProperties'
2024-05-22 03:09:10 - Autowiring by type from bean name 'org.springframework.boot.autoconfigure.web.servlet.WebMvcAutoConfiguration$EnableWebMvcConfiguration' via constructor to bean named 'org.springframework.beans.factory.support.DefaultListableBeanFactory@2fccd98f'
2024-05-22 03:09:10 - Creating shared instance of singleton bean 'org.springframework.boot.autoconfigure.web.servlet.WebMvcAutoConfiguration$WebMvcAutoConfigurationAdapter'
2024-05-22 03:09:10 - Autowiring by type from bean name 'org.springframework.boot.autoconfigure.web.servlet.WebMvcAutoConfiguration$WebMvcAutoConfigurationAdapter' via constructor to bean named 'spring.web-org.springframework.boot.autoconfigure.web.WebProperties'
2024-05-22 03:09:10 - Autowiring by type from bean name 'org.springframework.boot.autoconfigure.web.servlet.WebMvcAutoConfiguration$WebMvcAutoConfigurationAdapter' via constructor to bean named 'spring.mvc-org.springframework.boot.autoconfigure.web.servlet.WebMvcProperties'
2024-05-22 03:09:10 - Autowiring by type from bean name 'org.springframework.boot.autoconfigure.web.servlet.WebMvcAutoConfiguration$WebMvcAutoConfigurationAdapter' via constructor to bean named 'org.springframework.beans.factory.support.DefaultListableBeanFactory@2fccd98f'
2024-05-22 03:09:10 - Creating shared instance of singleton bean 'resourceHandlerRegistrationCustomizer'
2024-05-22 03:09:10 - Creating shared instance of singleton bean 'org.springframework.boot.autoconfigure.web.servlet.WebMvcAutoConfiguration$ResourceChainCustomizerConfiguration'
2024-05-22 03:09:10 - Autowiring by type from bean name 'resourceHandlerRegistrationCustomizer' via factory method to bean named 'spring.web-org.springframework.boot.autoconfigure.web.WebProperties'
2024-05-22 03:09:10 - Creating shared instance of singleton bean 'org.springframework.data.web.config.HateoasAwareSpringDataWebConfiguration'
2024-05-22 03:09:10 - Autowiring by type from bean name 'org.springframework.data.web.config.HateoasAwareSpringDataWebConfiguration' via constructor to bean named 'org.springframework.web.context.support.GenericWebApplicationContext@ca2a03f'
2024-05-22 03:09:10 - Creating shared instance of singleton bean 'hypermediaWebMvcConfigurer'
2024-05-22 03:09:10 - Creating shared instance of singleton bean 'org.springframework.hateoas.config.WebMvcHateoasConfiguration'
2024-05-22 03:09:10 - Creating shared instance of singleton bean 'hypermediaWebMvcConverters'
2024-05-22 03:09:10 - Creating shared instance of singleton bean 'org.springframework.hateoas.config.HateoasConfiguration'
2024-05-22 03:09:10 - Creating shared instance of singleton bean 'org.springframework.hateoas.mediatype.hal.HalMediaTypeConfiguration'
2024-05-22 03:09:10 - Creating shared instance of singleton bean '_relProvider'
2024-05-22 03:09:10 - Creating shared instance of singleton bean 'relProviderPluginRegistry'
2024-05-22 03:09:10 - Autowiring by type from bean name 'relProviderPluginRegistry' via factory method to bean named 'org.springframework.web.context.support.GenericWebApplicationContext@ca2a03f'
2024-05-22 03:09:10 - Autowiring by type from bean name '_relProvider' via factory method to bean named 'relProviderPluginRegistry'
2024-05-22 03:09:10 - Creating shared instance of singleton bean 'messageResolver'
2024-05-22 03:09:10 - Autowiring by type from bean name 'org.springframework.hateoas.mediatype.hal.HalMediaTypeConfiguration' via constructor to bean named '_relProvider'
2024-05-22 03:09:10 - Autowiring by type from bean name 'org.springframework.hateoas.mediatype.hal.HalMediaTypeConfiguration' via constructor to bean named 'messageResolver'
2024-05-22 03:09:10 - Autowiring by type from bean name 'org.springframework.hateoas.mediatype.hal.HalMediaTypeConfiguration' via constructor to bean named 'org.springframework.beans.factory.support.DefaultListableBeanFactory@2fccd98f'
2024-05-22 03:09:10 - Autowiring by type from bean name 'hypermediaWebMvcConverters' via factory method to bean named 'org.springframework.hateoas.mediatype.hal.HalMediaTypeConfiguration'
2024-05-22 03:09:10 - Creating shared instance of singleton bean 'jacksonObjectMapper'
2024-05-22 03:09:10 - Creating shared instance of singleton bean 'org.springframework.boot.autoconfigure.jackson.JacksonAutoConfiguration$JacksonObjectMapperConfiguration'
2024-05-22 03:09:10 - Creating shared instance of singleton bean 'org.springframework.boot.autoconfigure.jackson.JacksonAutoConfiguration$JacksonObjectMapperBuilderConfiguration'
2024-05-22 03:09:10 - Creating shared instance of singleton bean 'standardJacksonObjectMapperBuilderCustomizer'
2024-05-22 03:09:10 - Creating shared instance of singleton bean 'org.springframework.boot.autoconfigure.jackson.JacksonAutoConfiguration$Jackson2ObjectMapperBuilderCustomizerConfiguration'
2024-05-22 03:09:10 - Creating shared instance of singleton bean 'spring.jackson-org.springframework.boot.autoconfigure.jackson.JacksonProperties'
2024-05-22 03:09:10 - Autowiring by type from bean name 'standardJacksonObjectMapperBuilderCustomizer' via factory method to bean named 'spring.jackson-org.springframework.boot.autoconfigure.jackson.JacksonProperties'
2024-05-22 03:09:10 - Creating shared instance of singleton bean 'parameterNamesModule'
2024-05-22 03:09:10 - Creating shared instance of singleton bean 'org.springframework.boot.autoconfigure.jackson.JacksonAutoConfiguration$ParameterNamesModuleConfiguration'
2024-05-22 03:09:10 - Creating shared instance of singleton bean 'jsonMixinModule'
2024-05-22 03:09:10 - Creating shared instance of singleton bean 'org.springframework.boot.autoconfigure.jackson.JacksonAutoConfiguration$JacksonMixinConfiguration'
2024-05-22 03:09:10 - Creating shared instance of singleton bean 'jsonMixinModuleEntries'
2024-05-22 03:09:10 - Autowiring by type from bean name 'jsonMixinModuleEntries' via factory method to bean named 'org.springframework.web.context.support.GenericWebApplicationContext@ca2a03f'
2024-05-22 03:09:10 - @EnableAutoConfiguration was declared on a class in the package 'com.quizapplication.quiz'. Automatic @Repository and @Entity scanning is enabled.
2024-05-22 03:09:10 - Autowiring by type from bean name 'jsonMixinModule' via factory method to bean named 'org.springframework.web.context.support.GenericWebApplicationContext@ca2a03f'
2024-05-22 03:09:10 - Autowiring by type from bean name 'jsonMixinModule' via factory method to bean named 'jsonMixinModuleEntries'
2024-05-22 03:09:10 - Creating shared instance of singleton bean 'jsonComponentModule'
2024-05-22 03:09:10 - Creating shared instance of singleton bean 'org.springframework.boot.autoconfigure.jackson.JacksonAutoConfiguration'
2024-05-22 03:09:10 - Creating shared instance of singleton bean 'jacksonGeoModule'
2024-05-22 03:09:10 - Creating shared instance of singleton bean 'org.springframework.data.web.config.SpringDataJacksonConfiguration'
2024-05-22 03:09:10 - Creating shared instance of singleton bean 'pageModule'
2024-05-22 03:09:10 - Autowiring by type from bean name 'jacksonObjectMapperBuilder' via factory method to bean named 'org.springframework.web.context.support.GenericWebApplicationContext@ca2a03f'
2024-05-22 03:09:10 - Autowiring by type from bean name 'jacksonObjectMapperBuilder' via factory method to bean named 'standardJacksonObjectMapperBuilderCustomizer'
2024-05-22 03:09:10 - Autowiring by type from bean name 'jacksonObjectMapper' via factory method to bean named 'jacksonObjectMapperBuilder'
2024-05-22 03:09:10 - Autowiring by type from bean name 'hypermediaWebMvcConfigurer' via factory method to bean named 'hypermediaWebMvcConverters'
2024-05-22 03:09:10 - Creating shared instance of singleton bean 'welcomePageHandlerMapping'
2024-05-22 03:09:10 - Creating shared instance of singleton bean 'mvcConversionService'
2024-05-22 03:09:10 - Creating shared instance of singleton bean 'mvcResourceUrlProvider'
2024-05-22 03:09:10 - Autowiring by type from bean name 'welcomePageHandlerMapping' via factory method to bean named 'org.springframework.web.context.support.GenericWebApplicationContext@ca2a03f'
2024-05-22 03:09:10 - Autowiring by type from bean name 'welcomePageHandlerMapping' via factory method to bean named 'mvcConversionService'
2024-05-22 03:09:10 - Autowiring by type from bean name 'welcomePageHandlerMapping' via factory method to bean named 'mvcResourceUrlProvider'
2024-05-22 03:09:10 - Creating shared instance of singleton bean 'welcomePageNotAcceptableHandlerMapping'
2024-05-22 03:09:10 - Autowiring by type from bean name 'welcomePageNotAcceptableHandlerMapping' via factory method to bean named 'org.springframework.web.context.support.GenericWebApplicationContext@ca2a03f'
2024-05-22 03:09:10 - Autowiring by type from bean name 'welcomePageNotAcceptableHandlerMapping' via factory method to bean named 'mvcConversionService'
2024-05-22 03:09:10 - Autowiring by type from bean name 'welcomePageNotAcceptableHandlerMapping' via factory method to bean named 'mvcResourceUrlProvider'
2024-05-22 03:09:10 - Creating shared instance of singleton bean 'localeResolver'
2024-05-22 03:09:10 - Creating shared instance of singleton bean 'themeResolver'
2024-05-22 03:09:10 - Creating shared instance of singleton bean 'flashMapManager'
2024-05-22 03:09:10 - Creating shared instance of singleton bean 'mvcValidator'
2024-05-22 03:09:10 - Creating shared instance of singleton bean 'mvcContentNegotiationManager'
2024-05-22 03:09:10 - Creating shared instance of singleton bean 'requestMappingHandlerMapping'
2024-05-22 03:09:10 - Autowiring by type from bean name 'requestMappingHandlerMapping' via factory method to bean named 'mvcContentNegotiationManager'
2024-05-22 03:09:10 - Autowiring by type from bean name 'requestMappingHandlerMapping' via factory method to bean named 'mvcConversionService'
2024-05-22 03:09:10 - Autowiring by type from bean name 'requestMappingHandlerMapping' via factory method to bean named 'mvcResourceUrlProvider'
2024-05-22 03:09:10 - 
	c.q.q.c.ScoreController:
	{POST [/api/scores]}: saveScore(Score)
	{GET [/api/scores/top]}: getTopScores()
2024-05-22 03:09:10 - 
	o.s.b.a.w.s.e.BasicErrorController:
	{ [/error]}: error(HttpServletRequest)
	{ [/error], produces [text/html]}: errorHtml(HttpServletRequest,HttpServletResponse)
2024-05-22 03:09:10 - 4 mappings in 'requestMappingHandlerMapping'
2024-05-22 03:09:10 - Creating shared instance of singleton bean 'mvcPatternParser'
2024-05-22 03:09:10 - Creating shared instance of singleton bean 'mvcUrlPathHelper'
2024-05-22 03:09:10 - Creating shared instance of singleton bean 'mvcPathMatcher'
2024-05-22 03:09:10 - Creating shared instance of singleton bean 'viewControllerHandlerMapping'
2024-05-22 03:09:10 - Autowiring by type from bean name 'viewControllerHandlerMapping' via factory method to bean named 'mvcConversionService'
2024-05-22 03:09:10 - Autowiring by type from bean name 'viewControllerHandlerMapping' via factory method to bean named 'mvcResourceUrlProvider'
2024-05-22 03:09:10 - Creating shared instance of singleton bean 'beanNameHandlerMapping'
2024-05-22 03:09:10 - Autowiring by type from bean name 'beanNameHandlerMapping' via factory method to bean named 'mvcConversionService'
2024-05-22 03:09:10 - Autowiring by type from bean name 'beanNameHandlerMapping' via factory method to bean named 'mvcResourceUrlProvider'
2024-05-22 03:09:10 - 'beanNameHandlerMapping' {}
2024-05-22 03:09:10 - Creating shared instance of singleton bean 'routerFunctionMapping'
2024-05-22 03:09:10 - Autowiring by type from bean name 'routerFunctionMapping' via factory method to bean named 'mvcConversionService'
2024-05-22 03:09:10 - Autowiring by type from bean name 'routerFunctionMapping' via factory method to bean named 'mvcResourceUrlProvider'
2024-05-22 03:09:10 - Creating shared instance of singleton bean 'messageConverters'
2024-05-22 03:09:10 - Creating shared instance of singleton bean 'org.springframework.boot.autoconfigure.http.HttpMessageConvertersAutoConfiguration'
2024-05-22 03:09:10 - Creating shared instance of singleton bean 'stringHttpMessageConverter'
2024-05-22 03:09:10 - Creating shared instance of singleton bean 'org.springframework.boot.autoconfigure.http.HttpMessageConvertersAutoConfiguration$StringHttpMessageConverterConfiguration'
2024-05-22 03:09:10 - Autowiring by type from bean name 'stringHttpMessageConverter' via factory method to bean named 'environment'
2024-05-22 03:09:10 - Creating shared instance of singleton bean 'mappingJackson2HttpMessageConverter'
2024-05-22 03:09:10 - Creating shared instance of singleton bean 'org.springframework.boot.autoconfigure.http.JacksonHttpMessageConvertersConfiguration$MappingJackson2HttpMessageConverterConfiguration'
2024-05-22 03:09:10 - Autowiring by type from bean name 'mappingJackson2HttpMessageConverter' via factory method to bean named 'jacksonObjectMapper'
2024-05-22 03:09:10 - Creating shared instance of singleton bean 'applicationJsonHalConfiguration'
2024-05-22 03:09:10 - Creating shared instance of singleton bean 'org.springframework.boot.autoconfigure.hateoas.HypermediaAutoConfiguration'
2024-05-22 03:09:10 - Creating shared instance of singleton bean 'resourceHandlerMapping'
2024-05-22 03:09:10 - Autowiring by type from bean name 'resourceHandlerMapping' via factory method to bean named 'mvcContentNegotiationManager'
2024-05-22 03:09:10 - Autowiring by type from bean name 'resourceHandlerMapping' via factory method to bean named 'mvcConversionService'
2024-05-22 03:09:10 - Autowiring by type from bean name 'resourceHandlerMapping' via factory method to bean named 'mvcResourceUrlProvider'
2024-05-22 03:09:11 - 'resourceHandlerMapping' {/webjars/**=ResourceHttpRequestHandler [classpath [META-INF/resources/webjars/]], /**=ResourceHttpRequestHandler [classpath [META-INF/resources/], classpath [resources/], classpath [static/], classpath [public/], ServletContext [/]]}
2024-05-22 03:09:11 - Creating shared instance of singleton bean 'defaultServletHandlerMapping'
2024-05-22 03:09:11 - Creating shared instance of singleton bean 'requestMappingHandlerAdapter'
2024-05-22 03:09:11 - Autowiring by type from bean name 'requestMappingHandlerAdapter' via factory method to bean named 'mvcContentNegotiationManager'
2024-05-22 03:09:11 - Autowiring by type from bean name 'requestMappingHandlerAdapter' via factory method to bean named 'mvcConversionService'
2024-05-22 03:09:11 - Autowiring by type from bean name 'requestMappingHandlerAdapter' via factory method to bean named 'mvcValidator'
2024-05-22 03:09:11 - Creating shared instance of singleton bean 'sortResolver'
2024-05-22 03:09:11 - Creating shared instance of singleton bean 'sortCustomizer'
2024-05-22 03:09:11 - Creating shared instance of singleton bean 'org.springframework.boot.autoconfigure.data.web.SpringDataWebAutoConfiguration'
2024-05-22 03:09:11 - Creating shared instance of singleton bean 'spring.data.web-org.springframework.boot.autoconfigure.data.web.SpringDataWebProperties'
2024-05-22 03:09:11 - Autowiring by type from bean name 'org.springframework.boot.autoconfigure.data.web.SpringDataWebAutoConfiguration' via constructor to bean named 'spring.data.web-org.springframework.boot.autoconfigure.data.web.SpringDataWebProperties'
2024-05-22 03:09:11 - Creating shared instance of singleton bean 'pageableResolver'
2024-05-22 03:09:11 - Creating shared instance of singleton bean 'pageableCustomizer'
2024-05-22 03:09:11 - Creating shared instance of singleton bean 'pagedResourcesAssemblerArgumentResolver'
2024-05-22 03:09:11 - Creating shared instance of singleton bean 'slicedResourcesAssemblerArgumentResolver'
2024-05-22 03:09:11 - Creating shared instance of singleton bean 'applicationTaskExecutor'
2024-05-22 03:09:11 - Autowiring by type from bean name 'applicationTaskExecutor' via factory method to bean named 'taskExecutorBuilder'
2024-05-22 03:09:11 - Initializing ExecutorService 'applicationTaskExecutor'
2024-05-22 03:09:11 - ControllerAdvice beans: 0 @ModelAttribute, 0 @InitBinder, 1 RequestBodyAdvice, 1 ResponseBodyAdvice
2024-05-22 03:09:11 - Creating shared instance of singleton bean 'handlerFunctionAdapter'
2024-05-22 03:09:11 - Creating shared instance of singleton bean 'mvcUriComponentsContributor'
2024-05-22 03:09:11 - Autowiring by type from bean name 'mvcUriComponentsContributor' via factory method to bean named 'mvcConversionService'
2024-05-22 03:09:11 - Autowiring by type from bean name 'mvcUriComponentsContributor' via factory method to bean named 'requestMappingHandlerAdapter'
2024-05-22 03:09:11 - Creating shared instance of singleton bean 'httpRequestHandlerAdapter'
2024-05-22 03:09:11 - Creating shared instance of singleton bean 'simpleControllerHandlerAdapter'
2024-05-22 03:09:11 - Creating shared instance of singleton bean 'handlerExceptionResolver'
2024-05-22 03:09:11 - Autowiring by type from bean name 'handlerExceptionResolver' via factory method to bean named 'mvcContentNegotiationManager'
2024-05-22 03:09:11 - ControllerAdvice beans: 1 @ExceptionHandler, 1 ResponseBodyAdvice
2024-05-22 03:09:11 - Creating shared instance of singleton bean 'mvcViewResolver'
2024-05-22 03:09:11 - Autowiring by type from bean name 'mvcViewResolver' via factory method to bean named 'mvcContentNegotiationManager'
2024-05-22 03:09:11 - Creating shared instance of singleton bean 'viewNameTranslator'
2024-05-22 03:09:11 - Creating shared instance of singleton bean 'defaultViewResolver'
2024-05-22 03:09:11 - Creating shared instance of singleton bean 'viewResolver'
2024-05-22 03:09:11 - Autowiring by type from bean name 'viewResolver' via factory method to bean named 'org.springframework.beans.factory.support.DefaultListableBeanFactory@2fccd98f'
2024-05-22 03:09:11 - Creating shared instance of singleton bean 'viewResolver'
2024-05-22 03:09:11 - Creating shared instance of singleton bean 'requestContextFilter'
2024-05-22 03:09:11 - Creating shared instance of singleton bean 'org.springframework.boot.autoconfigure.web.servlet.WebMvcAutoConfiguration'
2024-05-22 03:09:11 - Creating shared instance of singleton bean 'formContentFilter'
2024-05-22 03:09:11 - Creating shared instance of singleton bean 'org.springframework.boot.autoconfigure.http.JacksonHttpMessageConvertersConfiguration'
2024-05-22 03:09:11 - Creating shared instance of singleton bean 'org.springframework.data.web.config.ProjectingArgumentResolverRegistrar'
2024-05-22 03:09:11 - Creating shared instance of singleton bean 'pagedResourcesAssembler'
2024-05-22 03:09:11 - Creating shared instance of singleton bean 'slicedResourcesAssembler'
2024-05-22 03:09:11 - Creating shared instance of singleton bean 'offsetResolver'
2024-05-22 03:09:11 - Creating shared instance of singleton bean 'halLinkDisocoverer'
2024-05-22 03:09:11 - Creating shared instance of singleton bean 'org.springframework.hateoas.config.WebTestHateoasConfiguration'
2024-05-22 03:09:11 - Creating shared instance of singleton bean 'defaultRelProvider'
2024-05-22 03:09:11 - Creating shared instance of singleton bean 'annotationRelProvider'
2024-05-22 03:09:11 - Creating shared instance of singleton bean 'linkDiscoverers'
2024-05-22 03:09:11 - Creating shared instance of singleton bean 'linkDiscovererRegistry'
2024-05-22 03:09:11 - Autowiring by type from bean name 'linkDiscoverers' via factory method to bean named 'linkDiscovererRegistry'
2024-05-22 03:09:11 - Creating shared instance of singleton bean 'org.springframework.hateoas.config.WebMvcEntityLinksConfiguration'
2024-05-22 03:09:11 - Creating shared instance of singleton bean 'webMvcEntityLinks'
2024-05-22 03:09:11 - Creating shared instance of singleton bean 'webMvcLinkBuilderFactory'
2024-05-22 03:09:11 - Creating shared instance of singleton bean 'entityLinksPluginRegistry'
2024-05-22 03:09:11 - Autowiring by type from bean name 'entityLinksPluginRegistry' via factory method to bean named 'org.springframework.web.context.support.GenericWebApplicationContext@ca2a03f'
2024-05-22 03:09:11 - Creating shared instance of singleton bean 'delegatingEntityLinks'
2024-05-22 03:09:11 - Autowiring by type from bean name 'delegatingEntityLinks' via factory method to bean named 'entityLinksPluginRegistry'
2024-05-22 03:09:11 - Creating shared instance of singleton bean 'representationModelProcessorInvoker'
2024-05-22 03:09:11 - Creating shared instance of singleton bean 'org.springframework.hateoas.config.RestTemplateHateoasConfiguration'
2024-05-22 03:09:11 - Creating shared instance of singleton bean 'org.springframework.boot.autoconfigure.hateoas.HypermediaAutoConfiguration$HypermediaConfiguration'
2024-05-22 03:09:11 - Creating shared instance of singleton bean 'spring.hateoas-org.springframework.boot.autoconfigure.hateoas.HateoasProperties'
2024-05-22 03:09:11 - Creating shared instance of singleton bean 'org.springframework.boot.autoconfigure.security.servlet.SpringBootWebSecurityConfiguration'
2024-05-22 03:09:11 - Creating shared instance of singleton bean 'org.springframework.boot.autoconfigure.security.servlet.SecurityAutoConfiguration'
2024-05-22 03:09:11 - Creating shared instance of singleton bean 'authenticationEventPublisher'
2024-05-22 03:09:11 - Autowiring by type from bean name 'authenticationEventPublisher' via factory method to bean named 'org.springframework.web.context.support.GenericWebApplicationContext@ca2a03f'
2024-05-22 03:09:11 - Creating shared instance of singleton bean 'spring.security-org.springframework.boot.autoconfigure.security.SecurityProperties'
2024-05-22 03:09:11 - Creating shared instance of singleton bean 'org.springframework.boot.autoconfigure.web.servlet.HttpEncodingAutoConfiguration'
2024-05-22 03:09:11 - Autowiring by type from bean name 'org.springframework.boot.autoconfigure.web.servlet.HttpEncodingAutoConfiguration' via constructor to bean named 'server-org.springframework.boot.autoconfigure.web.ServerProperties'
2024-05-22 03:09:11 - Creating shared instance of singleton bean 'characterEncodingFilter'
2024-05-22 03:09:11 - Creating shared instance of singleton bean 'localeCharsetMappingsCustomizer'
2024-05-22 03:09:11 - Creating shared instance of singleton bean 'mockMvcBuilder'
2024-05-22 03:09:11 - Creating shared instance of singleton bean 'springBootMockMvcBuilderCustomizer'
2024-05-22 03:09:11 - Autowiring by type from bean name 'mockMvcBuilder' via factory method to bean named 'springBootMockMvcBuilderCustomizer'
2024-05-22 03:09:11 - Mapping filters: characterEncodingFilter urls=[/*] order=-2147483648, formContentFilter urls=[/*] order=-9900, requestContextFilter urls=[/*] order=-105
2024-05-22 03:09:11 - Mapping servlets: 
2024-05-22 03:09:11 - Creating shared instance of singleton bean 'mockMvc'
2024-05-22 03:09:11 - Autowiring by type from bean name 'mockMvc' via factory method to bean named 'mockMvcBuilder'
2024-05-22 03:09:11 - Filter 'characterEncodingFilter' configured for use
2024-05-22 03:09:11 - Filter 'formContentFilter' configured for use
2024-05-22 03:09:11 - Filter 'requestContextFilter' configured for use
2024-05-22 03:09:11 - Initializing Spring TestDispatcherServlet ''
2024-05-22 03:09:11 - Initializing Servlet ''
2024-05-22 03:09:11 - Detected AcceptHeaderLocaleResolver
2024-05-22 03:09:11 - Detected FixedThemeResolver
2024-05-22 03:09:11 - Detected org.springframework.web.servlet.view.DefaultRequestToViewNameTranslator@5114c8a1
2024-05-22 03:09:11 - Detected org.springframework.web.servlet.support.SessionFlashMapManager@2d94279f
2024-05-22 03:09:11 - enableLoggingRequestDetails='false': request parameters and headers will be masked to prevent unsafe logging of potentially sensitive data
2024-05-22 03:09:11 - Completed initialization in 4 ms
2024-05-22 03:09:11 - Creating shared instance of singleton bean 'dispatcherServlet'
2024-05-22 03:09:11 - Autowiring by type from bean name 'dispatcherServlet' via factory method to bean named 'mockMvc'
2024-05-22 03:09:11 - Creating shared instance of singleton bean 'org.springframework.boot.test.autoconfigure.web.servlet.MockMvcSecurityConfiguration'
2024-05-22 03:09:11 - Starting beans in phase -2147483647
2024-05-22 03:09:11 - Successfully started bean 'springBootLoggingLifecycle'
2024-05-22 03:09:11 - Starting beans in phase 2147483647
2024-05-22 03:09:11 - 


============================
CONDITIONS EVALUATION REPORT
============================


Positive matches:
-----------------

   ErrorMvcAutoConfiguration matched:
      - @ConditionalOnClass found required classes 'jakarta.servlet.Servlet', 'org.springframework.web.servlet.DispatcherServlet' (OnClassCondition)
      - found 'session' scope (OnWebApplicationCondition)

   ErrorMvcAutoConfiguration#basicErrorController matched:
      - @ConditionalOnMissingBean (types: org.springframework.boot.web.servlet.error.ErrorController; SearchStrategy: current) did not find any beans (OnBeanCondition)

   ErrorMvcAutoConfiguration#errorAttributes matched:
      - @ConditionalOnMissingBean (types: org.springframework.boot.web.servlet.error.ErrorAttributes; SearchStrategy: current) did not find any beans (OnBeanCondition)

   ErrorMvcAutoConfiguration.WhitelabelErrorViewConfiguration matched:
      - @ConditionalOnProperty (server.error.whitelabel.enabled) matched (OnPropertyCondition)
      - ErrorTemplate Missing did not find error template view (ErrorMvcAutoConfiguration.ErrorTemplateMissingCondition)

   ErrorMvcAutoConfiguration.WhitelabelErrorViewConfiguration#beanNameViewResolver matched:
      - @ConditionalOnMissingBean (types: org.springframework.web.servlet.view.BeanNameViewResolver; SearchStrategy: all) did not find any beans (OnBeanCondition)

   ErrorMvcAutoConfiguration.WhitelabelErrorViewConfiguration#defaultErrorView matched:
      - @ConditionalOnMissingBean (names: error; SearchStrategy: all) did not find any beans (OnBeanCondition)

   HttpEncodingAutoConfiguration matched:
      - @ConditionalOnClass found required class 'org.springframework.web.filter.CharacterEncodingFilter' (OnClassCondition)
      - found 'session' scope (OnWebApplicationCondition)
      - @ConditionalOnProperty (server.servlet.encoding.enabled) matched (OnPropertyCondition)

   HttpEncodingAutoConfiguration#characterEncodingFilter matched:
      - @ConditionalOnMissingBean (types: org.springframework.web.filter.CharacterEncodingFilter; SearchStrategy: all) did not find any beans (OnBeanCondition)

   HttpMessageConvertersAutoConfiguration matched:
      - @ConditionalOnClass found required class 'org.springframework.http.converter.HttpMessageConverter' (OnClassCondition)
      - NoneNestedConditions 0 matched 1 did not; NestedCondition on HttpMessageConvertersAutoConfiguration.NotReactiveWebApplicationCondition.ReactiveWebApplication did not find reactive web application classes (HttpMessageConvertersAutoConfiguration.NotReactiveWebApplicationCondition)

   HttpMessageConvertersAutoConfiguration#messageConverters matched:
      - @ConditionalOnMissingBean (types: org.springframework.boot.autoconfigure.http.HttpMessageConverters; SearchStrategy: all) did not find any beans (OnBeanCondition)

   HttpMessageConvertersAutoConfiguration.StringHttpMessageConverterConfiguration matched:
      - @ConditionalOnClass found required class 'org.springframework.http.converter.StringHttpMessageConverter' (OnClassCondition)

   HttpMessageConvertersAutoConfiguration.StringHttpMessageConverterConfiguration#stringHttpMessageConverter matched:
      - @ConditionalOnMissingBean (types: org.springframework.http.converter.StringHttpMessageConverter; SearchStrategy: all) did not find any beans (OnBeanCondition)

   HypermediaAutoConfiguration matched:
      - @ConditionalOnClass found required classes 'org.springframework.hateoas.EntityModel', 'org.springframework.web.bind.annotation.RequestMapping', 'org.springframework.web.servlet.mvc.method.annotation.RequestMappingHandlerAdapter', 'org.springframework.plugin.core.Plugin' (OnClassCondition)
      - @ConditionalOnWebApplication (required) found 'session' scope (OnWebApplicationCondition)

   HypermediaAutoConfiguration#applicationJsonHalConfiguration matched:
      - @ConditionalOnClass found required class 'com.fasterxml.jackson.databind.ObjectMapper' (OnClassCondition)
      - @ConditionalOnProperty (spring.hateoas.use-hal-as-default-json-media-type) matched (OnPropertyCondition)
      - @ConditionalOnMissingBean (types: org.springframework.hateoas.mediatype.hal.HalConfiguration; SearchStrategy: all) did not find any beans (OnBeanCondition)

   HypermediaAutoConfiguration.HypermediaConfiguration matched:
      - @ConditionalOnClass found required class 'com.fasterxml.jackson.databind.ObjectMapper' (OnClassCondition)
      - @ConditionalOnMissingBean (types: org.springframework.hateoas.client.LinkDiscoverers; SearchStrategy: all) did not find any beans (OnBeanCondition)

   JacksonAutoConfiguration matched:
      - @ConditionalOnClass found required class 'com.fasterxml.jackson.databind.ObjectMapper' (OnClassCondition)

   JacksonAutoConfiguration.Jackson2ObjectMapperBuilderCustomizerConfiguration matched:
      - @ConditionalOnClass found required class 'org.springframework.http.converter.json.Jackson2ObjectMapperBuilder' (OnClassCondition)

   JacksonAutoConfiguration.JacksonObjectMapperBuilderConfiguration matched:
      - @ConditionalOnClass found required class 'org.springframework.http.converter.json.Jackson2ObjectMapperBuilder' (OnClassCondition)

   JacksonAutoConfiguration.JacksonObjectMapperBuilderConfiguration#jacksonObjectMapperBuilder matched:
      - @ConditionalOnMissingBean (types: org.springframework.http.converter.json.Jackson2ObjectMapperBuilder; SearchStrategy: all) did not find any beans (OnBeanCondition)

   JacksonAutoConfiguration.JacksonObjectMapperConfiguration matched:
      - @ConditionalOnClass found required class 'org.springframework.http.converter.json.Jackson2ObjectMapperBuilder' (OnClassCondition)

   JacksonAutoConfiguration.JacksonObjectMapperConfiguration#jacksonObjectMapper matched:
      - @ConditionalOnMissingBean (types: com.fasterxml.jackson.databind.ObjectMapper; SearchStrategy: all) did not find any beans (OnBeanCondition)

   JacksonAutoConfiguration.ParameterNamesModuleConfiguration matched:
      - @ConditionalOnClass found required class 'com.fasterxml.jackson.module.paramnames.ParameterNamesModule' (OnClassCondition)

   JacksonAutoConfiguration.ParameterNamesModuleConfiguration#parameterNamesModule matched:
      - @ConditionalOnMissingBean (types: com.fasterxml.jackson.module.paramnames.ParameterNamesModule; SearchStrategy: all) did not find any beans (OnBeanCondition)

   JacksonHttpMessageConvertersConfiguration.MappingJackson2HttpMessageConverterConfiguration matched:
      - @ConditionalOnClass found required class 'com.fasterxml.jackson.databind.ObjectMapper' (OnClassCondition)
      - @ConditionalOnProperty (spring.mvc.converters.preferred-json-mapper=jackson) matched (OnPropertyCondition)
      - @ConditionalOnBean (types: com.fasterxml.jackson.databind.ObjectMapper; SearchStrategy: all) found bean 'jacksonObjectMapper' (OnBeanCondition)

   JacksonHttpMessageConvertersConfiguration.MappingJackson2HttpMessageConverterConfiguration#mappingJackson2HttpMessageConverter matched:
      - @ConditionalOnMissingBean (types: org.springframework.http.converter.json.MappingJackson2HttpMessageConverter ignored: org.springframework.hateoas.server.mvc.TypeConstrainedMappingJackson2HttpMessageConverter,org.springframework.data.rest.webmvc.alps.AlpsJsonHttpMessageConverter; SearchStrategy: all) did not find any beans (OnBeanCondition)

   MockMvcAutoConfiguration matched:
      - found 'session' scope (OnWebApplicationCondition)

   MockMvcAutoConfiguration#dispatcherServlet matched:
      - @ConditionalOnMissingBean (types: org.springframework.web.servlet.DispatcherServlet; SearchStrategy: all) did not find any beans (OnBeanCondition)

   MockMvcAutoConfiguration#dispatcherServletPath matched:
      - @ConditionalOnMissingBean (types: org.springframework.boot.autoconfigure.web.servlet.DispatcherServletPath; SearchStrategy: all) did not find any beans (OnBeanCondition)

   MockMvcAutoConfiguration#mockMvc matched:
      - @ConditionalOnMissingBean (types: org.springframework.test.web.servlet.MockMvc; SearchStrategy: all) did not find any beans (OnBeanCondition)

   MockMvcAutoConfiguration#mockMvcBuilder matched:
      - @ConditionalOnMissingBean (types: org.springframework.test.web.servlet.MockMvcBuilder; SearchStrategy: all) did not find any beans (OnBeanCondition)

   MockMvcSecurityConfiguration matched:
      - @ConditionalOnClass found required class 'org.springframework.security.test.web.servlet.request.SecurityMockMvcRequestPostProcessors' (OnClassCondition)

   NoOpCacheConfiguration matched:
      - Cache org.springframework.boot.autoconfigure.cache.NoOpCacheConfiguration NONE cache type (CacheCondition)

   SecurityAutoConfiguration matched:
      - @ConditionalOnClass found required class 'org.springframework.security.authentication.DefaultAuthenticationEventPublisher' (OnClassCondition)

   SecurityAutoConfiguration#authenticationEventPublisher matched:
      - @ConditionalOnMissingBean (types: org.springframework.security.authentication.AuthenticationEventPublisher; SearchStrategy: all) did not find any beans (OnBeanCondition)

   SpringBootWebSecurityConfiguration matched:
      - found 'session' scope (OnWebApplicationCondition)

   SpringDataWebAutoConfiguration matched:
      - @ConditionalOnClass found required classes 'org.springframework.data.web.PageableHandlerMethodArgumentResolver', 'org.springframework.web.servlet.config.annotation.WebMvcConfigurer' (OnClassCondition)
      - found 'session' scope (OnWebApplicationCondition)
      - @ConditionalOnMissingBean (types: org.springframework.data.web.PageableHandlerMethodArgumentResolver; SearchStrategy: all) did not find any beans (OnBeanCondition)

   SpringDataWebAutoConfiguration#pageableCustomizer matched:
      - @ConditionalOnMissingBean (types: org.springframework.data.web.config.PageableHandlerMethodArgumentResolverCustomizer; SearchStrategy: all) did not find any beans (OnBeanCondition)

   SpringDataWebAutoConfiguration#sortCustomizer matched:
      - @ConditionalOnMissingBean (types: org.springframework.data.web.config.SortHandlerMethodArgumentResolverCustomizer; SearchStrategy: all) did not find any beans (OnBeanCondition)

   TaskExecutionAutoConfiguration matched:
      - @ConditionalOnClass found required class 'org.springframework.scheduling.concurrent.ThreadPoolTaskExecutor' (OnClassCondition)

   TaskExecutorConfigurations.SimpleAsyncTaskExecutorBuilderConfiguration#simpleAsyncTaskExecutorBuilder matched:
      - @ConditionalOnMissingBean (types: org.springframework.boot.task.SimpleAsyncTaskExecutorBuilder; SearchStrategy: all) did not find any beans (OnBeanCondition)
      - @ConditionalOnThreading found PLATFORM (OnThreadingCondition)

   TaskExecutorConfigurations.TaskExecutorBuilderConfiguration#taskExecutorBuilder matched:
      - @ConditionalOnMissingBean (types: org.springframework.boot.task.TaskExecutorBuilder; SearchStrategy: all) did not find any beans (OnBeanCondition)

   TaskExecutorConfigurations.TaskExecutorConfiguration matched:
      - @ConditionalOnMissingBean (types: java.util.concurrent.Executor; SearchStrategy: all) did not find any beans (OnBeanCondition)

   TaskExecutorConfigurations.TaskExecutorConfiguration#applicationTaskExecutor matched:
      - @ConditionalOnThreading found PLATFORM (OnThreadingCondition)

   TaskExecutorConfigurations.ThreadPoolTaskExecutorBuilderConfiguration#threadPoolTaskExecutorBuilder matched:
      - @ConditionalOnMissingBean (types: org.springframework.boot.task.TaskExecutorBuilder,org.springframework.boot.task.ThreadPoolTaskExecutorBuilder; SearchStrategy: all) did not find any beans (OnBeanCondition)

   ValidationAutoConfiguration matched:
      - @ConditionalOnClass found required class 'jakarta.validation.executable.ExecutableValidator' (OnClassCondition)
      - @ConditionalOnResource found location classpath:META-INF/services/jakarta.validation.spi.ValidationProvider (OnResourceCondition)

   ValidationAutoConfiguration#defaultValidator matched:
      - @ConditionalOnMissingBean (types: jakarta.validation.Validator; SearchStrategy: all) did not find any beans (OnBeanCondition)

   ValidationAutoConfiguration#methodValidationPostProcessor matched:
      - @ConditionalOnMissingBean (types: org.springframework.validation.beanvalidation.MethodValidationPostProcessor; SearchStrategy: current) did not find any beans (OnBeanCondition)

   WebMvcAutoConfiguration matched:
      - @ConditionalOnClass found required classes 'jakarta.servlet.Servlet', 'org.springframework.web.servlet.DispatcherServlet', 'org.springframework.web.servlet.config.annotation.WebMvcConfigurer' (OnClassCondition)
      - found 'session' scope (OnWebApplicationCondition)
      - @ConditionalOnMissingBean (types: org.springframework.web.servlet.config.annotation.WebMvcConfigurationSupport; SearchStrategy: all) did not find any beans (OnBeanCondition)

   WebMvcAutoConfiguration#formContentFilter matched:
      - @ConditionalOnProperty (spring.mvc.formcontent.filter.enabled) matched (OnPropertyCondition)
      - @ConditionalOnMissingBean (types: org.springframework.web.filter.FormContentFilter; SearchStrategy: all) did not find any beans (OnBeanCondition)

   WebMvcAutoConfiguration.EnableWebMvcConfiguration#flashMapManager matched:
      - @ConditionalOnMissingBean (names: flashMapManager; SearchStrategy: all) did not find any beans (OnBeanCondition)

   WebMvcAutoConfiguration.EnableWebMvcConfiguration#localeResolver matched:
      - @ConditionalOnMissingBean (names: localeResolver; SearchStrategy: all) did not find any beans (OnBeanCondition)

   WebMvcAutoConfiguration.EnableWebMvcConfiguration#themeResolver matched:
      - @ConditionalOnMissingBean (names: themeResolver; SearchStrategy: all) did not find any beans (OnBeanCondition)

   WebMvcAutoConfiguration.ResourceChainCustomizerConfiguration matched:
      - @ConditionalOnEnabledResourceChain found class org.webjars.WebJarAssetLocator (OnEnabledResourceChainCondition)

   WebMvcAutoConfiguration.WebMvcAutoConfigurationAdapter#defaultViewResolver matched:
      - @ConditionalOnMissingBean (types: org.springframework.web.servlet.view.InternalResourceViewResolver; SearchStrategy: all) did not find any beans (OnBeanCondition)

   WebMvcAutoConfiguration.WebMvcAutoConfigurationAdapter#requestContextFilter matched:
      - @ConditionalOnMissingBean (types: org.springframework.web.context.request.RequestContextListener,org.springframework.web.filter.RequestContextFilter; SearchStrategy: all) did not find any beans (OnBeanCondition)

   WebMvcAutoConfiguration.WebMvcAutoConfigurationAdapter#viewResolver matched:
      - @ConditionalOnBean (types: org.springframework.web.servlet.ViewResolver; SearchStrategy: all) found beans 'defaultViewResolver', 'beanNameViewResolver', 'mvcViewResolver'; @ConditionalOnMissingBean (names: viewResolver types: org.springframework.web.servlet.view.ContentNegotiatingViewResolver; SearchStrategy: all) did not find any beans (OnBeanCondition)


Negative matches:
-----------------

   Cache2kCacheConfiguration:
      Did not match:
         - @ConditionalOnClass did not find required class 'org.cache2k.Cache2kBuilder' (OnClassCondition)

   CacheAutoConfiguration:
      Did not match:
         - @ConditionalOnBean (types: org.springframework.cache.interceptor.CacheAspectSupport; SearchStrategy: all) did not find any beans of type org.springframework.cache.interceptor.CacheAspectSupport (OnBeanCondition)
      Matched:
         - @ConditionalOnClass found required class 'org.springframework.cache.CacheManager' (OnClassCondition)

   CacheAutoConfiguration.CacheManagerEntityManagerFactoryDependsOnPostProcessor:
      Did not match:
         - Ancestor org.springframework.boot.autoconfigure.cache.CacheAutoConfiguration did not match (ConditionEvaluationReport.AncestorsMatchedCondition)
      Matched:
         - @ConditionalOnClass found required class 'org.springframework.orm.jpa.LocalContainerEntityManagerFactoryBean' (OnClassCondition)

   CaffeineCacheConfiguration:
      Did not match:
         - @ConditionalOnClass did not find required class 'com.github.benmanes.caffeine.cache.Caffeine' (OnClassCondition)

   CouchbaseCacheConfiguration:
      Did not match:
         - @ConditionalOnClass did not find required class 'com.couchbase.client.java.Cluster' (OnClassCondition)

   ErrorMvcAutoConfiguration.DefaultErrorViewResolverConfiguration#conventionErrorViewResolver:
      Did not match:
         - @ConditionalOnBean (types: org.springframework.web.servlet.DispatcherServlet; SearchStrategy: all) did not find any beans of type org.springframework.web.servlet.DispatcherServlet (OnBeanCondition)

   FreeMarkerAutoConfiguration:
      Did not match:
         - @ConditionalOnClass did not find required class 'freemarker.template.Configuration' (OnClassCondition)

   GenericCacheConfiguration:
      Did not match:
         - Cache org.springframework.boot.autoconfigure.cache.GenericCacheConfiguration unknown cache type (CacheCondition)

   GroovyTemplateAutoConfiguration:
      Did not match:
         - @ConditionalOnClass did not find required class 'groovy.text.markup.MarkupTemplateEngine' (OnClassCondition)

   GsonAutoConfiguration:
      Did not match:
         - @ConditionalOnClass did not find required class 'com.google.gson.Gson' (OnClassCondition)

   GsonHttpMessageConvertersConfiguration:
      Did not match:
         - @ConditionalOnClass did not find required class 'com.google.gson.Gson' (OnClassCondition)

   HazelcastCacheConfiguration:
      Did not match:
         - @ConditionalOnClass did not find required class 'com.hazelcast.core.HazelcastInstance' (OnClassCondition)

   InfinispanCacheConfiguration:
      Did not match:
         - @ConditionalOnClass did not find required class 'org.infinispan.spring.embedded.provider.SpringEmbeddedCacheManager' (OnClassCondition)

   JCacheCacheConfiguration:
      Did not match:
         - @ConditionalOnClass did not find required class 'javax.cache.Caching' (OnClassCondition)

   JacksonHttpMessageConvertersConfiguration.MappingJackson2XmlHttpMessageConverterConfiguration:
      Did not match:
         - @ConditionalOnClass did not find required class 'com.fasterxml.jackson.dataformat.xml.XmlMapper' (OnClassCondition)

   JsonbAutoConfiguration:
      Did not match:
         - @ConditionalOnClass did not find required class 'jakarta.json.bind.Jsonb' (OnClassCondition)

   JsonbHttpMessageConvertersConfiguration:
      Did not match:
         - @ConditionalOnClass did not find required class 'jakarta.json.bind.Jsonb' (OnClassCondition)

   MessageSourceAutoConfiguration:
      Did not match:
         - ResourceBundle did not find bundle with basename messages (MessageSourceAutoConfiguration.ResourceBundleCondition)

   MockMvcAutoConfiguration.WebTestClientMockMvcConfiguration:
      Did not match:
         - @ConditionalOnClass did not find required class 'org.springframework.web.reactive.function.client.WebClient' (OnClassCondition)

   MockMvcSecurityConfiguration#securityMockMvcBuilderCustomizer:
      Did not match:
         - @ConditionalOnBean (names: springSecurityFilterChain; SearchStrategy: all) did not find any beans named springSecurityFilterChain (OnBeanCondition)

   MockMvcWebClientAutoConfiguration:
      Did not match:
         - @ConditionalOnClass did not find required class 'com.gargoylesoftware.htmlunit.WebClient' (OnClassCondition)

   MockMvcWebDriverAutoConfiguration:
      Did not match:
         - @ConditionalOnClass did not find required class 'org.openqa.selenium.htmlunit.HtmlUnitDriver' (OnClassCondition)

   MustacheAutoConfiguration:
      Did not match:
         - @ConditionalOnClass did not find required class 'com.samskivert.mustache.Mustache' (OnClassCondition)

   OAuth2ClientAutoConfiguration:
      Did not match:
         - @ConditionalOnClass did not find required class 'org.springframework.security.config.annotation.web.configuration.EnableWebSecurity' (OnClassCondition)

   OAuth2ResourceServerAutoConfiguration:
      Did not match:
         - @ConditionalOnClass did not find required class 'org.springframework.security.oauth2.server.resource.authentication.BearerTokenAuthenticationToken' (OnClassCondition)

   RedisCacheConfiguration:
      Did not match:
         - @ConditionalOnClass did not find required class 'org.springframework.data.redis.connection.RedisConnectionFactory' (OnClassCondition)

   SecurityDataConfiguration:
      Did not match:
         - @ConditionalOnClass did not find required class 'org.springframework.security.data.repository.query.SecurityEvaluationContextExtension' (OnClassCondition)

   SecurityFilterAutoConfiguration:
      Did not match:
         - @ConditionalOnClass did not find required class 'org.springframework.security.config.http.SessionCreationPolicy' (OnClassCondition)

   SimpleCacheConfiguration:
      Did not match:
         - Cache org.springframework.boot.autoconfigure.cache.SimpleCacheConfiguration unknown cache type (CacheCondition)

   SpringBootWebSecurityConfiguration.SecurityFilterChainConfiguration:
      Did not match:
         - AllNestedConditions 1 matched 1 did not; NestedCondition on DefaultWebSecurityCondition.Beans @ConditionalOnMissingBean (types: org.springframework.security.web.SecurityFilterChain; SearchStrategy: all) did not find any beans; NestedCondition on DefaultWebSecurityCondition.Classes @ConditionalOnClass did not find required class 'org.springframework.security.config.annotation.web.builders.HttpSecurity' (DefaultWebSecurityCondition)

   SpringBootWebSecurityConfiguration.WebSecurityEnablerConfiguration:
      Did not match:
         - @ConditionalOnClass did not find required class 'org.springframework.security.config.annotation.web.configuration.EnableWebSecurity' (OnClassCondition)

   TaskExecutorConfigurations.SimpleAsyncTaskExecutorBuilderConfiguration#simpleAsyncTaskExecutorBuilderVirtualThreads:
      Did not match:
         - @ConditionalOnMissingBean (types: org.springframework.boot.task.SimpleAsyncTaskExecutorBuilder; SearchStrategy: all) found beans of type 'org.springframework.boot.task.SimpleAsyncTaskExecutorBuilder' simpleAsyncTaskExecutorBuilder (OnBeanCondition)

   TaskExecutorConfigurations.TaskExecutorConfiguration#applicationTaskExecutorVirtualThreads:
      Did not match:
         - @ConditionalOnThreading did not find VIRTUAL (OnThreadingCondition)

   ThymeleafAutoConfiguration:
      Did not match:
         - @ConditionalOnClass did not find required class 'org.thymeleaf.spring6.SpringTemplateEngine' (OnClassCondition)

   UserDetailsServiceAutoConfiguration:
      Did not match:
         - @ConditionalOnBean did not find required type 'org.springframework.security.config.annotation.ObjectPostProcessor' (OnBeanCondition)

   WebMvcAutoConfiguration#hiddenHttpMethodFilter:
      Did not match:
         - @ConditionalOnProperty (spring.mvc.hiddenmethod.filter.enabled) did not find property 'enabled' (OnPropertyCondition)

   WebMvcAutoConfiguration.ProblemDetailsErrorHandlingConfiguration:
      Did not match:
         - @ConditionalOnProperty (spring.mvc.problemdetails.enabled=true) did not find property 'enabled' (OnPropertyCondition)

   WebMvcAutoConfiguration.WebMvcAutoConfigurationAdapter#beanNameViewResolver:
      Did not match:
         - @ConditionalOnMissingBean (types: org.springframework.web.servlet.view.BeanNameViewResolver; SearchStrategy: all) found beans of type 'org.springframework.web.servlet.view.BeanNameViewResolver' beanNameViewResolver (OnBeanCondition)

   WebTestClientAutoConfiguration:
      Did not match:
         - @ConditionalOnClass did not find required class 'org.springframework.web.reactive.function.client.WebClient' (OnClassCondition)


Exclusions:
-----------

    None


Unconditional classes:
----------------------

    None



2024-05-22 03:09:11 - Started ScoreControllerTest in 2.055 seconds (process running for 21.062)
2024-05-22 03:09:11 - Spring test ApplicationContext cache statistics: [DefaultContextCache@485c84d7 size = 4, maxSize = 32, parentContextCount = 0, hitCount = 130, missCount = 4, failureCount = 0]
2024-05-22 03:09:11 - Performing dependency injection for test class com.quizapplication.quiz.controller.ScoreControllerTest
2024-05-22 03:09:11 - Spring test ApplicationContext cache statistics: [DefaultContextCache@485c84d7 size = 4, maxSize = 32, parentContextCount = 0, hitCount = 131, missCount = 4, failureCount = 0]
2024-05-22 03:09:11 - Spring test ApplicationContext cache statistics: [DefaultContextCache@485c84d7 size = 4, maxSize = 32, parentContextCount = 0, hitCount = 132, missCount = 4, failureCount = 0]
2024-05-22 03:09:11 - Before test method: class [ScoreControllerTest], method [testSaveScore_InternalServerError], class annotated with @DirtiesContext [false] with mode [null], method annotated with @DirtiesContext [false] with mode [null]
2024-05-22 03:09:11 - Spring test ApplicationContext cache statistics: [DefaultContextCache@485c84d7 size = 4, maxSize = 32, parentContextCount = 0, hitCount = 133, missCount = 4, failureCount = 0]
2024-05-22 03:09:11 - Spring test ApplicationContext cache statistics: [DefaultContextCache@485c84d7 size = 4, maxSize = 32, parentContextCount = 0, hitCount = 134, missCount = 4, failureCount = 0]
2024-05-22 03:09:11 - Spring test ApplicationContext cache statistics: [DefaultContextCache@485c84d7 size = 4, maxSize = 32, parentContextCount = 0, hitCount = 135, missCount = 4, failureCount = 0]
2024-05-22 03:09:11 - POST "/api/scores", parameters={}
2024-05-22 03:09:11 - Mapped to com.quizapplication.quiz.controller.ScoreController#saveScore(Score)
2024-05-22 03:09:12 - Read "application/json;charset=UTF-8" to [Score(id=null, username=null, score=100, date=null)]
2024-05-22 03:09:12 - Using @ExceptionHandler com.quizapplication.quiz.exception.GlobalExceptionHandler#globalExceptionHandler(Exception, WebRequest)
2024-05-22 03:09:12 - Using 'text/plain', given [*/*] and supported [text/plain, */*, application/json, application/*+json]
2024-05-22 03:09:12 - Writing ["Validation failed for argument [0] in public org.springframework.http.ResponseEntity<com.quizapplica (truncated)..."]
2024-05-22 03:09:12 - Resolved [org.springframework.web.bind.MethodArgumentNotValidException: Validation failed for argument [0] in public org.springframework.http.ResponseEntity<com.quizapplication.quiz.entity.Score> com.quizapplication.quiz.controller.ScoreController.saveScore(com.quizapplication.quiz.entity.Score) with 2 errors: [Field error in object 'score' on field 'username': rejected value [null]; codes [NotBlank.score.username,NotBlank.username,NotBlank.java.lang.String,NotBlank]; arguments [org.springframework.context.support.DefaultMessageSourceResolvable: codes [score.username,username]; arguments []; default message [username]]; default message [Username cannot be blank]] [Field error in object 'score' on field 'date': rejected value [null]; codes [NotNull.score.date,NotNull.date,NotNull.java.time.LocalDateTime,NotNull]; arguments [org.springframework.context.support.DefaultMessageSourceResolvable: codes [score.date,date]; arguments []; default message [date]]; default message [Date cannot be null]] ]
2024-05-22 03:09:12 - Completed 500 INTERNAL_SERVER_ERROR
2024-05-22 03:09:12 - Spring test ApplicationContext cache statistics: [DefaultContextCache@485c84d7 size = 4, maxSize = 32, parentContextCount = 0, hitCount = 136, missCount = 4, failureCount = 0]
2024-05-22 03:09:12 - Spring test ApplicationContext cache statistics: [DefaultContextCache@485c84d7 size = 4, maxSize = 32, parentContextCount = 0, hitCount = 137, missCount = 4, failureCount = 0]
2024-05-22 03:09:12 - Spring test ApplicationContext cache statistics: [DefaultContextCache@485c84d7 size = 4, maxSize = 32, parentContextCount = 0, hitCount = 138, missCount = 4, failureCount = 0]
2024-05-22 03:09:12 - Spring test ApplicationContext cache statistics: [DefaultContextCache@485c84d7 size = 4, maxSize = 32, parentContextCount = 0, hitCount = 139, missCount = 4, failureCount = 0]
2024-05-22 03:09:12 - Spring test ApplicationContext cache statistics: [DefaultContextCache@485c84d7 size = 4, maxSize = 32, parentContextCount = 0, hitCount = 140, missCount = 4, failureCount = 0]
2024-05-22 03:09:12 - Spring test ApplicationContext cache statistics: [DefaultContextCache@485c84d7 size = 4, maxSize = 32, parentContextCount = 0, hitCount = 141, missCount = 4, failureCount = 0]
2024-05-22 03:09:12 - Spring test ApplicationContext cache statistics: [DefaultContextCache@485c84d7 size = 4, maxSize = 32, parentContextCount = 0, hitCount = 142, missCount = 4, failureCount = 0]
2024-05-22 03:09:12 - After test method: class [ScoreControllerTest], method [testSaveScore_InternalServerError], class annotated with @DirtiesContext [false] with mode [null], method annotated with @DirtiesContext [false] with mode [null]
]]></system-out>
  </testcase>
  <testcase name="testGetTopScores_Success" classname="com.quizapplication.quiz.controller.ScoreControllerTest" time="0.066">
    <failure message="[id=1]&#10;Expected: playerName&#10;     but none found&#10;" type="java.lang.AssertionError"><![CDATA[java.lang.AssertionError: 
[id=1]
Expected: playerName
     but none found

	at org.skyscreamer.jsonassert.JSONAssert.assertEquals(JSONAssert.java:417)
	at org.skyscreamer.jsonassert.JSONAssert.assertEquals(JSONAssert.java:394)
	at org.skyscreamer.jsonassert.JSONAssert.assertEquals(JSONAssert.java:336)
	at org.springframework.test.util.JsonExpectationsHelper.assertJsonEqual(JsonExpectationsHelper.java:61)
	at org.springframework.test.web.servlet.result.ContentResultMatchers.lambda$json$9(ContentResultMatchers.java:227)
	at org.springframework.test.web.servlet.MockMvc$1.andExpect(MockMvc.java:214)
	at com.quizapplication.quiz.controller.ScoreControllerTest.testGetTopScores_Success(ScoreControllerTest.java:54)
	at java.base/java.lang.reflect.Method.invoke(Method.java:580)
	at java.base/java.util.ArrayList.forEach(ArrayList.java:1597)
	at java.base/java.util.ArrayList.forEach(ArrayList.java:1597)
]]></failure>
    <system-out><![CDATA[2024-05-22 03:09:12 - Spring test ApplicationContext cache statistics: [DefaultContextCache@485c84d7 size = 4, maxSize = 32, parentContextCount = 0, hitCount = 143, missCount = 4, failureCount = 0]
2024-05-22 03:09:12 - Performing dependency injection for test class com.quizapplication.quiz.controller.ScoreControllerTest
2024-05-22 03:09:12 - Spring test ApplicationContext cache statistics: [DefaultContextCache@485c84d7 size = 4, maxSize = 32, parentContextCount = 0, hitCount = 144, missCount = 4, failureCount = 0]
2024-05-22 03:09:12 - Spring test ApplicationContext cache statistics: [DefaultContextCache@485c84d7 size = 4, maxSize = 32, parentContextCount = 0, hitCount = 145, missCount = 4, failureCount = 0]
2024-05-22 03:09:12 - Before test method: class [ScoreControllerTest], method [testGetTopScores_Success], class annotated with @DirtiesContext [false] with mode [null], method annotated with @DirtiesContext [false] with mode [null]
2024-05-22 03:09:12 - Spring test ApplicationContext cache statistics: [DefaultContextCache@485c84d7 size = 4, maxSize = 32, parentContextCount = 0, hitCount = 146, missCount = 4, failureCount = 0]
2024-05-22 03:09:12 - Spring test ApplicationContext cache statistics: [DefaultContextCache@485c84d7 size = 4, maxSize = 32, parentContextCount = 0, hitCount = 147, missCount = 4, failureCount = 0]
2024-05-22 03:09:12 - Spring test ApplicationContext cache statistics: [DefaultContextCache@485c84d7 size = 4, maxSize = 32, parentContextCount = 0, hitCount = 148, missCount = 4, failureCount = 0]
2024-05-22 03:09:12 - GET "/api/scores/top", parameters={}
2024-05-22 03:09:12 - Mapped to com.quizapplication.quiz.controller.ScoreController#getTopScores()
2024-05-22 03:09:12 - Using 'application/json', given [*/*] and supported [application/json, application/*+json]
2024-05-22 03:09:12 - Writing [[Score(id=1, username=null, score=100, date=null)]]
2024-05-22 03:09:12 - Completed 200 OK
2024-05-22 03:09:12 - Spring test ApplicationContext cache statistics: [DefaultContextCache@485c84d7 size = 4, maxSize = 32, parentContextCount = 0, hitCount = 149, missCount = 4, failureCount = 0]
2024-05-22 03:09:12 - Spring test ApplicationContext cache statistics: [DefaultContextCache@485c84d7 size = 4, maxSize = 32, parentContextCount = 0, hitCount = 150, missCount = 4, failureCount = 0]
2024-05-22 03:09:12 - Spring test ApplicationContext cache statistics: [DefaultContextCache@485c84d7 size = 4, maxSize = 32, parentContextCount = 0, hitCount = 151, missCount = 4, failureCount = 0]

MockHttpServletRequest:
      HTTP Method = GET
      Request URI = /api/scores/top
       Parameters = {}
          Headers = []
             Body = null
    Session Attrs = {}

Handler:
             Type = com.quizapplication.quiz.controller.ScoreController
           Method = com.quizapplication.quiz.controller.ScoreController#getTopScores()

Async:
    Async started = false
     Async result = null

Resolved Exception:
             Type = null

ModelAndView:
        View name = null
             View = null
            Model = null

FlashMap:
       Attributes = null

MockHttpServletResponse:
           Status = 200
    Error message = null
          Headers = [Content-Type:"application/json"]
     Content type = application/json
             Body = [{"id":1,"username":null,"score":100,"date":null}]
    Forwarded URL = null
   Redirected URL = null
          Cookies = []
2024-05-22 03:09:12 - Spring test ApplicationContext cache statistics: [DefaultContextCache@485c84d7 size = 4, maxSize = 32, parentContextCount = 0, hitCount = 152, missCount = 4, failureCount = 0]
2024-05-22 03:09:12 - Spring test ApplicationContext cache statistics: [DefaultContextCache@485c84d7 size = 4, maxSize = 32, parentContextCount = 0, hitCount = 153, missCount = 4, failureCount = 0]
2024-05-22 03:09:12 - Spring test ApplicationContext cache statistics: [DefaultContextCache@485c84d7 size = 4, maxSize = 32, parentContextCount = 0, hitCount = 154, missCount = 4, failureCount = 0]
2024-05-22 03:09:12 - Spring test ApplicationContext cache statistics: [DefaultContextCache@485c84d7 size = 4, maxSize = 32, parentContextCount = 0, hitCount = 155, missCount = 4, failureCount = 0]
2024-05-22 03:09:12 - After test method: class [ScoreControllerTest], method [testGetTopScores_Success], class annotated with @DirtiesContext [false] with mode [null], method annotated with @DirtiesContext [false] with mode [null]
]]></system-out>
  </testcase>
  <testcase name="testSaveScore_InvalidRequest" classname="com.quizapplication.quiz.controller.ScoreControllerTest" time="0.023">
    <failure message="Status expected:&lt;400&gt; but was:&lt;500&gt;" type="java.lang.AssertionError"><![CDATA[java.lang.AssertionError: Status expected:<400> but was:<500>
	at org.springframework.test.util.AssertionErrors.fail(AssertionErrors.java:59)
	at org.springframework.test.util.AssertionErrors.assertEquals(AssertionErrors.java:122)
	at org.springframework.test.web.servlet.result.StatusResultMatchers.lambda$matcher$9(StatusResultMatchers.java:637)
	at org.springframework.test.web.servlet.MockMvc$1.andExpect(MockMvc.java:214)
	at com.quizapplication.quiz.controller.ScoreControllerTest.testSaveScore_InvalidRequest(ScoreControllerTest.java:83)
	at java.base/java.lang.reflect.Method.invoke(Method.java:580)
	at java.base/java.util.ArrayList.forEach(ArrayList.java:1597)
	at java.base/java.util.ArrayList.forEach(ArrayList.java:1597)
]]></failure>
    <system-out><![CDATA[2024-05-22 03:09:12 - Spring test ApplicationContext cache statistics: [DefaultContextCache@485c84d7 size = 4, maxSize = 32, parentContextCount = 0, hitCount = 156, missCount = 4, failureCount = 0]
2024-05-22 03:09:12 - Performing dependency injection for test class com.quizapplication.quiz.controller.ScoreControllerTest
2024-05-22 03:09:12 - Spring test ApplicationContext cache statistics: [DefaultContextCache@485c84d7 size = 4, maxSize = 32, parentContextCount = 0, hitCount = 157, missCount = 4, failureCount = 0]
2024-05-22 03:09:12 - Spring test ApplicationContext cache statistics: [DefaultContextCache@485c84d7 size = 4, maxSize = 32, parentContextCount = 0, hitCount = 158, missCount = 4, failureCount = 0]
2024-05-22 03:09:12 - Before test method: class [ScoreControllerTest], method [testSaveScore_InvalidRequest], class annotated with @DirtiesContext [false] with mode [null], method annotated with @DirtiesContext [false] with mode [null]
2024-05-22 03:09:12 - Spring test ApplicationContext cache statistics: [DefaultContextCache@485c84d7 size = 4, maxSize = 32, parentContextCount = 0, hitCount = 159, missCount = 4, failureCount = 0]
2024-05-22 03:09:12 - Spring test ApplicationContext cache statistics: [DefaultContextCache@485c84d7 size = 4, maxSize = 32, parentContextCount = 0, hitCount = 160, missCount = 4, failureCount = 0]
2024-05-22 03:09:12 - Spring test ApplicationContext cache statistics: [DefaultContextCache@485c84d7 size = 4, maxSize = 32, parentContextCount = 0, hitCount = 161, missCount = 4, failureCount = 0]
2024-05-22 03:09:12 - POST "/api/scores", parameters={}
2024-05-22 03:09:12 - Mapped to com.quizapplication.quiz.controller.ScoreController#saveScore(Score)
2024-05-22 03:09:12 - Read "application/json;charset=UTF-8" to [Score(id=null, username=null, score=100, date=null)]
2024-05-22 03:09:12 - Using @ExceptionHandler com.quizapplication.quiz.exception.GlobalExceptionHandler#globalExceptionHandler(Exception, WebRequest)
2024-05-22 03:09:12 - Using 'text/plain', given [*/*] and supported [text/plain, */*, application/json, application/*+json]
2024-05-22 03:09:12 - Writing ["Validation failed for argument [0] in public org.springframework.http.ResponseEntity<com.quizapplica (truncated)..."]
2024-05-22 03:09:12 - Resolved [org.springframework.web.bind.MethodArgumentNotValidException: Validation failed for argument [0] in public org.springframework.http.ResponseEntity<com.quizapplication.quiz.entity.Score> com.quizapplication.quiz.controller.ScoreController.saveScore(com.quizapplication.quiz.entity.Score) with 2 errors: [Field error in object 'score' on field 'username': rejected value [null]; codes [NotBlank.score.username,NotBlank.username,NotBlank.java.lang.String,NotBlank]; arguments [org.springframework.context.support.DefaultMessageSourceResolvable: codes [score.username,username]; arguments []; default message [username]]; default message [Username cannot be blank]] [Field error in object 'score' on field 'date': rejected value [null]; codes [NotNull.score.date,NotNull.date,NotNull.java.time.LocalDateTime,NotNull]; arguments [org.springframework.context.support.DefaultMessageSourceResolvable: codes [score.date,date]; arguments []; default message [date]]; default message [Date cannot be null]] ]
2024-05-22 03:09:12 - Completed 500 INTERNAL_SERVER_ERROR
2024-05-22 03:09:12 - Spring test ApplicationContext cache statistics: [DefaultContextCache@485c84d7 size = 4, maxSize = 32, parentContextCount = 0, hitCount = 162, missCount = 4, failureCount = 0]
2024-05-22 03:09:12 - Spring test ApplicationContext cache statistics: [DefaultContextCache@485c84d7 size = 4, maxSize = 32, parentContextCount = 0, hitCount = 163, missCount = 4, failureCount = 0]
2024-05-22 03:09:12 - Spring test ApplicationContext cache statistics: [DefaultContextCache@485c84d7 size = 4, maxSize = 32, parentContextCount = 0, hitCount = 164, missCount = 4, failureCount = 0]

MockHttpServletRequest:
      HTTP Method = POST
      Request URI = /api/scores
       Parameters = {}
          Headers = [Content-Type:"application/json;charset=UTF-8", Content-Length:"29"]
             Body = {"playerName":"","score":100}
    Session Attrs = {}

Handler:
             Type = com.quizapplication.quiz.controller.ScoreController
           Method = com.quizapplication.quiz.controller.ScoreController#saveScore(Score)

Async:
    Async started = false
     Async result = null

Resolved Exception:
             Type = org.springframework.web.bind.MethodArgumentNotValidException

ModelAndView:
        View name = null
             View = null
            Model = null

FlashMap:
       Attributes = null

MockHttpServletResponse:
           Status = 500
    Error message = null
          Headers = [Content-Type:"text/plain;charset=UTF-8", Content-Length:"934"]
     Content type = text/plain;charset=UTF-8
             Body = Validation failed for argument [0] in public org.springframework.http.ResponseEntity<com.quizapplication.quiz.entity.Score> com.quizapplication.quiz.controller.ScoreController.saveScore(com.quizapplication.quiz.entity.Score) with 2 errors: [Field error in object 'score' on field 'username': rejected value [null]; codes [NotBlank.score.username,NotBlank.username,NotBlank.java.lang.String,NotBlank]; arguments [org.springframework.context.support.DefaultMessageSourceResolvable: codes [score.username,username]; arguments []; default message [username]]; default message [Username cannot be blank]] [Field error in object 'score' on field 'date': rejected value [null]; codes [NotNull.score.date,NotNull.date,NotNull.java.time.LocalDateTime,NotNull]; arguments [org.springframework.context.support.DefaultMessageSourceResolvable: codes [score.date,date]; arguments []; default message [date]]; default message [Date cannot be null]] 
    Forwarded URL = null
   Redirected URL = null
          Cookies = []
2024-05-22 03:09:12 - Spring test ApplicationContext cache statistics: [DefaultContextCache@485c84d7 size = 4, maxSize = 32, parentContextCount = 0, hitCount = 165, missCount = 4, failureCount = 0]
2024-05-22 03:09:12 - Spring test ApplicationContext cache statistics: [DefaultContextCache@485c84d7 size = 4, maxSize = 32, parentContextCount = 0, hitCount = 166, missCount = 4, failureCount = 0]
2024-05-22 03:09:12 - Spring test ApplicationContext cache statistics: [DefaultContextCache@485c84d7 size = 4, maxSize = 32, parentContextCount = 0, hitCount = 167, missCount = 4, failureCount = 0]
2024-05-22 03:09:12 - Spring test ApplicationContext cache statistics: [DefaultContextCache@485c84d7 size = 4, maxSize = 32, parentContextCount = 0, hitCount = 168, missCount = 4, failureCount = 0]
2024-05-22 03:09:12 - After test method: class [ScoreControllerTest], method [testSaveScore_InvalidRequest], class annotated with @DirtiesContext [false] with mode [null], method annotated with @DirtiesContext [false] with mode [null]
]]></system-out>
  </testcase>
  <testcase name="testSaveScore_Success" classname="com.quizapplication.quiz.controller.ScoreControllerTest" time="0.017">
    <failure message="Status expected:&lt;201&gt; but was:&lt;500&gt;" type="java.lang.AssertionError"><![CDATA[java.lang.AssertionError: Status expected:<201> but was:<500>
	at org.springframework.test.util.AssertionErrors.fail(AssertionErrors.java:59)
	at org.springframework.test.util.AssertionErrors.assertEquals(AssertionErrors.java:122)
	at org.springframework.test.web.servlet.result.StatusResultMatchers.lambda$matcher$9(StatusResultMatchers.java:637)
	at org.springframework.test.web.servlet.MockMvc$1.andExpect(MockMvc.java:214)
	at com.quizapplication.quiz.controller.ScoreControllerTest.testSaveScore_Success(ScoreControllerTest.java:72)
	at java.base/java.lang.reflect.Method.invoke(Method.java:580)
	at java.base/java.util.ArrayList.forEach(ArrayList.java:1597)
	at java.base/java.util.ArrayList.forEach(ArrayList.java:1597)
]]></failure>
    <system-out><![CDATA[2024-05-22 03:09:12 - Spring test ApplicationContext cache statistics: [DefaultContextCache@485c84d7 size = 4, maxSize = 32, parentContextCount = 0, hitCount = 169, missCount = 4, failureCount = 0]
2024-05-22 03:09:12 - Performing dependency injection for test class com.quizapplication.quiz.controller.ScoreControllerTest
2024-05-22 03:09:12 - Spring test ApplicationContext cache statistics: [DefaultContextCache@485c84d7 size = 4, maxSize = 32, parentContextCount = 0, hitCount = 170, missCount = 4, failureCount = 0]
2024-05-22 03:09:12 - Spring test ApplicationContext cache statistics: [DefaultContextCache@485c84d7 size = 4, maxSize = 32, parentContextCount = 0, hitCount = 171, missCount = 4, failureCount = 0]
2024-05-22 03:09:12 - Before test method: class [ScoreControllerTest], method [testSaveScore_Success], class annotated with @DirtiesContext [false] with mode [null], method annotated with @DirtiesContext [false] with mode [null]
2024-05-22 03:09:12 - Spring test ApplicationContext cache statistics: [DefaultContextCache@485c84d7 size = 4, maxSize = 32, parentContextCount = 0, hitCount = 172, missCount = 4, failureCount = 0]
2024-05-22 03:09:12 - Spring test ApplicationContext cache statistics: [DefaultContextCache@485c84d7 size = 4, maxSize = 32, parentContextCount = 0, hitCount = 173, missCount = 4, failureCount = 0]
2024-05-22 03:09:12 - Spring test ApplicationContext cache statistics: [DefaultContextCache@485c84d7 size = 4, maxSize = 32, parentContextCount = 0, hitCount = 174, missCount = 4, failureCount = 0]
2024-05-22 03:09:12 - POST "/api/scores", parameters={}
2024-05-22 03:09:12 - Mapped to com.quizapplication.quiz.controller.ScoreController#saveScore(Score)
2024-05-22 03:09:12 - Read "application/json;charset=UTF-8" to [Score(id=null, username=null, score=100, date=null)]
2024-05-22 03:09:12 - Using @ExceptionHandler com.quizapplication.quiz.exception.GlobalExceptionHandler#globalExceptionHandler(Exception, WebRequest)
2024-05-22 03:09:12 - Using 'text/plain', given [*/*] and supported [text/plain, */*, application/json, application/*+json]
2024-05-22 03:09:12 - Writing ["Validation failed for argument [0] in public org.springframework.http.ResponseEntity<com.quizapplica (truncated)..."]
2024-05-22 03:09:12 - Resolved [org.springframework.web.bind.MethodArgumentNotValidException: Validation failed for argument [0] in public org.springframework.http.ResponseEntity<com.quizapplication.quiz.entity.Score> com.quizapplication.quiz.controller.ScoreController.saveScore(com.quizapplication.quiz.entity.Score) with 2 errors: [Field error in object 'score' on field 'username': rejected value [null]; codes [NotBlank.score.username,NotBlank.username,NotBlank.java.lang.String,NotBlank]; arguments [org.springframework.context.support.DefaultMessageSourceResolvable: codes [score.username,username]; arguments []; default message [username]]; default message [Username cannot be blank]] [Field error in object 'score' on field 'date': rejected value [null]; codes [NotNull.score.date,NotNull.date,NotNull.java.time.LocalDateTime,NotNull]; arguments [org.springframework.context.support.DefaultMessageSourceResolvable: codes [score.date,date]; arguments []; default message [date]]; default message [Date cannot be null]] ]
2024-05-22 03:09:12 - Completed 500 INTERNAL_SERVER_ERROR
2024-05-22 03:09:12 - Spring test ApplicationContext cache statistics: [DefaultContextCache@485c84d7 size = 4, maxSize = 32, parentContextCount = 0, hitCount = 175, missCount = 4, failureCount = 0]
2024-05-22 03:09:12 - Spring test ApplicationContext cache statistics: [DefaultContextCache@485c84d7 size = 4, maxSize = 32, parentContextCount = 0, hitCount = 176, missCount = 4, failureCount = 0]
2024-05-22 03:09:12 - Spring test ApplicationContext cache statistics: [DefaultContextCache@485c84d7 size = 4, maxSize = 32, parentContextCount = 0, hitCount = 177, missCount = 4, failureCount = 0]

MockHttpServletRequest:
      HTTP Method = POST
      Request URI = /api/scores
       Parameters = {}
          Headers = [Content-Type:"application/json;charset=UTF-8", Content-Length:"37"]
             Body = {"playerName":"John Doe","score":100}
    Session Attrs = {}

Handler:
             Type = com.quizapplication.quiz.controller.ScoreController
           Method = com.quizapplication.quiz.controller.ScoreController#saveScore(Score)

Async:
    Async started = false
     Async result = null

Resolved Exception:
             Type = org.springframework.web.bind.MethodArgumentNotValidException

ModelAndView:
        View name = null
             View = null
            Model = null

FlashMap:
       Attributes = null

MockHttpServletResponse:
           Status = 500
    Error message = null
          Headers = [Content-Type:"text/plain;charset=UTF-8", Content-Length:"934"]
     Content type = text/plain;charset=UTF-8
             Body = Validation failed for argument [0] in public org.springframework.http.ResponseEntity<com.quizapplication.quiz.entity.Score> com.quizapplication.quiz.controller.ScoreController.saveScore(com.quizapplication.quiz.entity.Score) with 2 errors: [Field error in object 'score' on field 'username': rejected value [null]; codes [NotBlank.score.username,NotBlank.username,NotBlank.java.lang.String,NotBlank]; arguments [org.springframework.context.support.DefaultMessageSourceResolvable: codes [score.username,username]; arguments []; default message [username]]; default message [Username cannot be blank]] [Field error in object 'score' on field 'date': rejected value [null]; codes [NotNull.score.date,NotNull.date,NotNull.java.time.LocalDateTime,NotNull]; arguments [org.springframework.context.support.DefaultMessageSourceResolvable: codes [score.date,date]; arguments []; default message [date]]; default message [Date cannot be null]] 
    Forwarded URL = null
   Redirected URL = null
          Cookies = []
2024-05-22 03:09:12 - Spring test ApplicationContext cache statistics: [DefaultContextCache@485c84d7 size = 4, maxSize = 32, parentContextCount = 0, hitCount = 178, missCount = 4, failureCount = 0]
2024-05-22 03:09:12 - Spring test ApplicationContext cache statistics: [DefaultContextCache@485c84d7 size = 4, maxSize = 32, parentContextCount = 0, hitCount = 179, missCount = 4, failureCount = 0]
2024-05-22 03:09:12 - Spring test ApplicationContext cache statistics: [DefaultContextCache@485c84d7 size = 4, maxSize = 32, parentContextCount = 0, hitCount = 180, missCount = 4, failureCount = 0]
2024-05-22 03:09:12 - Spring test ApplicationContext cache statistics: [DefaultContextCache@485c84d7 size = 4, maxSize = 32, parentContextCount = 0, hitCount = 181, missCount = 4, failureCount = 0]
2024-05-22 03:09:12 - After test method: class [ScoreControllerTest], method [testSaveScore_Success], class annotated with @DirtiesContext [false] with mode [null], method annotated with @DirtiesContext [false] with mode [null]
]]></system-out>
  </testcase>
  <testcase name="testGetTopScores_InternalServerError" classname="com.quizapplication.quiz.controller.ScoreControllerTest" time="0.013">
    <system-out><![CDATA[2024-05-22 03:09:12 - Spring test ApplicationContext cache statistics: [DefaultContextCache@485c84d7 size = 4, maxSize = 32, parentContextCount = 0, hitCount = 182, missCount = 4, failureCount = 0]
2024-05-22 03:09:12 - Performing dependency injection for test class com.quizapplication.quiz.controller.ScoreControllerTest
2024-05-22 03:09:12 - Spring test ApplicationContext cache statistics: [DefaultContextCache@485c84d7 size = 4, maxSize = 32, parentContextCount = 0, hitCount = 183, missCount = 4, failureCount = 0]
2024-05-22 03:09:12 - Spring test ApplicationContext cache statistics: [DefaultContextCache@485c84d7 size = 4, maxSize = 32, parentContextCount = 0, hitCount = 184, missCount = 4, failureCount = 0]
2024-05-22 03:09:12 - Before test method: class [ScoreControllerTest], method [testGetTopScores_InternalServerError], class annotated with @DirtiesContext [false] with mode [null], method annotated with @DirtiesContext [false] with mode [null]
2024-05-22 03:09:12 - Spring test ApplicationContext cache statistics: [DefaultContextCache@485c84d7 size = 4, maxSize = 32, parentContextCount = 0, hitCount = 185, missCount = 4, failureCount = 0]
2024-05-22 03:09:12 - Spring test ApplicationContext cache statistics: [DefaultContextCache@485c84d7 size = 4, maxSize = 32, parentContextCount = 0, hitCount = 186, missCount = 4, failureCount = 0]
2024-05-22 03:09:12 - Spring test ApplicationContext cache statistics: [DefaultContextCache@485c84d7 size = 4, maxSize = 32, parentContextCount = 0, hitCount = 187, missCount = 4, failureCount = 0]
2024-05-22 03:09:12 - GET "/api/scores/top", parameters={}
2024-05-22 03:09:12 - Mapped to com.quizapplication.quiz.controller.ScoreController#getTopScores()
2024-05-22 03:09:12 - Using @ExceptionHandler com.quizapplication.quiz.exception.GlobalExceptionHandler#globalExceptionHandler(Exception, WebRequest)
2024-05-22 03:09:12 - Using 'text/plain', given [*/*] and supported [text/plain, */*, application/json, application/*+json]
2024-05-22 03:09:12 - Writing ["Internal server error"]
2024-05-22 03:09:12 - Resolved [java.lang.RuntimeException: Internal server error]
2024-05-22 03:09:12 - Completed 500 INTERNAL_SERVER_ERROR
2024-05-22 03:09:12 - Spring test ApplicationContext cache statistics: [DefaultContextCache@485c84d7 size = 4, maxSize = 32, parentContextCount = 0, hitCount = 188, missCount = 4, failureCount = 0]
2024-05-22 03:09:12 - Spring test ApplicationContext cache statistics: [DefaultContextCache@485c84d7 size = 4, maxSize = 32, parentContextCount = 0, hitCount = 189, missCount = 4, failureCount = 0]
2024-05-22 03:09:12 - Spring test ApplicationContext cache statistics: [DefaultContextCache@485c84d7 size = 4, maxSize = 32, parentContextCount = 0, hitCount = 190, missCount = 4, failureCount = 0]
2024-05-22 03:09:12 - Spring test ApplicationContext cache statistics: [DefaultContextCache@485c84d7 size = 4, maxSize = 32, parentContextCount = 0, hitCount = 191, missCount = 4, failureCount = 0]
2024-05-22 03:09:12 - Spring test ApplicationContext cache statistics: [DefaultContextCache@485c84d7 size = 4, maxSize = 32, parentContextCount = 0, hitCount = 192, missCount = 4, failureCount = 0]
2024-05-22 03:09:12 - Spring test ApplicationContext cache statistics: [DefaultContextCache@485c84d7 size = 4, maxSize = 32, parentContextCount = 0, hitCount = 193, missCount = 4, failureCount = 0]
2024-05-22 03:09:12 - Spring test ApplicationContext cache statistics: [DefaultContextCache@485c84d7 size = 4, maxSize = 32, parentContextCount = 0, hitCount = 194, missCount = 4, failureCount = 0]
2024-05-22 03:09:12 - After test method: class [ScoreControllerTest], method [testGetTopScores_InternalServerError], class annotated with @DirtiesContext [false] with mode [null], method annotated with @DirtiesContext [false] with mode [null]
]]></system-out>
  </testcase>
</testsuite>